[ 2016-09-16T18:52:53+08:00 ] 127.0.0.1 /Admin/Public/login.html
INFO: [ app_init ] --START--
INFO: Run Behavior\BuildLiteBehavior [ RunTime:0.000019s ]
INFO: [ app_init ] --END-- [ RunTime:0.000547s ]
INFO: [ app_begin ] --START--
INFO: Run Behavior\ReadHtmlCacheBehavior [ RunTime:0.000791s ]
INFO: [ app_begin ] --END-- [ RunTime:0.000859s ]
INFO: [ view_parse ] --START--
INFO: [ template_filter ] --START--
INFO: Run Behavior\ContentReplaceBehavior [ RunTime:0.008552s ]
INFO: [ template_filter ] --END-- [ RunTime:0.008640s ]
INFO: Run Behavior\ParseTemplateBehavior [ RunTime:0.019775s ]
INFO: [ view_parse ] --END-- [ RunTime:0.019846s ]
INFO: [ view_filter ] --START--
INFO: Run Behavior\WriteHtmlCacheBehavior [ RunTime:0.000842s ]
INFO: [ view_filter ] --END-- [ RunTime:0.000897s ]
INFO: [ app_end ] --START--
INFO: Run Behavior\ShowPageTraceBehavior [ RunTime:0.001315s ]
INFO: [ app_end ] --END-- [ RunTime:0.001374s ]

[ 2016-09-16T18:53:06+08:00 ] 127.0.0.1 /Admin/menu/add.html
INFO: [ app_init ] --START--
INFO: Run Behavior\BuildLiteBehavior [ RunTime:0.000022s ]
INFO: [ app_init ] --END-- [ RunTime:0.000683s ]
INFO: [ app_begin ] --START--
INFO: Run Behavior\ReadHtmlCacheBehavior [ RunTime:0.001349s ]
INFO: [ app_begin ] --END-- [ RunTime:0.001435s ]
INFO: [ view_parse ] --START--
INFO: [ template_filter ] --START--
INFO: Run Behavior\ContentReplaceBehavior [ RunTime:0.000191s ]
INFO: [ template_filter ] --END-- [ RunTime:0.000292s ]
INFO: Run Behavior\ParseTemplateBehavior [ RunTime:0.141758s ]
INFO: [ view_parse ] --END-- [ RunTime:0.141859s ]
INFO: [ view_filter ] --START--
INFO: Run Behavior\WriteHtmlCacheBehavior [ RunTime:0.000884s ]
INFO: [ view_filter ] --END-- [ RunTime:0.000960s ]
INFO: [ app_end ] --START--
INFO: Run Behavior\ShowPageTraceBehavior [ RunTime:0.001602s ]
INFO: [ app_end ] --END-- [ RunTime:0.001714s ]

[ 2016-09-16T18:55:49+08:00 ] 127.0.0.1 /Admin/menu/add.html
INFO: [ app_init ] --START--
INFO: Run Behavior\BuildLiteBehavior [ RunTime:0.000019s ]
INFO: [ app_init ] --END-- [ RunTime:0.000664s ]
INFO: [ app_begin ] --START--
INFO: Run Behavior\ReadHtmlCacheBehavior [ RunTime:0.001102s ]
INFO: [ app_begin ] --END-- [ RunTime:0.001175s ]
INFO: [ view_parse ] --START--
INFO: [ template_filter ] --START--
INFO: Run Behavior\ContentReplaceBehavior [ RunTime:0.000136s ]
INFO: [ template_filter ] --END-- [ RunTime:0.000206s ]
INFO: Run Behavior\ParseTemplateBehavior [ RunTime:0.018241s ]
INFO: [ view_parse ] --END-- [ RunTime:0.018311s ]
INFO: [ view_filter ] --START--
INFO: Run Behavior\WriteHtmlCacheBehavior [ RunTime:0.000598s ]
INFO: [ view_filter ] --END-- [ RunTime:0.000649s ]
INFO: [ app_end ] --START--
INFO: Run Behavior\ShowPageTraceBehavior [ RunTime:0.001063s ]
INFO: [ app_end ] --END-- [ RunTime:0.001126s ]

[ 2016-09-16T18:55:51+08:00 ] 127.0.0.1 /Admin/menu/add.html
INFO: [ app_init ] --START--
INFO: Run Behavior\BuildLiteBehavior [ RunTime:0.000019s ]
INFO: [ app_init ] --END-- [ RunTime:0.000645s ]
INFO: [ app_begin ] --START--
INFO: Run Behavior\ReadHtmlCacheBehavior [ RunTime:0.001016s ]
INFO: [ app_begin ] --END-- [ RunTime:0.001077s ]
INFO: [ view_parse ] --START--
INFO: [ template_filter ] --START--
INFO: Run Behavior\ContentReplaceBehavior [ RunTime:0.000101s ]
INFO: [ template_filter ] --END-- [ RunTime:0.000159s ]
INFO: Run Behavior\ParseTemplateBehavior [ RunTime:0.013899s ]
INFO: [ view_parse ] --END-- [ RunTime:0.013957s ]
INFO: [ view_filter ] --START--
INFO: Run Behavior\WriteHtmlCacheBehavior [ RunTime:0.000463s ]
INFO: [ view_filter ] --END-- [ RunTime:0.000503s ]
INFO: [ app_end ] --START--
INFO: Run Behavior\ShowPageTraceBehavior [ RunTime:0.000789s ]
INFO: [ app_end ] --END-- [ RunTime:0.000836s ]

[ 2016-09-16T18:57:41+08:00 ] 127.0.0.1 /Admin/menu/add.html
INFO: [ app_init ] --START--
INFO: Run Behavior\BuildLiteBehavior [ RunTime:0.000010s ]
INFO: [ app_init ] --END-- [ RunTime:0.000313s ]
INFO: [ app_begin ] --START--
INFO: Run Behavior\ReadHtmlCacheBehavior [ RunTime:0.000515s ]
INFO: [ app_begin ] --END-- [ RunTime:0.000549s ]
INFO: [ view_parse ] --START--
INFO: [ template_filter ] --START--
INFO: Run Behavior\ContentReplaceBehavior [ RunTime:0.000109s ]
INFO: [ template_filter ] --END-- [ RunTime:0.000169s ]
INFO: Run Behavior\ParseTemplateBehavior [ RunTime:0.009691s ]
INFO: [ view_parse ] --END-- [ RunTime:0.009743s ]
INFO: [ view_filter ] --START--
INFO: Run Behavior\WriteHtmlCacheBehavior [ RunTime:0.000424s ]
INFO: [ view_filter ] --END-- [ RunTime:0.000466s ]
INFO: [ app_end ] --START--
INFO: Run Behavior\ShowPageTraceBehavior [ RunTime:0.000925s ]
INFO: [ app_end ] --END-- [ RunTime:0.001006s ]

[ 2016-09-16T18:57:43+08:00 ] 127.0.0.1 /Admin/menu/add.html
INFO: [ app_init ] --START--
INFO: Run Behavior\BuildLiteBehavior [ RunTime:0.000009s ]
INFO: [ app_init ] --END-- [ RunTime:0.000304s ]
INFO: [ app_begin ] --START--
INFO: Run Behavior\ReadHtmlCacheBehavior [ RunTime:0.000501s ]
INFO: [ app_begin ] --END-- [ RunTime:0.000533s ]
INFO: [ view_parse ] --START--
INFO: [ template_filter ] --START--
INFO: Run Behavior\ContentReplaceBehavior [ RunTime:0.000057s ]
INFO: [ template_filter ] --END-- [ RunTime:0.000085s ]
INFO: Run Behavior\ParseTemplateBehavior [ RunTime:0.008073s ]
INFO: [ view_parse ] --END-- [ RunTime:0.008115s ]
INFO: [ view_filter ] --START--
INFO: Run Behavior\WriteHtmlCacheBehavior [ RunTime:0.000268s ]
INFO: [ view_filter ] --END-- [ RunTime:0.000293s ]
INFO: [ app_end ] --START--
INFO: Run Behavior\ShowPageTraceBehavior [ RunTime:0.000568s ]
INFO: [ app_end ] --END-- [ RunTime:0.000599s ]

[ 2016-09-16T18:57:43+08:00 ] 127.0.0.1 /Admin/menu/add.html
INFO: [ app_init ] --START--
INFO: Run Behavior\BuildLiteBehavior [ RunTime:0.000019s ]
INFO: [ app_init ] --END-- [ RunTime:0.000577s ]
INFO: [ app_begin ] --START--
INFO: Run Behavior\ReadHtmlCacheBehavior [ RunTime:0.000796s ]
INFO: [ app_begin ] --END-- [ RunTime:0.000864s ]
INFO: [ view_parse ] --START--
INFO: [ template_filter ] --START--
INFO: Run Behavior\ContentReplaceBehavior [ RunTime:0.000068s ]
INFO: [ template_filter ] --END-- [ RunTime:0.000105s ]
INFO: Run Behavior\ParseTemplateBehavior [ RunTime:0.009260s ]
INFO: [ view_parse ] --END-- [ RunTime:0.009305s ]
INFO: [ view_filter ] --START--
INFO: Run Behavior\WriteHtmlCacheBehavior [ RunTime:0.000219s ]
INFO: [ view_filter ] --END-- [ RunTime:0.000255s ]
INFO: [ app_end ] --START--
INFO: Run Behavior\ShowPageTraceBehavior [ RunTime:0.000473s ]
INFO: [ app_end ] --END-- [ RunTime:0.000516s ]

[ 2016-09-16T18:59:27+08:00 ] 127.0.0.1 /Admin/menu/add.html
INFO: [ app_init ] --START--
INFO: Run Behavior\BuildLiteBehavior [ RunTime:0.000019s ]
INFO: [ app_init ] --END-- [ RunTime:0.000713s ]
INFO: [ app_begin ] --START--
INFO: Run Behavior\ReadHtmlCacheBehavior [ RunTime:0.001156s ]
INFO: [ app_begin ] --END-- [ RunTime:0.001229s ]
INFO: [ view_parse ] --START--
INFO: [ template_filter ] --START--
INFO: Run Behavior\ContentReplaceBehavior [ RunTime:0.000063s ]
INFO: [ template_filter ] --END-- [ RunTime:0.000100s ]
INFO: Run Behavior\ParseTemplateBehavior [ RunTime:0.008924s ]
INFO: [ view_parse ] --END-- [ RunTime:0.008959s ]
INFO: [ view_filter ] --START--
INFO: Run Behavior\WriteHtmlCacheBehavior [ RunTime:0.000292s ]
INFO: [ view_filter ] --END-- [ RunTime:0.000317s ]
INFO: [ app_end ] --START--
INFO: Run Behavior\ShowPageTraceBehavior [ RunTime:0.000517s ]
INFO: [ app_end ] --END-- [ RunTime:0.000548s ]

[ 2016-09-16T18:59:29+08:00 ] 127.0.0.1 /Admin/menu/add.html
INFO: [ app_init ] --START--
INFO: Run Behavior\BuildLiteBehavior [ RunTime:0.000021s ]
INFO: [ app_init ] --END-- [ RunTime:0.000516s ]
INFO: [ app_begin ] --START--
INFO: Run Behavior\ReadHtmlCacheBehavior [ RunTime:0.000742s ]
INFO: [ app_begin ] --END-- [ RunTime:0.000805s ]
INFO: [ view_parse ] --START--
INFO: [ template_filter ] --START--
INFO: Run Behavior\ContentReplaceBehavior [ RunTime:0.000116s ]
INFO: [ template_filter ] --END-- [ RunTime:0.000176s ]
INFO: Run Behavior\ParseTemplateBehavior [ RunTime:0.015286s ]
INFO: [ view_parse ] --END-- [ RunTime:0.015349s ]
INFO: [ view_filter ] --START--
INFO: Run Behavior\WriteHtmlCacheBehavior [ RunTime:0.000340s ]
INFO: [ view_filter ] --END-- [ RunTime:0.000390s ]
INFO: [ app_end ] --START--
INFO: Run Behavior\ShowPageTraceBehavior [ RunTime:0.000616s ]
INFO: [ app_end ] --END-- [ RunTime:0.000667s ]

[ 2016-09-16T19:04:51+08:00 ] 127.0.0.1 /Admin/menu/add.html
INFO: [ app_init ] --START--
INFO: Run Behavior\BuildLiteBehavior [ RunTime:0.000012s ]
INFO: [ app_init ] --END-- [ RunTime:0.000412s ]
INFO: [ app_begin ] --START--
INFO: Run Behavior\ReadHtmlCacheBehavior [ RunTime:0.000701s ]
INFO: [ app_begin ] --END-- [ RunTime:0.000746s ]
INFO: [ view_parse ] --START--
INFO: [ template_filter ] --START--
INFO: Run Behavior\ContentReplaceBehavior [ RunTime:0.000081s ]
INFO: [ template_filter ] --END-- [ RunTime:0.000123s ]
INFO: Run Behavior\ParseTemplateBehavior [ RunTime:0.011418s ]
INFO: [ view_parse ] --END-- [ RunTime:0.011461s ]
INFO: [ view_filter ] --START--
INFO: Run Behavior\WriteHtmlCacheBehavior [ RunTime:0.000393s ]
INFO: [ view_filter ] --END-- [ RunTime:0.000428s ]
INFO: [ app_end ] --START--
INFO: Run Behavior\ShowPageTraceBehavior [ RunTime:0.000679s ]
INFO: [ app_end ] --END-- [ RunTime:0.000720s ]

[ 2016-09-16T19:05:22+08:00 ] 127.0.0.1 /Admin/menu/add.html
INFO: [ app_init ] --START--
INFO: Run Behavior\BuildLiteBehavior [ RunTime:0.000018s ]
INFO: [ app_init ] --END-- [ RunTime:0.000590s ]
INFO: [ app_begin ] --START--
INFO: Run Behavior\ReadHtmlCacheBehavior [ RunTime:0.000976s ]
INFO: [ app_begin ] --END-- [ RunTime:0.001040s ]
INFO: [ view_parse ] --START--
INFO: [ template_filter ] --START--
INFO: Run Behavior\ContentReplaceBehavior [ RunTime:0.000061s ]
INFO: [ template_filter ] --END-- [ RunTime:0.000100s ]
INFO: Run Behavior\ParseTemplateBehavior [ RunTime:0.009445s ]
INFO: [ view_parse ] --END-- [ RunTime:0.009487s ]
INFO: [ view_filter ] --START--
INFO: Run Behavior\WriteHtmlCacheBehavior [ RunTime:0.000317s ]
INFO: [ view_filter ] --END-- [ RunTime:0.000341s ]
INFO: [ app_end ] --START--
INFO: Run Behavior\ShowPageTraceBehavior [ RunTime:0.000587s ]
INFO: [ app_end ] --END-- [ RunTime:0.000625s ]

[ 2016-09-16T19:06:16+08:00 ] 127.0.0.1 /Admin/menu/add.html
INFO: [ app_init ] --START--
INFO: Run Behavior\BuildLiteBehavior [ RunTime:0.000013s ]
INFO: [ app_init ] --END-- [ RunTime:0.000445s ]
INFO: [ app_begin ] --START--
INFO: Run Behavior\ReadHtmlCacheBehavior [ RunTime:0.000529s ]
INFO: [ app_begin ] --END-- [ RunTime:0.000562s ]
INFO: [ view_parse ] --START--
INFO: [ template_filter ] --START--
INFO: Run Behavior\ContentReplaceBehavior [ RunTime:0.000064s ]
INFO: [ template_filter ] --END-- [ RunTime:0.000099s ]
INFO: Run Behavior\ParseTemplateBehavior [ RunTime:0.008852s ]
INFO: [ view_parse ] --END-- [ RunTime:0.008883s ]
INFO: [ view_filter ] --START--
INFO: Run Behavior\WriteHtmlCacheBehavior [ RunTime:0.000288s ]
INFO: [ view_filter ] --END-- [ RunTime:0.000313s ]
INFO: [ app_end ] --START--
INFO: Run Behavior\ShowPageTraceBehavior [ RunTime:0.000508s ]
INFO: [ app_end ] --END-- [ RunTime:0.000540s ]

[ 2016-09-16T19:07:36+08:00 ] 127.0.0.1 /Admin/menu/add.html
INFO: [ app_init ] --START--
INFO: Run Behavior\BuildLiteBehavior [ RunTime:0.000011s ]
INFO: [ app_init ] --END-- [ RunTime:0.000330s ]
INFO: [ app_begin ] --START--
INFO: Run Behavior\ReadHtmlCacheBehavior [ RunTime:0.000606s ]
INFO: [ app_begin ] --END-- [ RunTime:0.000641s ]
INFO: [ view_parse ] --START--
INFO: [ template_filter ] --START--
INFO: Run Behavior\ContentReplaceBehavior [ RunTime:0.000077s ]
INFO: [ template_filter ] --END-- [ RunTime:0.000140s ]
INFO: Run Behavior\ParseTemplateBehavior [ RunTime:0.013089s ]
INFO: [ view_parse ] --END-- [ RunTime:0.013131s ]
INFO: [ view_filter ] --START--
INFO: Run Behavior\WriteHtmlCacheBehavior [ RunTime:0.000310s ]
INFO: [ view_filter ] --END-- [ RunTime:0.000336s ]
INFO: [ app_end ] --START--
INFO: Run Behavior\ShowPageTraceBehavior [ RunTime:0.000532s ]
INFO: [ app_end ] --END-- [ RunTime:0.000564s ]

[ 2016-09-16T19:07:43+08:00 ] 127.0.0.1 /Admin/Menu/add.html
INFO: [ app_init ] --START--
INFO: Run Behavior\BuildLiteBehavior [ RunTime:0.000014s ]
INFO: [ app_init ] --END-- [ RunTime:0.000403s ]
INFO: [ app_begin ] --START--
INFO: Run Behavior\ReadHtmlCacheBehavior [ RunTime:0.000406s ]
INFO: [ app_begin ] --END-- [ RunTime:0.000446s ]

[ 2016-09-16T19:13:33+08:00 ] 127.0.0.1 /Admin/menu/add.html
INFO: [ app_init ] --START--
INFO: Run Behavior\BuildLiteBehavior [ RunTime:0.000013s ]
INFO: [ app_init ] --END-- [ RunTime:0.000375s ]
INFO: [ app_begin ] --START--
INFO: Run Behavior\ReadHtmlCacheBehavior [ RunTime:0.000525s ]
INFO: [ app_begin ] --END-- [ RunTime:0.000557s ]

[ 2016-09-16T19:14:00+08:00 ] 127.0.0.1 /Admin/menu/add.html
INFO: [ app_init ] --START--
INFO: Run Behavior\BuildLiteBehavior [ RunTime:0.000011s ]
INFO: [ app_init ] --END-- [ RunTime:0.000278s ]
INFO: [ app_begin ] --START--
INFO: Run Behavior\ReadHtmlCacheBehavior [ RunTime:0.000389s ]
INFO: [ app_begin ] --END-- [ RunTime:0.000422s ]

[ 2016-09-16T19:14:02+08:00 ] 127.0.0.1 /Admin/menu/add.html
INFO: [ app_init ] --START--
INFO: Run Behavior\BuildLiteBehavior [ RunTime:0.000017s ]
INFO: [ app_init ] --END-- [ RunTime:0.000491s ]
INFO: [ app_begin ] --START--
INFO: Run Behavior\ReadHtmlCacheBehavior [ RunTime:0.000814s ]
INFO: [ app_begin ] --END-- [ RunTime:0.000912s ]

[ 2016-09-16T19:14:03+08:00 ] 127.0.0.1 /Admin/menu/add.html
INFO: [ app_init ] --START--
INFO: Run Behavior\BuildLiteBehavior [ RunTime:0.000017s ]
INFO: [ app_init ] --END-- [ RunTime:0.000488s ]
INFO: [ app_begin ] --START--
INFO: Run Behavior\ReadHtmlCacheBehavior [ RunTime:0.000710s ]
INFO: [ app_begin ] --END-- [ RunTime:0.000774s ]

[ 2016-09-16T19:14:04+08:00 ] 127.0.0.1 /Admin/menu/add.html
INFO: [ app_init ] --START--
INFO: Run Behavior\BuildLiteBehavior [ RunTime:0.000028s ]
INFO: [ app_init ] --END-- [ RunTime:0.000384s ]
INFO: [ app_begin ] --START--
INFO: Run Behavior\ReadHtmlCacheBehavior [ RunTime:0.000381s ]
INFO: [ app_begin ] --END-- [ RunTime:0.000413s ]

[ 2016-09-16T19:14:04+08:00 ] 127.0.0.1 /Admin/menu/add.html
INFO: [ app_init ] --START--
INFO: Run Behavior\BuildLiteBehavior [ RunTime:0.000017s ]
INFO: [ app_init ] --END-- [ RunTime:0.000512s ]
INFO: [ app_begin ] --START--
INFO: Run Behavior\ReadHtmlCacheBehavior [ RunTime:0.000619s ]
INFO: [ app_begin ] --END-- [ RunTime:0.000670s ]

[ 2016-09-16T19:14:05+08:00 ] 127.0.0.1 /Admin/menu/add.html
INFO: [ app_init ] --START--
INFO: Run Behavior\BuildLiteBehavior [ RunTime:0.000018s ]
INFO: [ app_init ] --END-- [ RunTime:0.000527s ]
INFO: [ app_begin ] --START--
INFO: Run Behavior\ReadHtmlCacheBehavior [ RunTime:0.000764s ]
INFO: [ app_begin ] --END-- [ RunTime:0.000829s ]

[ 2016-09-16T19:14:05+08:00 ] 127.0.0.1 /Admin/menu/add.html
INFO: [ app_init ] --START--
INFO: Run Behavior\BuildLiteBehavior [ RunTime:0.000016s ]
INFO: [ app_init ] --END-- [ RunTime:0.000453s ]
INFO: [ app_begin ] --START--
INFO: Run Behavior\ReadHtmlCacheBehavior [ RunTime:0.000653s ]
INFO: [ app_begin ] --END-- [ RunTime:0.000709s ]

[ 2016-09-16T19:14:05+08:00 ] 127.0.0.1 /Admin/menu/add.html
INFO: [ app_init ] --START--
INFO: Run Behavior\BuildLiteBehavior [ RunTime:0.000012s ]
INFO: [ app_init ] --END-- [ RunTime:0.000338s ]
INFO: [ app_begin ] --START--
INFO: Run Behavior\ReadHtmlCacheBehavior [ RunTime:0.000368s ]
INFO: [ app_begin ] --END-- [ RunTime:0.000398s ]

[ 2016-09-16T19:14:06+08:00 ] 127.0.0.1 /Admin/menu/add.html
INFO: [ app_init ] --START--
INFO: Run Behavior\BuildLiteBehavior [ RunTime:0.000011s ]
INFO: [ app_init ] --END-- [ RunTime:0.000273s ]
INFO: [ app_begin ] --START--
INFO: Run Behavior\ReadHtmlCacheBehavior [ RunTime:0.000384s ]
INFO: [ app_begin ] --END-- [ RunTime:0.000418s ]

[ 2016-09-16T19:14:31+08:00 ] 127.0.0.1 /Admin/menu/add.html
INFO: [ app_init ] --START--
INFO: Run Behavior\BuildLiteBehavior [ RunTime:0.000010s ]
INFO: [ app_init ] --END-- [ RunTime:0.000271s ]
INFO: [ app_begin ] --START--
INFO: Run Behavior\ReadHtmlCacheBehavior [ RunTime:0.000389s ]
INFO: [ app_begin ] --END-- [ RunTime:0.000422s ]
INFO: [ view_parse ] --START--
INFO: [ template_filter ] --START--
INFO: Run Behavior\ContentReplaceBehavior [ RunTime:0.000094s ]
INFO: [ template_filter ] --END-- [ RunTime:0.000169s ]
INFO: Run Behavior\ParseTemplateBehavior [ RunTime:0.012860s ]
INFO: [ view_parse ] --END-- [ RunTime:0.012924s ]
INFO: [ view_filter ] --START--
INFO: Run Behavior\WriteHtmlCacheBehavior [ RunTime:0.000336s ]
INFO: [ view_filter ] --END-- [ RunTime:0.000370s ]
INFO: [ app_end ] --START--
INFO: Run Behavior\ShowPageTraceBehavior [ RunTime:0.000590s ]
INFO: [ app_end ] --END-- [ RunTime:0.000634s ]

[ 2016-09-16T19:14:36+08:00 ] 127.0.0.1 /Admin/Menu/add.html
INFO: [ app_init ] --START--
INFO: Run Behavior\BuildLiteBehavior [ RunTime:0.000016s ]
INFO: [ app_init ] --END-- [ RunTime:0.000452s ]
INFO: [ app_begin ] --START--
INFO: Run Behavior\ReadHtmlCacheBehavior [ RunTime:0.000688s ]
INFO: [ app_begin ] --END-- [ RunTime:0.000756s ]
NOTIC: [8] Undefined index: groupname E:\Program\tptest.com\Application\Admin\Controller\MenuController.class.php 第 17 行.

[ 2016-09-16T19:15:20+08:00 ] 127.0.0.1 /Admin/menu/add.html
INFO: [ app_init ] --START--
INFO: Run Behavior\BuildLiteBehavior [ RunTime:0.000011s ]
INFO: [ app_init ] --END-- [ RunTime:0.000265s ]
INFO: [ app_begin ] --START--
INFO: Run Behavior\ReadHtmlCacheBehavior [ RunTime:0.000380s ]
INFO: [ app_begin ] --END-- [ RunTime:0.000412s ]
INFO: [ view_parse ] --START--
INFO: [ template_filter ] --START--
INFO: Run Behavior\ContentReplaceBehavior [ RunTime:0.000106s ]
INFO: [ template_filter ] --END-- [ RunTime:0.000180s ]
INFO: Run Behavior\ParseTemplateBehavior [ RunTime:0.012304s ]
INFO: [ view_parse ] --END-- [ RunTime:0.012371s ]
INFO: [ view_filter ] --START--
INFO: Run Behavior\WriteHtmlCacheBehavior [ RunTime:0.000296s ]
INFO: [ view_filter ] --END-- [ RunTime:0.000335s ]
INFO: [ app_end ] --START--
INFO: Run Behavior\ShowPageTraceBehavior [ RunTime:0.000475s ]
INFO: [ app_end ] --END-- [ RunTime:0.000529s ]

[ 2016-09-16T19:15:25+08:00 ] 127.0.0.1 /Admin/Menu/add.html
INFO: [ app_init ] --START--
INFO: Run Behavior\BuildLiteBehavior [ RunTime:0.000019s ]
INFO: [ app_init ] --END-- [ RunTime:0.000634s ]
INFO: [ app_begin ] --START--
INFO: Run Behavior\ReadHtmlCacheBehavior [ RunTime:0.001127s ]
INFO: [ app_begin ] --END-- [ RunTime:0.001194s ]
NOTIC: [8] Undefined index: groupname E:\Program\tptest.com\Application\Admin\Controller\MenuController.class.php 第 17 行.

[ 2016-09-16T19:15:53+08:00 ] 127.0.0.1 /Admin/menu/add.html
INFO: [ app_init ] --START--
INFO: Run Behavior\BuildLiteBehavior [ RunTime:0.000015s ]
INFO: [ app_init ] --END-- [ RunTime:0.000321s ]
INFO: [ app_begin ] --START--
INFO: Run Behavior\ReadHtmlCacheBehavior [ RunTime:0.000393s ]
INFO: [ app_begin ] --END-- [ RunTime:0.000430s ]
INFO: [ view_parse ] --START--
INFO: [ template_filter ] --START--
INFO: Run Behavior\ContentReplaceBehavior [ RunTime:0.000064s ]
INFO: [ template_filter ] --END-- [ RunTime:0.000105s ]
INFO: Run Behavior\ParseTemplateBehavior [ RunTime:0.008833s ]
INFO: [ view_parse ] --END-- [ RunTime:0.008869s ]
INFO: [ view_filter ] --START--
INFO: Run Behavior\WriteHtmlCacheBehavior [ RunTime:0.000304s ]
INFO: [ view_filter ] --END-- [ RunTime:0.000330s ]
INFO: [ app_end ] --START--
INFO: Run Behavior\ShowPageTraceBehavior [ RunTime:0.000587s ]
INFO: [ app_end ] --END-- [ RunTime:0.000631s ]

[ 2016-09-16T19:15:58+08:00 ] 127.0.0.1 /Admin/Menu/add.html
INFO: [ app_init ] --START--
INFO: Run Behavior\BuildLiteBehavior [ RunTime:0.000020s ]
INFO: [ app_init ] --END-- [ RunTime:0.000638s ]
INFO: [ app_begin ] --START--
INFO: Run Behavior\ReadHtmlCacheBehavior [ RunTime:0.000967s ]
INFO: [ app_begin ] --END-- [ RunTime:0.001026s ]
NOTIC: [8] Undefined index: groupname E:\Program\tptest.com\Application\Admin\Controller\MenuController.class.php 第 17 行.

[ 2016-09-16T22:20:08+08:00 ] 127.0.0.1 /Admin/menu/add.html
INFO: [ app_init ] --START--
INFO: Run Behavior\BuildLiteBehavior [ RunTime:0.000011s ]
INFO: [ app_init ] --END-- [ RunTime:0.000360s ]
INFO: [ app_begin ] --START--
INFO: Run Behavior\ReadHtmlCacheBehavior [ RunTime:0.000535s ]
INFO: [ app_begin ] --END-- [ RunTime:0.000570s ]
INFO: [ view_parse ] --START--
INFO: [ template_filter ] --START--
INFO: Run Behavior\ContentReplaceBehavior [ RunTime:0.000057s ]
INFO: [ template_filter ] --END-- [ RunTime:0.000085s ]
INFO: Run Behavior\ParseTemplateBehavior [ RunTime:0.008369s ]
INFO: [ view_parse ] --END-- [ RunTime:0.008419s ]
INFO: [ view_filter ] --START--
INFO: Run Behavior\WriteHtmlCacheBehavior [ RunTime:0.000289s ]
INFO: [ view_filter ] --END-- [ RunTime:0.000313s ]
INFO: [ app_end ] --START--
INFO: Run Behavior\ShowPageTraceBehavior [ RunTime:0.000544s ]
INFO: [ app_end ] --END-- [ RunTime:0.000573s ]

[ 2016-09-16T22:20:16+08:00 ] 127.0.0.1 /Admin/menu/index.html
INFO: [ app_init ] --START--
INFO: Run Behavior\BuildLiteBehavior [ RunTime:0.000022s ]
INFO: [ app_init ] --END-- [ RunTime:0.000737s ]
INFO: [ app_begin ] --START--
INFO: Run Behavior\ReadHtmlCacheBehavior [ RunTime:0.001283s ]
INFO: [ app_begin ] --END-- [ RunTime:0.001366s ]
SQL: SHOW COLUMNS FROM `ec_auth_group` [ RunTime:0.0025s ]
NOTIC: [2048] Declaration of Admin\Model\AuthGroupModel::add() should be compatible with Think\Model::add($data = '', $options = Array, $replace = false) E:\Program\tptest.com\Application\Admin\Model\AuthGroupModel.class.php 第 16 行.
SQL: SHOW COLUMNS FROM `ec_auth_group` [ RunTime:0.0087s ]
SQL: SELECT * FROM `ec_auth_group` WHERE ( status=1 )  [ RunTime:0.0020s ]
INFO: [ view_parse ] --START--
INFO: [ template_filter ] --START--
INFO: Run Behavior\ContentReplaceBehavior [ RunTime:0.000094s ]
INFO: [ template_filter ] --END-- [ RunTime:0.000153s ]
NOTIC: [8] Undefined variable: meta_title E:\Program\tptest.com\Application\Runtime\Cache\Admin\b956215329b6f9aca22277599a4efdfc.php 第 7 行.
NOTIC: [8] Undefined variable: meta_title E:\Program\tptest.com\Application\Runtime\Cache\Admin\b956215329b6f9aca22277599a4efdfc.php 第 376 行.
INFO: Run Behavior\ParseTemplateBehavior [ RunTime:0.022403s ]
INFO: [ view_parse ] --END-- [ RunTime:0.022516s ]
INFO: [ view_filter ] --START--
INFO: Run Behavior\WriteHtmlCacheBehavior [ RunTime:0.000449s ]
INFO: [ view_filter ] --END-- [ RunTime:0.000488s ]
INFO: [ app_end ] --START--
INFO: Run Behavior\ShowPageTraceBehavior [ RunTime:0.000822s ]
INFO: [ app_end ] --END-- [ RunTime:0.000874s ]

[ 2016-09-16T22:20:16+08:00 ] 127.0.0.1 /Admin/menu/__CSS__/login.css
INFO: [ app_init ] --START--
INFO: Run Behavior\BuildLiteBehavior [ RunTime:0.000016s ]
INFO: [ app_init ] --END-- [ RunTime:0.000437s ]
INFO: [ app_begin ] --START--
INFO: Run Behavior\ReadHtmlCacheBehavior [ RunTime:0.000484s ]
INFO: [ app_begin ] --END-- [ RunTime:0.000531s ]
ERR: 非法操作:__CSS__

[ 2016-09-16T22:21:13+08:00 ] 127.0.0.1 /Admin/menu/index.html
INFO: [ app_init ] --START--
INFO: Run Behavior\BuildLiteBehavior [ RunTime:0.000015s ]
INFO: [ app_init ] --END-- [ RunTime:0.000446s ]
INFO: [ app_begin ] --START--
INFO: Run Behavior\ReadHtmlCacheBehavior [ RunTime:0.000632s ]
INFO: [ app_begin ] --END-- [ RunTime:0.000690s ]
SQL: SHOW COLUMNS FROM `ec_auth_group` [ RunTime:0.0024s ]
NOTIC: [2048] Declaration of Admin\Model\AuthGroupModel::add() should be compatible with Think\Model::add($data = '', $options = Array, $replace = false) E:\Program\tptest.com\Application\Admin\Model\AuthGroupModel.class.php 第 16 行.
SQL: SHOW COLUMNS FROM `ec_auth_group` [ RunTime:0.0023s ]
SQL: SELECT * FROM `ec_auth_group` WHERE ( status=1 )  [ RunTime:0.0003s ]
INFO: [ view_parse ] --START--
INFO: [ template_filter ] --START--
INFO: Run Behavior\ContentReplaceBehavior [ RunTime:0.000058s ]
INFO: [ template_filter ] --END-- [ RunTime:0.000089s ]
NOTIC: [8] Undefined variable: meta_title E:\Program\tptest.com\Application\Runtime\Cache\Admin\b956215329b6f9aca22277599a4efdfc.php 第 7 行.
NOTIC: [8] Undefined variable: meta_title E:\Program\tptest.com\Application\Runtime\Cache\Admin\b956215329b6f9aca22277599a4efdfc.php 第 375 行.
INFO: Run Behavior\ParseTemplateBehavior [ RunTime:0.008154s ]
INFO: [ view_parse ] --END-- [ RunTime:0.008191s ]
INFO: [ view_filter ] --START--
INFO: Run Behavior\WriteHtmlCacheBehavior [ RunTime:0.000175s ]
INFO: [ view_filter ] --END-- [ RunTime:0.000199s ]
INFO: [ app_end ] --START--
INFO: Run Behavior\ShowPageTraceBehavior [ RunTime:0.000392s ]
INFO: [ app_end ] --END-- [ RunTime:0.000422s ]

[ 2016-09-16T22:54:25+08:00 ] 127.0.0.1 /Admin/menu/index.html
INFO: [ app_init ] --START--
INFO: Run Behavior\BuildLiteBehavior [ RunTime:0.000010s ]
INFO: [ app_init ] --END-- [ RunTime:0.000333s ]
INFO: [ app_begin ] --START--
INFO: Run Behavior\ReadHtmlCacheBehavior [ RunTime:0.000557s ]
INFO: [ app_begin ] --END-- [ RunTime:0.000599s ]
SQL: SHOW COLUMNS FROM `ec_auth_group` [ RunTime:0.0022s ]
NOTIC: [2048] Declaration of Admin\Model\AuthGroupModel::add() should be compatible with Think\Model::add($data = '', $options = Array, $replace = false) E:\Program\tptest.com\Application\Admin\Model\AuthGroupModel.class.php 第 16 行.
SQL: SHOW COLUMNS FROM `ec_auth_group` [ RunTime:0.0018s ]
SQL: SELECT * FROM `ec_auth_group` WHERE ( status=1 )  [ RunTime:0.0003s ]
NOTIC: [8] Use of undefined constant length - assumed 'length' E:\Program\tptest.com\Application\Admin\Controller\MenuController.class.php 第 10 行.
NOTIC: [8] Array to string conversion E:\Program\tptest.com\Application\Admin\Controller\MenuController.class.php 第 10 行.
INFO: [ view_parse ] --START--
INFO: [ template_filter ] --START--
INFO: Run Behavior\ContentReplaceBehavior [ RunTime:0.000059s ]
INFO: [ template_filter ] --END-- [ RunTime:0.000100s ]
NOTIC: [8] Undefined variable: meta_title E:\Program\tptest.com\Application\Runtime\Cache\Admin\b956215329b6f9aca22277599a4efdfc.php 第 7 行.
NOTIC: [8] Undefined variable: meta_title E:\Program\tptest.com\Application\Runtime\Cache\Admin\b956215329b6f9aca22277599a4efdfc.php 第 375 行.
INFO: Run Behavior\ParseTemplateBehavior [ RunTime:0.008773s ]
INFO: [ view_parse ] --END-- [ RunTime:0.008812s ]
INFO: [ view_filter ] --START--
INFO: Run Behavior\WriteHtmlCacheBehavior [ RunTime:0.000396s ]
INFO: [ view_filter ] --END-- [ RunTime:0.000430s ]
INFO: [ app_end ] --START--
INFO: Run Behavior\ShowPageTraceBehavior [ RunTime:0.000731s ]
INFO: [ app_end ] --END-- [ RunTime:0.000779s ]

[ 2016-09-16T22:54:27+08:00 ] 127.0.0.1 /Admin/menu/index.html
INFO: [ app_init ] --START--
INFO: Run Behavior\BuildLiteBehavior [ RunTime:0.000008s ]
INFO: [ app_init ] --END-- [ RunTime:0.000252s ]
INFO: [ app_begin ] --START--
INFO: Run Behavior\ReadHtmlCacheBehavior [ RunTime:0.000362s ]
INFO: [ app_begin ] --END-- [ RunTime:0.000393s ]
SQL: SHOW COLUMNS FROM `ec_auth_group` [ RunTime:0.0024s ]
NOTIC: [2048] Declaration of Admin\Model\AuthGroupModel::add() should be compatible with Think\Model::add($data = '', $options = Array, $replace = false) E:\Program\tptest.com\Application\Admin\Model\AuthGroupModel.class.php 第 16 行.
SQL: SHOW COLUMNS FROM `ec_auth_group` [ RunTime:0.0021s ]
SQL: SELECT * FROM `ec_auth_group` WHERE ( status=1 )  [ RunTime:0.0003s ]
NOTIC: [8] Use of undefined constant length - assumed 'length' E:\Program\tptest.com\Application\Admin\Controller\MenuController.class.php 第 10 行.
NOTIC: [8] Array to string conversion E:\Program\tptest.com\Application\Admin\Controller\MenuController.class.php 第 10 行.
INFO: [ view_parse ] --START--
INFO: [ template_filter ] --START--
INFO: Run Behavior\ContentReplaceBehavior [ RunTime:0.000058s ]
INFO: [ template_filter ] --END-- [ RunTime:0.000088s ]
NOTIC: [8] Undefined variable: meta_title E:\Program\tptest.com\Application\Runtime\Cache\Admin\b956215329b6f9aca22277599a4efdfc.php 第 7 行.
NOTIC: [8] Undefined variable: meta_title E:\Program\tptest.com\Application\Runtime\Cache\Admin\b956215329b6f9aca22277599a4efdfc.php 第 375 行.
INFO: Run Behavior\ParseTemplateBehavior [ RunTime:0.007707s ]
INFO: [ view_parse ] --END-- [ RunTime:0.007746s ]
INFO: [ view_filter ] --START--
INFO: Run Behavior\WriteHtmlCacheBehavior [ RunTime:0.000168s ]
INFO: [ view_filter ] --END-- [ RunTime:0.000192s ]
INFO: [ app_end ] --START--
INFO: Run Behavior\ShowPageTraceBehavior [ RunTime:0.000385s ]
INFO: [ app_end ] --END-- [ RunTime:0.000413s ]

[ 2016-09-16T22:54:27+08:00 ] 127.0.0.1 /Admin/menu/index.html
INFO: [ app_init ] --START--
INFO: Run Behavior\BuildLiteBehavior [ RunTime:0.000023s ]
INFO: [ app_init ] --END-- [ RunTime:0.000677s ]
INFO: [ app_begin ] --START--
INFO: Run Behavior\ReadHtmlCacheBehavior [ RunTime:0.000974s ]
INFO: [ app_begin ] --END-- [ RunTime:0.001057s ]
SQL: SHOW COLUMNS FROM `ec_auth_group` [ RunTime:0.0025s ]
NOTIC: [2048] Declaration of Admin\Model\AuthGroupModel::add() should be compatible with Think\Model::add($data = '', $options = Array, $replace = false) E:\Program\tptest.com\Application\Admin\Model\AuthGroupModel.class.php 第 16 行.
SQL: SHOW COLUMNS FROM `ec_auth_group` [ RunTime:0.0024s ]
SQL: SELECT * FROM `ec_auth_group` WHERE ( status=1 )  [ RunTime:0.0004s ]
NOTIC: [8] Use of undefined constant length - assumed 'length' E:\Program\tptest.com\Application\Admin\Controller\MenuController.class.php 第 10 行.
NOTIC: [8] Array to string conversion E:\Program\tptest.com\Application\Admin\Controller\MenuController.class.php 第 10 行.
INFO: [ view_parse ] --START--
INFO: [ template_filter ] --START--
INFO: Run Behavior\ContentReplaceBehavior [ RunTime:0.000078s ]
INFO: [ template_filter ] --END-- [ RunTime:0.000122s ]
NOTIC: [8] Undefined variable: meta_title E:\Program\tptest.com\Application\Runtime\Cache\Admin\b956215329b6f9aca22277599a4efdfc.php 第 7 行.
NOTIC: [8] Undefined variable: meta_title E:\Program\tptest.com\Application\Runtime\Cache\Admin\b956215329b6f9aca22277599a4efdfc.php 第 375 行.
INFO: Run Behavior\ParseTemplateBehavior [ RunTime:0.010267s ]
INFO: [ view_parse ] --END-- [ RunTime:0.010313s ]
INFO: [ view_filter ] --START--
INFO: Run Behavior\WriteHtmlCacheBehavior [ RunTime:0.000242s ]
INFO: [ view_filter ] --END-- [ RunTime:0.000277s ]
INFO: [ app_end ] --START--
INFO: Run Behavior\ShowPageTraceBehavior [ RunTime:0.000524s ]
INFO: [ app_end ] --END-- [ RunTime:0.000568s ]

[ 2016-09-16T22:54:28+08:00 ] 127.0.0.1 /Admin/menu/index.html
INFO: [ app_init ] --START--
INFO: Run Behavior\BuildLiteBehavior [ RunTime:0.000014s ]
INFO: [ app_init ] --END-- [ RunTime:0.000401s ]
INFO: [ app_begin ] --START--
INFO: Run Behavior\ReadHtmlCacheBehavior [ RunTime:0.000576s ]
INFO: [ app_begin ] --END-- [ RunTime:0.000626s ]
SQL: SHOW COLUMNS FROM `ec_auth_group` [ RunTime:0.0030s ]
NOTIC: [2048] Declaration of Admin\Model\AuthGroupModel::add() should be compatible with Think\Model::add($data = '', $options = Array, $replace = false) E:\Program\tptest.com\Application\Admin\Model\AuthGroupModel.class.php 第 16 行.
SQL: SHOW COLUMNS FROM `ec_auth_group` [ RunTime:0.0029s ]
SQL: SELECT * FROM `ec_auth_group` WHERE ( status=1 )  [ RunTime:0.0005s ]
NOTIC: [8] Use of undefined constant length - assumed 'length' E:\Program\tptest.com\Application\Admin\Controller\MenuController.class.php 第 10 行.
NOTIC: [8] Array to string conversion E:\Program\tptest.com\Application\Admin\Controller\MenuController.class.php 第 10 行.
INFO: [ view_parse ] --START--
INFO: [ template_filter ] --START--
INFO: Run Behavior\ContentReplaceBehavior [ RunTime:0.000086s ]
INFO: [ template_filter ] --END-- [ RunTime:0.000136s ]
NOTIC: [8] Undefined variable: meta_title E:\Program\tptest.com\Application\Runtime\Cache\Admin\b956215329b6f9aca22277599a4efdfc.php 第 7 行.
NOTIC: [8] Undefined variable: meta_title E:\Program\tptest.com\Application\Runtime\Cache\Admin\b956215329b6f9aca22277599a4efdfc.php 第 375 行.
INFO: Run Behavior\ParseTemplateBehavior [ RunTime:0.011547s ]
INFO: [ view_parse ] --END-- [ RunTime:0.011596s ]
INFO: [ view_filter ] --START--
INFO: Run Behavior\WriteHtmlCacheBehavior [ RunTime:0.000268s ]
INFO: [ view_filter ] --END-- [ RunTime:0.000304s ]
INFO: [ app_end ] --START--
INFO: Run Behavior\ShowPageTraceBehavior [ RunTime:0.000596s ]
INFO: [ app_end ] --END-- [ RunTime:0.000640s ]

[ 2016-09-16T22:54:28+08:00 ] 127.0.0.1 /Admin/menu/index.html
INFO: [ app_init ] --START--
INFO: Run Behavior\BuildLiteBehavior [ RunTime:0.000019s ]
INFO: [ app_init ] --END-- [ RunTime:0.000549s ]
INFO: [ app_begin ] --START--
INFO: Run Behavior\ReadHtmlCacheBehavior [ RunTime:0.000787s ]
INFO: [ app_begin ] --END-- [ RunTime:0.000856s ]
SQL: SHOW COLUMNS FROM `ec_auth_group` [ RunTime:0.0029s ]
NOTIC: [2048] Declaration of Admin\Model\AuthGroupModel::add() should be compatible with Think\Model::add($data = '', $options = Array, $replace = false) E:\Program\tptest.com\Application\Admin\Model\AuthGroupModel.class.php 第 16 行.
SQL: SHOW COLUMNS FROM `ec_auth_group` [ RunTime:0.0026s ]
SQL: SELECT * FROM `ec_auth_group` WHERE ( status=1 )  [ RunTime:0.0004s ]
NOTIC: [8] Use of undefined constant length - assumed 'length' E:\Program\tptest.com\Application\Admin\Controller\MenuController.class.php 第 10 行.
NOTIC: [8] Array to string conversion E:\Program\tptest.com\Application\Admin\Controller\MenuController.class.php 第 10 行.
INFO: [ view_parse ] --START--
INFO: [ template_filter ] --START--
INFO: Run Behavior\ContentReplaceBehavior [ RunTime:0.000076s ]
INFO: [ template_filter ] --END-- [ RunTime:0.000118s ]
NOTIC: [8] Undefined variable: meta_title E:\Program\tptest.com\Application\Runtime\Cache\Admin\b956215329b6f9aca22277599a4efdfc.php 第 7 行.
NOTIC: [8] Undefined variable: meta_title E:\Program\tptest.com\Application\Runtime\Cache\Admin\b956215329b6f9aca22277599a4efdfc.php 第 375 行.
INFO: Run Behavior\ParseTemplateBehavior [ RunTime:0.010160s ]
INFO: [ view_parse ] --END-- [ RunTime:0.010206s ]
INFO: [ view_filter ] --START--
INFO: Run Behavior\WriteHtmlCacheBehavior [ RunTime:0.000237s ]
INFO: [ view_filter ] --END-- [ RunTime:0.000270s ]
INFO: [ app_end ] --START--
INFO: Run Behavior\ShowPageTraceBehavior [ RunTime:0.000541s ]
INFO: [ app_end ] --END-- [ RunTime:0.000593s ]

[ 2016-09-16T22:54:29+08:00 ] 127.0.0.1 /Admin/menu/index.html
INFO: [ app_init ] --START--
INFO: Run Behavior\BuildLiteBehavior [ RunTime:0.000016s ]
INFO: [ app_init ] --END-- [ RunTime:0.000510s ]
INFO: [ app_begin ] --START--
INFO: Run Behavior\ReadHtmlCacheBehavior [ RunTime:0.000740s ]
INFO: [ app_begin ] --END-- [ RunTime:0.000804s ]
SQL: SHOW COLUMNS FROM `ec_auth_group` [ RunTime:0.0038s ]
NOTIC: [2048] Declaration of Admin\Model\AuthGroupModel::add() should be compatible with Think\Model::add($data = '', $options = Array, $replace = false) E:\Program\tptest.com\Application\Admin\Model\AuthGroupModel.class.php 第 16 行.
SQL: SHOW COLUMNS FROM `ec_auth_group` [ RunTime:0.0035s ]
SQL: SELECT * FROM `ec_auth_group` WHERE ( status=1 )  [ RunTime:0.0006s ]
NOTIC: [8] Use of undefined constant length - assumed 'length' E:\Program\tptest.com\Application\Admin\Controller\MenuController.class.php 第 10 行.
NOTIC: [8] Array to string conversion E:\Program\tptest.com\Application\Admin\Controller\MenuController.class.php 第 10 行.
INFO: [ view_parse ] --START--
INFO: [ template_filter ] --START--
INFO: Run Behavior\ContentReplaceBehavior [ RunTime:0.000109s ]
INFO: [ template_filter ] --END-- [ RunTime:0.000173s ]
NOTIC: [8] Undefined variable: meta_title E:\Program\tptest.com\Application\Runtime\Cache\Admin\b956215329b6f9aca22277599a4efdfc.php 第 7 行.
NOTIC: [8] Undefined variable: meta_title E:\Program\tptest.com\Application\Runtime\Cache\Admin\b956215329b6f9aca22277599a4efdfc.php 第 375 行.
INFO: Run Behavior\ParseTemplateBehavior [ RunTime:0.014888s ]
INFO: [ view_parse ] --END-- [ RunTime:0.014953s ]
INFO: [ view_filter ] --START--
INFO: Run Behavior\WriteHtmlCacheBehavior [ RunTime:0.000347s ]
INFO: [ view_filter ] --END-- [ RunTime:0.000394s ]
INFO: [ app_end ] --START--
INFO: Run Behavior\ShowPageTraceBehavior [ RunTime:0.000763s ]
INFO: [ app_end ] --END-- [ RunTime:0.000820s ]

[ 2016-09-16T22:54:29+08:00 ] 127.0.0.1 /Admin/menu/index.html
INFO: [ app_init ] --START--
INFO: Run Behavior\BuildLiteBehavior [ RunTime:0.000024s ]
INFO: [ app_init ] --END-- [ RunTime:0.000695s ]
INFO: [ app_begin ] --START--
INFO: Run Behavior\ReadHtmlCacheBehavior [ RunTime:0.000499s ]
INFO: [ app_begin ] --END-- [ RunTime:0.000541s ]
SQL: SHOW COLUMNS FROM `ec_auth_group` [ RunTime:0.0021s ]
NOTIC: [2048] Declaration of Admin\Model\AuthGroupModel::add() should be compatible with Think\Model::add($data = '', $options = Array, $replace = false) E:\Program\tptest.com\Application\Admin\Model\AuthGroupModel.class.php 第 16 行.
SQL: SHOW COLUMNS FROM `ec_auth_group` [ RunTime:0.0019s ]
SQL: SELECT * FROM `ec_auth_group` WHERE ( status=1 )  [ RunTime:0.0003s ]
NOTIC: [8] Use of undefined constant length - assumed 'length' E:\Program\tptest.com\Application\Admin\Controller\MenuController.class.php 第 10 行.
NOTIC: [8] Array to string conversion E:\Program\tptest.com\Application\Admin\Controller\MenuController.class.php 第 10 行.
INFO: [ view_parse ] --START--
INFO: [ template_filter ] --START--
INFO: Run Behavior\ContentReplaceBehavior [ RunTime:0.000060s ]
INFO: [ template_filter ] --END-- [ RunTime:0.000100s ]
NOTIC: [8] Undefined variable: meta_title E:\Program\tptest.com\Application\Runtime\Cache\Admin\b956215329b6f9aca22277599a4efdfc.php 第 7 行.
NOTIC: [8] Undefined variable: meta_title E:\Program\tptest.com\Application\Runtime\Cache\Admin\b956215329b6f9aca22277599a4efdfc.php 第 375 行.
INFO: Run Behavior\ParseTemplateBehavior [ RunTime:0.007634s ]
INFO: [ view_parse ] --END-- [ RunTime:0.007669s ]
INFO: [ view_filter ] --START--
INFO: Run Behavior\WriteHtmlCacheBehavior [ RunTime:0.000180s ]
INFO: [ view_filter ] --END-- [ RunTime:0.000204s ]
INFO: [ app_end ] --START--
INFO: Run Behavior\ShowPageTraceBehavior [ RunTime:0.000392s ]
INFO: [ app_end ] --END-- [ RunTime:0.000421s ]

[ 2016-09-16T22:54:30+08:00 ] 127.0.0.1 /Admin/menu/index.html
INFO: [ app_init ] --START--
INFO: Run Behavior\BuildLiteBehavior [ RunTime:0.000012s ]
INFO: [ app_init ] --END-- [ RunTime:0.000380s ]
INFO: [ app_begin ] --START--
INFO: Run Behavior\ReadHtmlCacheBehavior [ RunTime:0.000555s ]
INFO: [ app_begin ] --END-- [ RunTime:0.000603s ]
SQL: SHOW COLUMNS FROM `ec_auth_group` [ RunTime:0.0025s ]
NOTIC: [2048] Declaration of Admin\Model\AuthGroupModel::add() should be compatible with Think\Model::add($data = '', $options = Array, $replace = false) E:\Program\tptest.com\Application\Admin\Model\AuthGroupModel.class.php 第 16 行.
SQL: SHOW COLUMNS FROM `ec_auth_group` [ RunTime:0.0020s ]
SQL: SELECT * FROM `ec_auth_group` WHERE ( status=1 )  [ RunTime:0.0003s ]
NOTIC: [8] Use of undefined constant length - assumed 'length' E:\Program\tptest.com\Application\Admin\Controller\MenuController.class.php 第 10 行.
NOTIC: [8] Array to string conversion E:\Program\tptest.com\Application\Admin\Controller\MenuController.class.php 第 10 行.
INFO: [ view_parse ] --START--
INFO: [ template_filter ] --START--
INFO: Run Behavior\ContentReplaceBehavior [ RunTime:0.000058s ]
INFO: [ template_filter ] --END-- [ RunTime:0.000088s ]
NOTIC: [8] Undefined variable: meta_title E:\Program\tptest.com\Application\Runtime\Cache\Admin\b956215329b6f9aca22277599a4efdfc.php 第 7 行.
NOTIC: [8] Undefined variable: meta_title E:\Program\tptest.com\Application\Runtime\Cache\Admin\b956215329b6f9aca22277599a4efdfc.php 第 375 行.
INFO: Run Behavior\ParseTemplateBehavior [ RunTime:0.007665s ]
INFO: [ view_parse ] --END-- [ RunTime:0.007700s ]
INFO: [ view_filter ] --START--
INFO: Run Behavior\WriteHtmlCacheBehavior [ RunTime:0.000202s ]
INFO: [ view_filter ] --END-- [ RunTime:0.000225s ]
INFO: [ app_end ] --START--
INFO: Run Behavior\ShowPageTraceBehavior [ RunTime:0.000458s ]
INFO: [ app_end ] --END-- [ RunTime:0.000487s ]

[ 2016-09-16T22:54:30+08:00 ] 127.0.0.1 /Admin/menu/index.html
INFO: [ app_init ] --START--
INFO: Run Behavior\BuildLiteBehavior [ RunTime:0.000022s ]
INFO: [ app_init ] --END-- [ RunTime:0.000627s ]
INFO: [ app_begin ] --START--
INFO: Run Behavior\ReadHtmlCacheBehavior [ RunTime:0.000494s ]
INFO: [ app_begin ] --END-- [ RunTime:0.000536s ]
SQL: SHOW COLUMNS FROM `ec_auth_group` [ RunTime:0.0023s ]
NOTIC: [2048] Declaration of Admin\Model\AuthGroupModel::add() should be compatible with Think\Model::add($data = '', $options = Array, $replace = false) E:\Program\tptest.com\Application\Admin\Model\AuthGroupModel.class.php 第 16 行.
SQL: SHOW COLUMNS FROM `ec_auth_group` [ RunTime:0.0021s ]
SQL: SELECT * FROM `ec_auth_group` WHERE ( status=1 )  [ RunTime:0.0003s ]
NOTIC: [8] Use of undefined constant length - assumed 'length' E:\Program\tptest.com\Application\Admin\Controller\MenuController.class.php 第 10 行.
NOTIC: [8] Array to string conversion E:\Program\tptest.com\Application\Admin\Controller\MenuController.class.php 第 10 行.
INFO: [ view_parse ] --START--
INFO: [ template_filter ] --START--
INFO: Run Behavior\ContentReplaceBehavior [ RunTime:0.000058s ]
INFO: [ template_filter ] --END-- [ RunTime:0.000094s ]
NOTIC: [8] Undefined variable: meta_title E:\Program\tptest.com\Application\Runtime\Cache\Admin\b956215329b6f9aca22277599a4efdfc.php 第 7 行.
NOTIC: [8] Undefined variable: meta_title E:\Program\tptest.com\Application\Runtime\Cache\Admin\b956215329b6f9aca22277599a4efdfc.php 第 375 行.
INFO: Run Behavior\ParseTemplateBehavior [ RunTime:0.007856s ]
INFO: [ view_parse ] --END-- [ RunTime:0.007896s ]
INFO: [ view_filter ] --START--
INFO: Run Behavior\WriteHtmlCacheBehavior [ RunTime:0.000182s ]
INFO: [ view_filter ] --END-- [ RunTime:0.000206s ]
INFO: [ app_end ] --START--
INFO: Run Behavior\ShowPageTraceBehavior [ RunTime:0.000395s ]
INFO: [ app_end ] --END-- [ RunTime:0.000425s ]

[ 2016-09-16T22:54:30+08:00 ] 127.0.0.1 /Admin/menu/index.html
INFO: [ app_init ] --START--
INFO: Run Behavior\BuildLiteBehavior [ RunTime:0.000023s ]
INFO: [ app_init ] --END-- [ RunTime:0.000635s ]
INFO: [ app_begin ] --START--
INFO: Run Behavior\ReadHtmlCacheBehavior [ RunTime:0.000908s ]
INFO: [ app_begin ] --END-- [ RunTime:0.000987s ]
SQL: SHOW COLUMNS FROM `ec_auth_group` [ RunTime:0.0024s ]
NOTIC: [2048] Declaration of Admin\Model\AuthGroupModel::add() should be compatible with Think\Model::add($data = '', $options = Array, $replace = false) E:\Program\tptest.com\Application\Admin\Model\AuthGroupModel.class.php 第 16 行.
SQL: SHOW COLUMNS FROM `ec_auth_group` [ RunTime:0.0022s ]
SQL: SELECT * FROM `ec_auth_group` WHERE ( status=1 )  [ RunTime:0.0004s ]
NOTIC: [8] Use of undefined constant length - assumed 'length' E:\Program\tptest.com\Application\Admin\Controller\MenuController.class.php 第 10 行.
NOTIC: [8] Array to string conversion E:\Program\tptest.com\Application\Admin\Controller\MenuController.class.php 第 10 行.
INFO: [ view_parse ] --START--
INFO: [ template_filter ] --START--
INFO: Run Behavior\ContentReplaceBehavior [ RunTime:0.000071s ]
INFO: [ template_filter ] --END-- [ RunTime:0.000112s ]
NOTIC: [8] Undefined variable: meta_title E:\Program\tptest.com\Application\Runtime\Cache\Admin\b956215329b6f9aca22277599a4efdfc.php 第 7 行.
NOTIC: [8] Undefined variable: meta_title E:\Program\tptest.com\Application\Runtime\Cache\Admin\b956215329b6f9aca22277599a4efdfc.php 第 375 行.
INFO: Run Behavior\ParseTemplateBehavior [ RunTime:0.008123s ]
INFO: [ view_parse ] --END-- [ RunTime:0.008168s ]
INFO: [ view_filter ] --START--
INFO: Run Behavior\WriteHtmlCacheBehavior [ RunTime:0.000230s ]
INFO: [ view_filter ] --END-- [ RunTime:0.000262s ]
INFO: [ app_end ] --START--
INFO: Run Behavior\ShowPageTraceBehavior [ RunTime:0.000420s ]
INFO: [ app_end ] --END-- [ RunTime:0.000453s ]

[ 2016-09-16T22:54:31+08:00 ] 127.0.0.1 /Admin/menu/index.html
INFO: [ app_init ] --START--
INFO: Run Behavior\BuildLiteBehavior [ RunTime:0.000017s ]
INFO: [ app_init ] --END-- [ RunTime:0.000444s ]
INFO: [ app_begin ] --START--
INFO: Run Behavior\ReadHtmlCacheBehavior [ RunTime:0.000634s ]
INFO: [ app_begin ] --END-- [ RunTime:0.000688s ]
SQL: SHOW COLUMNS FROM `ec_auth_group` [ RunTime:0.0032s ]
NOTIC: [2048] Declaration of Admin\Model\AuthGroupModel::add() should be compatible with Think\Model::add($data = '', $options = Array, $replace = false) E:\Program\tptest.com\Application\Admin\Model\AuthGroupModel.class.php 第 16 行.
SQL: SHOW COLUMNS FROM `ec_auth_group` [ RunTime:0.0026s ]
SQL: SELECT * FROM `ec_auth_group` WHERE ( status=1 )  [ RunTime:0.0004s ]
NOTIC: [8] Use of undefined constant length - assumed 'length' E:\Program\tptest.com\Application\Admin\Controller\MenuController.class.php 第 10 行.
NOTIC: [8] Array to string conversion E:\Program\tptest.com\Application\Admin\Controller\MenuController.class.php 第 10 行.
INFO: [ view_parse ] --START--
INFO: [ template_filter ] --START--
INFO: Run Behavior\ContentReplaceBehavior [ RunTime:0.000059s ]
INFO: [ template_filter ] --END-- [ RunTime:0.000094s ]
NOTIC: [8] Undefined variable: meta_title E:\Program\tptest.com\Application\Runtime\Cache\Admin\b956215329b6f9aca22277599a4efdfc.php 第 7 行.
NOTIC: [8] Undefined variable: meta_title E:\Program\tptest.com\Application\Runtime\Cache\Admin\b956215329b6f9aca22277599a4efdfc.php 第 375 行.
INFO: Run Behavior\ParseTemplateBehavior [ RunTime:0.007660s ]
INFO: [ view_parse ] --END-- [ RunTime:0.007697s ]
INFO: [ view_filter ] --START--
INFO: Run Behavior\WriteHtmlCacheBehavior [ RunTime:0.000179s ]
INFO: [ view_filter ] --END-- [ RunTime:0.000203s ]
INFO: [ app_end ] --START--
INFO: Run Behavior\ShowPageTraceBehavior [ RunTime:0.000454s ]
INFO: [ app_end ] --END-- [ RunTime:0.000483s ]

[ 2016-09-16T22:54:48+08:00 ] 127.0.0.1 /Admin/menu/index.html
INFO: [ app_init ] --START--
INFO: Run Behavior\BuildLiteBehavior [ RunTime:0.000010s ]
INFO: [ app_init ] --END-- [ RunTime:0.000270s ]
INFO: [ app_begin ] --START--
INFO: Run Behavior\ReadHtmlCacheBehavior [ RunTime:0.000384s ]
INFO: [ app_begin ] --END-- [ RunTime:0.000420s ]
SQL: SHOW COLUMNS FROM `ec_auth_group` [ RunTime:0.0020s ]
NOTIC: [2048] Declaration of Admin\Model\AuthGroupModel::add() should be compatible with Think\Model::add($data = '', $options = Array, $replace = false) E:\Program\tptest.com\Application\Admin\Model\AuthGroupModel.class.php 第 16 行.
SQL: SHOW COLUMNS FROM `ec_auth_group` [ RunTime:0.0019s ]
SQL: SELECT * FROM `ec_auth_group` WHERE ( status=1 )  [ RunTime:0.0003s ]
NOTIC: [8] Use of undefined constant length - assumed 'length' E:\Program\tptest.com\Application\Admin\Controller\MenuController.class.php 第 10 行.
NOTIC: [8] Array to string conversion E:\Program\tptest.com\Application\Admin\Controller\MenuController.class.php 第 10 行.
INFO: [ view_parse ] --START--
INFO: [ template_filter ] --START--
INFO: Run Behavior\ContentReplaceBehavior [ RunTime:0.000063s ]
INFO: [ template_filter ] --END-- [ RunTime:0.000107s ]
NOTIC: [8] Undefined variable: meta_title E:\Program\tptest.com\Application\Runtime\Cache\Admin\b956215329b6f9aca22277599a4efdfc.php 第 7 行.
NOTIC: [8] Undefined variable: meta_title E:\Program\tptest.com\Application\Runtime\Cache\Admin\b956215329b6f9aca22277599a4efdfc.php 第 375 行.
INFO: Run Behavior\ParseTemplateBehavior [ RunTime:0.007976s ]
INFO: [ view_parse ] --END-- [ RunTime:0.008022s ]
INFO: [ view_filter ] --START--
INFO: Run Behavior\WriteHtmlCacheBehavior [ RunTime:0.000277s ]
INFO: [ view_filter ] --END-- [ RunTime:0.000315s ]
INFO: [ app_end ] --START--
INFO: Run Behavior\ShowPageTraceBehavior [ RunTime:0.000703s ]
INFO: [ app_end ] --END-- [ RunTime:0.000771s ]

[ 2016-09-16T22:54:49+08:00 ] 127.0.0.1 /Admin/menu/index.html
INFO: [ app_init ] --START--
INFO: Run Behavior\BuildLiteBehavior [ RunTime:0.000016s ]
INFO: [ app_init ] --END-- [ RunTime:0.000447s ]
INFO: [ app_begin ] --START--
INFO: Run Behavior\ReadHtmlCacheBehavior [ RunTime:0.000639s ]
INFO: [ app_begin ] --END-- [ RunTime:0.000693s ]
SQL: SHOW COLUMNS FROM `ec_auth_group` [ RunTime:0.0025s ]
NOTIC: [2048] Declaration of Admin\Model\AuthGroupModel::add() should be compatible with Think\Model::add($data = '', $options = Array, $replace = false) E:\Program\tptest.com\Application\Admin\Model\AuthGroupModel.class.php 第 16 行.
SQL: SHOW COLUMNS FROM `ec_auth_group` [ RunTime:0.0021s ]
SQL: SELECT * FROM `ec_auth_group` WHERE ( status=1 )  [ RunTime:0.0004s ]
NOTIC: [8] Use of undefined constant length - assumed 'length' E:\Program\tptest.com\Application\Admin\Controller\MenuController.class.php 第 10 行.
NOTIC: [8] Array to string conversion E:\Program\tptest.com\Application\Admin\Controller\MenuController.class.php 第 10 行.
INFO: [ view_parse ] --START--
INFO: [ template_filter ] --START--
INFO: Run Behavior\ContentReplaceBehavior [ RunTime:0.000060s ]
INFO: [ template_filter ] --END-- [ RunTime:0.000094s ]
NOTIC: [8] Undefined variable: meta_title E:\Program\tptest.com\Application\Runtime\Cache\Admin\b956215329b6f9aca22277599a4efdfc.php 第 7 行.
NOTIC: [8] Undefined variable: meta_title E:\Program\tptest.com\Application\Runtime\Cache\Admin\b956215329b6f9aca22277599a4efdfc.php 第 375 行.
INFO: Run Behavior\ParseTemplateBehavior [ RunTime:0.007491s ]
INFO: [ view_parse ] --END-- [ RunTime:0.007526s ]
INFO: [ view_filter ] --START--
INFO: Run Behavior\WriteHtmlCacheBehavior [ RunTime:0.000176s ]
INFO: [ view_filter ] --END-- [ RunTime:0.000200s ]
INFO: [ app_end ] --START--
INFO: Run Behavior\ShowPageTraceBehavior [ RunTime:0.000391s ]
INFO: [ app_end ] --END-- [ RunTime:0.000421s ]

[ 2016-09-16T22:54:50+08:00 ] 127.0.0.1 /Admin/menu/index.html
INFO: [ app_init ] --START--
INFO: Run Behavior\BuildLiteBehavior [ RunTime:0.000009s ]
INFO: [ app_init ] --END-- [ RunTime:0.000323s ]
INFO: [ app_begin ] --START--
INFO: Run Behavior\ReadHtmlCacheBehavior [ RunTime:0.000382s ]
INFO: [ app_begin ] --END-- [ RunTime:0.000418s ]
SQL: SHOW COLUMNS FROM `ec_auth_group` [ RunTime:0.0025s ]
NOTIC: [2048] Declaration of Admin\Model\AuthGroupModel::add() should be compatible with Think\Model::add($data = '', $options = Array, $replace = false) E:\Program\tptest.com\Application\Admin\Model\AuthGroupModel.class.php 第 16 行.
SQL: SHOW COLUMNS FROM `ec_auth_group` [ RunTime:0.0024s ]
SQL: SELECT * FROM `ec_auth_group` WHERE ( status=1 )  [ RunTime:0.0005s ]
NOTIC: [8] Use of undefined constant length - assumed 'length' E:\Program\tptest.com\Application\Admin\Controller\MenuController.class.php 第 10 行.
NOTIC: [8] Array to string conversion E:\Program\tptest.com\Application\Admin\Controller\MenuController.class.php 第 10 行.
INFO: [ view_parse ] --START--
INFO: [ template_filter ] --START--
INFO: Run Behavior\ContentReplaceBehavior [ RunTime:0.000097s ]
INFO: [ template_filter ] --END-- [ RunTime:0.000150s ]
NOTIC: [8] Undefined variable: meta_title E:\Program\tptest.com\Application\Runtime\Cache\Admin\b956215329b6f9aca22277599a4efdfc.php 第 7 行.
NOTIC: [8] Undefined variable: meta_title E:\Program\tptest.com\Application\Runtime\Cache\Admin\b956215329b6f9aca22277599a4efdfc.php 第 375 行.
INFO: Run Behavior\ParseTemplateBehavior [ RunTime:0.009735s ]
INFO: [ view_parse ] --END-- [ RunTime:0.009775s ]
INFO: [ view_filter ] --START--
INFO: Run Behavior\WriteHtmlCacheBehavior [ RunTime:0.000193s ]
INFO: [ view_filter ] --END-- [ RunTime:0.000218s ]
INFO: [ app_end ] --START--
INFO: Run Behavior\ShowPageTraceBehavior [ RunTime:0.000594s ]
INFO: [ app_end ] --END-- [ RunTime:0.000643s ]

[ 2016-09-16T22:54:50+08:00 ] 127.0.0.1 /Admin/menu/index.html
INFO: [ app_init ] --START--
INFO: Run Behavior\BuildLiteBehavior [ RunTime:0.000011s ]
INFO: [ app_init ] --END-- [ RunTime:0.000277s ]
INFO: [ app_begin ] --START--
INFO: Run Behavior\ReadHtmlCacheBehavior [ RunTime:0.000386s ]
INFO: [ app_begin ] --END-- [ RunTime:0.000421s ]
SQL: SHOW COLUMNS FROM `ec_auth_group` [ RunTime:0.0023s ]
NOTIC: [2048] Declaration of Admin\Model\AuthGroupModel::add() should be compatible with Think\Model::add($data = '', $options = Array, $replace = false) E:\Program\tptest.com\Application\Admin\Model\AuthGroupModel.class.php 第 16 行.
SQL: SHOW COLUMNS FROM `ec_auth_group` [ RunTime:0.0021s ]
SQL: SELECT * FROM `ec_auth_group` WHERE ( status=1 )  [ RunTime:0.0005s ]
NOTIC: [8] Use of undefined constant length - assumed 'length' E:\Program\tptest.com\Application\Admin\Controller\MenuController.class.php 第 10 行.
NOTIC: [8] Array to string conversion E:\Program\tptest.com\Application\Admin\Controller\MenuController.class.php 第 10 行.
INFO: [ view_parse ] --START--
INFO: [ template_filter ] --START--
INFO: Run Behavior\ContentReplaceBehavior [ RunTime:0.000065s ]
INFO: [ template_filter ] --END-- [ RunTime:0.000109s ]
NOTIC: [8] Undefined variable: meta_title E:\Program\tptest.com\Application\Runtime\Cache\Admin\b956215329b6f9aca22277599a4efdfc.php 第 7 行.
NOTIC: [8] Undefined variable: meta_title E:\Program\tptest.com\Application\Runtime\Cache\Admin\b956215329b6f9aca22277599a4efdfc.php 第 375 行.
INFO: Run Behavior\ParseTemplateBehavior [ RunTime:0.008509s ]
INFO: [ view_parse ] --END-- [ RunTime:0.008549s ]
INFO: [ view_filter ] --START--
INFO: Run Behavior\WriteHtmlCacheBehavior [ RunTime:0.000197s ]
INFO: [ view_filter ] --END-- [ RunTime:0.000223s ]
INFO: [ app_end ] --START--
INFO: Run Behavior\ShowPageTraceBehavior [ RunTime:0.000691s ]
INFO: [ app_end ] --END-- [ RunTime:0.000762s ]

[ 2016-09-16T22:54:53+08:00 ] 127.0.0.1 /Admin/menu/index.html
INFO: [ app_init ] --START--
INFO: Run Behavior\BuildLiteBehavior [ RunTime:0.000019s ]
INFO: [ app_init ] --END-- [ RunTime:0.000548s ]
INFO: [ app_begin ] --START--
INFO: Run Behavior\ReadHtmlCacheBehavior [ RunTime:0.000807s ]
INFO: [ app_begin ] --END-- [ RunTime:0.000879s ]
SQL: SHOW COLUMNS FROM `ec_auth_group` [ RunTime:0.0027s ]
NOTIC: [2048] Declaration of Admin\Model\AuthGroupModel::add() should be compatible with Think\Model::add($data = '', $options = Array, $replace = false) E:\Program\tptest.com\Application\Admin\Model\AuthGroupModel.class.php 第 16 行.
SQL: SHOW COLUMNS FROM `ec_auth_group` [ RunTime:0.0029s ]
SQL: SELECT * FROM `ec_auth_group` WHERE ( status=1 )  [ RunTime:0.0007s ]
NOTIC: [8] Use of undefined constant length - assumed 'length' E:\Program\tptest.com\Application\Admin\Controller\MenuController.class.php 第 10 行.
NOTIC: [8] Array to string conversion E:\Program\tptest.com\Application\Admin\Controller\MenuController.class.php 第 10 行.
INFO: [ view_parse ] --START--
INFO: [ template_filter ] --START--
INFO: Run Behavior\ContentReplaceBehavior [ RunTime:0.000075s ]
INFO: [ template_filter ] --END-- [ RunTime:0.000115s ]
NOTIC: [8] Undefined variable: meta_title E:\Program\tptest.com\Application\Runtime\Cache\Admin\b956215329b6f9aca22277599a4efdfc.php 第 7 行.
NOTIC: [8] Undefined variable: meta_title E:\Program\tptest.com\Application\Runtime\Cache\Admin\b956215329b6f9aca22277599a4efdfc.php 第 375 行.
INFO: Run Behavior\ParseTemplateBehavior [ RunTime:0.010198s ]
INFO: [ view_parse ] --END-- [ RunTime:0.010246s ]
INFO: [ view_filter ] --START--
INFO: Run Behavior\WriteHtmlCacheBehavior [ RunTime:0.000251s ]
INFO: [ view_filter ] --END-- [ RunTime:0.000284s ]
INFO: [ app_end ] --START--
INFO: Run Behavior\ShowPageTraceBehavior [ RunTime:0.000608s ]
INFO: [ app_end ] --END-- [ RunTime:0.000658s ]

[ 2016-09-16T22:54:53+08:00 ] 127.0.0.1 /Admin/menu/index.html
INFO: [ app_init ] --START--
INFO: Run Behavior\BuildLiteBehavior [ RunTime:0.000014s ]
INFO: [ app_init ] --END-- [ RunTime:0.000467s ]
INFO: [ app_begin ] --START--
INFO: Run Behavior\ReadHtmlCacheBehavior [ RunTime:0.000790s ]
INFO: [ app_begin ] --END-- [ RunTime:0.000841s ]
SQL: SHOW COLUMNS FROM `ec_auth_group` [ RunTime:0.0032s ]
NOTIC: [2048] Declaration of Admin\Model\AuthGroupModel::add() should be compatible with Think\Model::add($data = '', $options = Array, $replace = false) E:\Program\tptest.com\Application\Admin\Model\AuthGroupModel.class.php 第 16 行.
SQL: SHOW COLUMNS FROM `ec_auth_group` [ RunTime:0.0027s ]
SQL: SELECT * FROM `ec_auth_group` WHERE ( status=1 )  [ RunTime:0.0004s ]
NOTIC: [8] Use of undefined constant length - assumed 'length' E:\Program\tptest.com\Application\Admin\Controller\MenuController.class.php 第 10 行.
NOTIC: [8] Array to string conversion E:\Program\tptest.com\Application\Admin\Controller\MenuController.class.php 第 10 行.
INFO: [ view_parse ] --START--
INFO: [ template_filter ] --START--
INFO: Run Behavior\ContentReplaceBehavior [ RunTime:0.000058s ]
INFO: [ template_filter ] --END-- [ RunTime:0.000091s ]
NOTIC: [8] Undefined variable: meta_title E:\Program\tptest.com\Application\Runtime\Cache\Admin\b956215329b6f9aca22277599a4efdfc.php 第 7 行.
NOTIC: [8] Undefined variable: meta_title E:\Program\tptest.com\Application\Runtime\Cache\Admin\b956215329b6f9aca22277599a4efdfc.php 第 375 行.
INFO: Run Behavior\ParseTemplateBehavior [ RunTime:0.008287s ]
INFO: [ view_parse ] --END-- [ RunTime:0.008325s ]
INFO: [ view_filter ] --START--
INFO: Run Behavior\WriteHtmlCacheBehavior [ RunTime:0.000289s ]
INFO: [ view_filter ] --END-- [ RunTime:0.000314s ]
INFO: [ app_end ] --START--
INFO: Run Behavior\ShowPageTraceBehavior [ RunTime:0.000761s ]
INFO: [ app_end ] --END-- [ RunTime:0.000799s ]

[ 2016-09-16T22:55:34+08:00 ] 127.0.0.1 /Admin/menu/index.html
INFO: [ app_init ] --START--
INFO: Run Behavior\BuildLiteBehavior [ RunTime:0.000011s ]
INFO: [ app_init ] --END-- [ RunTime:0.000321s ]
INFO: [ app_begin ] --START--
INFO: Run Behavior\ReadHtmlCacheBehavior [ RunTime:0.000531s ]
INFO: [ app_begin ] --END-- [ RunTime:0.000564s ]
SQL: SHOW COLUMNS FROM `ec_auth_group` [ RunTime:0.0020s ]
NOTIC: [2048] Declaration of Admin\Model\AuthGroupModel::add() should be compatible with Think\Model::add($data = '', $options = Array, $replace = false) E:\Program\tptest.com\Application\Admin\Model\AuthGroupModel.class.php 第 16 行.
SQL: SHOW COLUMNS FROM `ec_auth_group` [ RunTime:0.0017s ]
SQL: SELECT * FROM `ec_auth_group` WHERE ( status=1 )  [ RunTime:0.0002s ]
NOTIC: [8] Use of undefined constant length - assumed 'length' E:\Program\tptest.com\Application\Admin\Controller\MenuController.class.php 第 10 行.
NOTIC: [8] Array to string conversion E:\Program\tptest.com\Application\Admin\Controller\MenuController.class.php 第 10 行.
INFO: [ view_parse ] --START--
INFO: [ template_filter ] --START--
INFO: Run Behavior\ContentReplaceBehavior [ RunTime:0.000056s ]
INFO: [ template_filter ] --END-- [ RunTime:0.000083s ]
NOTIC: [8] Undefined variable: meta_title E:\Program\tptest.com\Application\Runtime\Cache\Admin\b956215329b6f9aca22277599a4efdfc.php 第 7 行.
NOTIC: [8] Undefined variable: meta_title E:\Program\tptest.com\Application\Runtime\Cache\Admin\b956215329b6f9aca22277599a4efdfc.php 第 375 行.
INFO: Run Behavior\ParseTemplateBehavior [ RunTime:0.008186s ]
INFO: [ view_parse ] --END-- [ RunTime:0.008232s ]
INFO: [ view_filter ] --START--
INFO: Run Behavior\WriteHtmlCacheBehavior [ RunTime:0.000296s ]
INFO: [ view_filter ] --END-- [ RunTime:0.000320s ]
INFO: [ app_end ] --START--
INFO: Run Behavior\ShowPageTraceBehavior [ RunTime:0.000614s ]
INFO: [ app_end ] --END-- [ RunTime:0.000657s ]

[ 2016-09-16T22:55:38+08:00 ] 127.0.0.1 /Admin/menu/index.html
INFO: [ app_init ] --START--
INFO: Run Behavior\BuildLiteBehavior [ RunTime:0.000010s ]
INFO: [ app_init ] --END-- [ RunTime:0.000309s ]
INFO: [ app_begin ] --START--
INFO: Run Behavior\ReadHtmlCacheBehavior [ RunTime:0.000541s ]
INFO: [ app_begin ] --END-- [ RunTime:0.000574s ]
SQL: SHOW COLUMNS FROM `ec_auth_group` [ RunTime:0.0029s ]
NOTIC: [2048] Declaration of Admin\Model\AuthGroupModel::add() should be compatible with Think\Model::add($data = '', $options = Array, $replace = false) E:\Program\tptest.com\Application\Admin\Model\AuthGroupModel.class.php 第 16 行.
SQL: SHOW COLUMNS FROM `ec_auth_group` [ RunTime:0.0018s ]
SQL: SELECT * FROM `ec_auth_group` WHERE ( status=1 )  [ RunTime:0.0003s ]
NOTIC: [8] Use of undefined constant length - assumed 'length' E:\Program\tptest.com\Application\Admin\Controller\MenuController.class.php 第 10 行.
NOTIC: [8] Array to string conversion E:\Program\tptest.com\Application\Admin\Controller\MenuController.class.php 第 10 行.
INFO: [ view_parse ] --START--
INFO: [ template_filter ] --START--
INFO: Run Behavior\ContentReplaceBehavior [ RunTime:0.000064s ]
INFO: [ template_filter ] --END-- [ RunTime:0.000107s ]
NOTIC: [8] Undefined variable: meta_title E:\Program\tptest.com\Application\Runtime\Cache\Admin\b956215329b6f9aca22277599a4efdfc.php 第 7 行.
NOTIC: [8] Undefined variable: meta_title E:\Program\tptest.com\Application\Runtime\Cache\Admin\b956215329b6f9aca22277599a4efdfc.php 第 375 行.
INFO: Run Behavior\ParseTemplateBehavior [ RunTime:0.008613s ]
INFO: [ view_parse ] --END-- [ RunTime:0.008667s ]
INFO: [ view_filter ] --START--
INFO: Run Behavior\WriteHtmlCacheBehavior [ RunTime:0.000339s ]
INFO: [ view_filter ] --END-- [ RunTime:0.000364s ]
INFO: [ app_end ] --START--
INFO: Run Behavior\ShowPageTraceBehavior [ RunTime:0.000805s ]
INFO: [ app_end ] --END-- [ RunTime:0.000886s ]

[ 2016-09-16T22:56:32+08:00 ] 127.0.0.1 /Admin/menu/index.html
INFO: [ app_init ] --START--
INFO: Run Behavior\BuildLiteBehavior [ RunTime:0.000012s ]
INFO: [ app_init ] --END-- [ RunTime:0.000365s ]
INFO: [ app_begin ] --START--
INFO: Run Behavior\ReadHtmlCacheBehavior [ RunTime:0.000844s ]
INFO: [ app_begin ] --END-- [ RunTime:0.000932s ]
SQL: SHOW COLUMNS FROM `ec_auth_group` [ RunTime:0.0026s ]
NOTIC: [2048] Declaration of Admin\Model\AuthGroupModel::add() should be compatible with Think\Model::add($data = '', $options = Array, $replace = false) E:\Program\tptest.com\Application\Admin\Model\AuthGroupModel.class.php 第 16 行.
SQL: SHOW COLUMNS FROM `ec_auth_group` [ RunTime:0.0021s ]
SQL: SELECT * FROM `ec_auth_group` WHERE ( status=1 )  [ RunTime:0.0004s ]
NOTIC: [8] Use of undefined constant length - assumed 'length' E:\Program\tptest.com\Application\Admin\Controller\MenuController.class.php 第 10 行.
NOTIC: [8] Array to string conversion E:\Program\tptest.com\Application\Admin\Controller\MenuController.class.php 第 10 行.
INFO: [ view_parse ] --START--
INFO: [ template_filter ] --START--
INFO: Run Behavior\ContentReplaceBehavior [ RunTime:0.000060s ]
INFO: [ template_filter ] --END-- [ RunTime:0.000102s ]
NOTIC: [8] Undefined variable: meta_title E:\Program\tptest.com\Application\Runtime\Cache\Admin\b956215329b6f9aca22277599a4efdfc.php 第 7 行.
NOTIC: [8] Undefined variable: meta_title E:\Program\tptest.com\Application\Runtime\Cache\Admin\b956215329b6f9aca22277599a4efdfc.php 第 375 行.
INFO: Run Behavior\ParseTemplateBehavior [ RunTime:0.009258s ]
INFO: [ view_parse ] --END-- [ RunTime:0.009299s ]
INFO: [ view_filter ] --START--
INFO: Run Behavior\WriteHtmlCacheBehavior [ RunTime:0.000308s ]
INFO: [ view_filter ] --END-- [ RunTime:0.000334s ]
INFO: [ app_end ] --START--
INFO: Run Behavior\ShowPageTraceBehavior [ RunTime:0.000534s ]
INFO: [ app_end ] --END-- [ RunTime:0.000570s ]

[ 2016-09-16T22:59:22+08:00 ] 127.0.0.1 /Admin/menu/index.html
INFO: [ app_init ] --START--
INFO: Run Behavior\BuildLiteBehavior [ RunTime:0.000011s ]
INFO: [ app_init ] --END-- [ RunTime:0.000346s ]
INFO: [ app_begin ] --START--
INFO: Run Behavior\ReadHtmlCacheBehavior [ RunTime:0.000527s ]
INFO: [ app_begin ] --END-- [ RunTime:0.000560s ]
SQL: SHOW COLUMNS FROM `ec_auth_group` [ RunTime:0.0022s ]
NOTIC: [2048] Declaration of Admin\Model\AuthGroupModel::add() should be compatible with Think\Model::add($data = '', $options = Array, $replace = false) E:\Program\tptest.com\Application\Admin\Model\AuthGroupModel.class.php 第 16 行.
SQL: SHOW COLUMNS FROM `ec_auth_group` [ RunTime:0.0020s ]
SQL: SELECT * FROM `ec_auth_group` WHERE ( status=1 )  [ RunTime:0.0004s ]
NOTIC: [8] Use of undefined constant length - assumed 'length' E:\Program\tptest.com\Application\Admin\Controller\MenuController.class.php 第 10 行.
NOTIC: [8] Array to string conversion E:\Program\tptest.com\Application\Admin\Controller\MenuController.class.php 第 10 行.
INFO: [ view_parse ] --START--
INFO: [ template_filter ] --START--
INFO: Run Behavior\ContentReplaceBehavior [ RunTime:0.000057s ]
INFO: [ template_filter ] --END-- [ RunTime:0.000086s ]
INFO: Run Behavior\ParseTemplateBehavior [ RunTime:0.008307s ]
INFO: [ view_parse ] --END-- [ RunTime:0.008352s ]
INFO: [ view_filter ] --START--
INFO: Run Behavior\WriteHtmlCacheBehavior [ RunTime:0.000301s ]
INFO: [ view_filter ] --END-- [ RunTime:0.000331s ]
INFO: [ app_end ] --START--
INFO: Run Behavior\ShowPageTraceBehavior [ RunTime:0.000647s ]
INFO: [ app_end ] --END-- [ RunTime:0.000685s ]

[ 2016-09-16T23:00:17+08:00 ] 127.0.0.1 /Admin/menu/index.html
INFO: [ app_init ] --START--
INFO: Run Behavior\BuildLiteBehavior [ RunTime:0.000009s ]
INFO: [ app_init ] --END-- [ RunTime:0.000305s ]
INFO: [ app_begin ] --START--
INFO: Run Behavior\ReadHtmlCacheBehavior [ RunTime:0.000507s ]
INFO: [ app_begin ] --END-- [ RunTime:0.000540s ]
SQL: SHOW COLUMNS FROM `ec_auth_group` [ RunTime:0.0024s ]
NOTIC: [2048] Declaration of Admin\Model\AuthGroupModel::add() should be compatible with Think\Model::add($data = '', $options = Array, $replace = false) E:\Program\tptest.com\Application\Admin\Model\AuthGroupModel.class.php 第 16 行.
SQL: SHOW COLUMNS FROM `ec_auth_group` [ RunTime:0.0021s ]
SQL: SELECT * FROM `ec_auth_group` WHERE ( status=1 )  [ RunTime:0.0003s ]
NOTIC: [8] Use of undefined constant length - assumed 'length' E:\Program\tptest.com\Application\Admin\Controller\MenuController.class.php 第 10 行.
NOTIC: [8] Array to string conversion E:\Program\tptest.com\Application\Admin\Controller\MenuController.class.php 第 10 行.
INFO: [ view_parse ] --START--
INFO: [ template_filter ] --START--
INFO: Run Behavior\ContentReplaceBehavior [ RunTime:0.000086s ]
INFO: [ template_filter ] --END-- [ RunTime:0.000113s ]
INFO: Run Behavior\ParseTemplateBehavior [ RunTime:0.008247s ]
INFO: [ view_parse ] --END-- [ RunTime:0.008290s ]
INFO: [ view_filter ] --START--
INFO: Run Behavior\WriteHtmlCacheBehavior [ RunTime:0.000291s ]
INFO: [ view_filter ] --END-- [ RunTime:0.000315s ]
INFO: [ app_end ] --START--
INFO: Run Behavior\ShowPageTraceBehavior [ RunTime:0.000539s ]
INFO: [ app_end ] --END-- [ RunTime:0.000577s ]

[ 2016-09-16T23:00:40+08:00 ] 127.0.0.1 /Admin/menu/index.html
INFO: [ app_init ] --START--
INFO: Run Behavior\BuildLiteBehavior [ RunTime:0.000017s ]
INFO: [ app_init ] --END-- [ RunTime:0.000609s ]
INFO: [ app_begin ] --START--
INFO: Run Behavior\ReadHtmlCacheBehavior [ RunTime:0.001028s ]
INFO: [ app_begin ] --END-- [ RunTime:0.001094s ]
SQL: SHOW COLUMNS FROM `ec_auth_group` [ RunTime:0.0024s ]
NOTIC: [2048] Declaration of Admin\Model\AuthGroupModel::add() should be compatible with Think\Model::add($data = '', $options = Array, $replace = false) E:\Program\tptest.com\Application\Admin\Model\AuthGroupModel.class.php 第 16 行.
SQL: SHOW COLUMNS FROM `ec_auth_group` [ RunTime:0.0022s ]
SQL: SELECT * FROM `ec_auth_group` WHERE ( status=1 )  [ RunTime:0.0003s ]
NOTIC: [8] Use of undefined constant length - assumed 'length' E:\Program\tptest.com\Application\Admin\Controller\MenuController.class.php 第 10 行.
NOTIC: [8] Array to string conversion E:\Program\tptest.com\Application\Admin\Controller\MenuController.class.php 第 10 行.
INFO: [ view_parse ] --START--
INFO: [ template_filter ] --START--
INFO: Run Behavior\ContentReplaceBehavior [ RunTime:0.000072s ]
INFO: [ template_filter ] --END-- [ RunTime:0.000112s ]
INFO: Run Behavior\ParseTemplateBehavior [ RunTime:0.008237s ]
INFO: [ view_parse ] --END-- [ RunTime:0.008280s ]
INFO: [ view_filter ] --START--
INFO: Run Behavior\WriteHtmlCacheBehavior [ RunTime:0.000299s ]
INFO: [ view_filter ] --END-- [ RunTime:0.000324s ]
INFO: [ app_end ] --START--
INFO: Run Behavior\ShowPageTraceBehavior [ RunTime:0.000555s ]
INFO: [ app_end ] --END-- [ RunTime:0.000603s ]

[ 2016-09-16T23:01:03+08:00 ] 127.0.0.1 /Admin/menu/index.html
INFO: [ app_init ] --START--
INFO: Run Behavior\BuildLiteBehavior [ RunTime:0.000009s ]
INFO: [ app_init ] --END-- [ RunTime:0.000266s ]
INFO: [ app_begin ] --START--
INFO: Run Behavior\ReadHtmlCacheBehavior [ RunTime:0.000384s ]
INFO: [ app_begin ] --END-- [ RunTime:0.000417s ]
SQL: SHOW COLUMNS FROM `ec_auth_group` [ RunTime:0.0020s ]
NOTIC: [2048] Declaration of Admin\Model\AuthGroupModel::add() should be compatible with Think\Model::add($data = '', $options = Array, $replace = false) E:\Program\tptest.com\Application\Admin\Model\AuthGroupModel.class.php 第 16 行.
SQL: SHOW COLUMNS FROM `ec_auth_group` [ RunTime:0.0022s ]
SQL: SELECT * FROM `ec_auth_group` WHERE ( status=1 )  [ RunTime:0.0003s ]
NOTIC: [8] Use of undefined constant length - assumed 'length' E:\Program\tptest.com\Application\Admin\Controller\MenuController.class.php 第 10 行.
NOTIC: [8] Array to string conversion E:\Program\tptest.com\Application\Admin\Controller\MenuController.class.php 第 10 行.
INFO: [ view_parse ] --START--
INFO: [ template_filter ] --START--
INFO: Run Behavior\ContentReplaceBehavior [ RunTime:0.000062s ]
INFO: [ template_filter ] --END-- [ RunTime:0.000103s ]
INFO: Run Behavior\ParseTemplateBehavior [ RunTime:0.007878s ]
INFO: [ view_parse ] --END-- [ RunTime:0.007936s ]
INFO: [ view_filter ] --START--
INFO: Run Behavior\WriteHtmlCacheBehavior [ RunTime:0.000234s ]
INFO: [ view_filter ] --END-- [ RunTime:0.000265s ]
INFO: [ app_end ] --START--
INFO: Run Behavior\ShowPageTraceBehavior [ RunTime:0.000548s ]
INFO: [ app_end ] --END-- [ RunTime:0.000594s ]

[ 2016-09-16T23:01:04+08:00 ] 127.0.0.1 /Admin/menu/index.html
INFO: [ app_init ] --START--
INFO: Run Behavior\BuildLiteBehavior [ RunTime:0.000011s ]
INFO: [ app_init ] --END-- [ RunTime:0.000269s ]
INFO: [ app_begin ] --START--
INFO: Run Behavior\ReadHtmlCacheBehavior [ RunTime:0.000387s ]
INFO: [ app_begin ] --END-- [ RunTime:0.000420s ]
SQL: SHOW COLUMNS FROM `ec_auth_group` [ RunTime:0.0032s ]
NOTIC: [2048] Declaration of Admin\Model\AuthGroupModel::add() should be compatible with Think\Model::add($data = '', $options = Array, $replace = false) E:\Program\tptest.com\Application\Admin\Model\AuthGroupModel.class.php 第 16 行.
SQL: SHOW COLUMNS FROM `ec_auth_group` [ RunTime:0.0020s ]
SQL: SELECT * FROM `ec_auth_group` WHERE ( status=1 )  [ RunTime:0.0004s ]
NOTIC: [8] Use of undefined constant length - assumed 'length' E:\Program\tptest.com\Application\Admin\Controller\MenuController.class.php 第 10 行.
NOTIC: [8] Array to string conversion E:\Program\tptest.com\Application\Admin\Controller\MenuController.class.php 第 10 行.
INFO: [ view_parse ] --START--
INFO: [ template_filter ] --START--
INFO: Run Behavior\ContentReplaceBehavior [ RunTime:0.000156s ]
INFO: [ template_filter ] --END-- [ RunTime:0.000225s ]
INFO: Run Behavior\ParseTemplateBehavior [ RunTime:0.010414s ]
INFO: [ view_parse ] --END-- [ RunTime:0.010470s ]
INFO: [ view_filter ] --START--
INFO: Run Behavior\WriteHtmlCacheBehavior [ RunTime:0.000216s ]
INFO: [ view_filter ] --END-- [ RunTime:0.000243s ]
INFO: [ app_end ] --START--
INFO: Run Behavior\ShowPageTraceBehavior [ RunTime:0.000625s ]
INFO: [ app_end ] --END-- [ RunTime:0.000690s ]

[ 2016-09-16T23:01:37+08:00 ] 127.0.0.1 /Admin/menu/index.html
INFO: [ app_init ] --START--
INFO: Run Behavior\BuildLiteBehavior [ RunTime:0.000011s ]
INFO: [ app_init ] --END-- [ RunTime:0.000289s ]
INFO: [ app_begin ] --START--
INFO: Run Behavior\ReadHtmlCacheBehavior [ RunTime:0.000541s ]
INFO: [ app_begin ] --END-- [ RunTime:0.000621s ]
SQL: SHOW COLUMNS FROM `ec_auth_group` [ RunTime:0.0024s ]
NOTIC: [2048] Declaration of Admin\Model\AuthGroupModel::add() should be compatible with Think\Model::add($data = '', $options = Array, $replace = false) E:\Program\tptest.com\Application\Admin\Model\AuthGroupModel.class.php 第 16 行.
SQL: SHOW COLUMNS FROM `ec_auth_group` [ RunTime:0.0026s ]
SQL: SELECT * FROM `ec_auth_group` WHERE ( status=1 )  [ RunTime:0.0005s ]
NOTIC: [8] Use of undefined constant length - assumed 'length' E:\Program\tptest.com\Application\Admin\Controller\MenuController.class.php 第 10 行.
NOTIC: [8] Array to string conversion E:\Program\tptest.com\Application\Admin\Controller\MenuController.class.php 第 10 行.
INFO: [ view_parse ] --START--
INFO: [ template_filter ] --START--
INFO: Run Behavior\ContentReplaceBehavior [ RunTime:0.000094s ]
INFO: [ template_filter ] --END-- [ RunTime:0.000154s ]
INFO: Run Behavior\ParseTemplateBehavior [ RunTime:0.008562s ]
INFO: [ view_parse ] --END-- [ RunTime:0.008604s ]
INFO: [ view_filter ] --START--
INFO: Run Behavior\WriteHtmlCacheBehavior [ RunTime:0.000194s ]
INFO: [ view_filter ] --END-- [ RunTime:0.000220s ]
INFO: [ app_end ] --START--
INFO: Run Behavior\ShowPageTraceBehavior [ RunTime:0.000674s ]
INFO: [ app_end ] --END-- [ RunTime:0.000724s ]

[ 2016-09-16T23:02:36+08:00 ] 127.0.0.1 /Admin/menu/index.html
INFO: [ app_init ] --START--
INFO: Run Behavior\BuildLiteBehavior [ RunTime:0.000009s ]
INFO: [ app_init ] --END-- [ RunTime:0.000295s ]
INFO: [ app_begin ] --START--
INFO: Run Behavior\ReadHtmlCacheBehavior [ RunTime:0.000368s ]
INFO: [ app_begin ] --END-- [ RunTime:0.000399s ]
SQL: SHOW COLUMNS FROM `ec_auth_group` [ RunTime:0.0021s ]
NOTIC: [2048] Declaration of Admin\Model\AuthGroupModel::add() should be compatible with Think\Model::add($data = '', $options = Array, $replace = false) E:\Program\tptest.com\Application\Admin\Model\AuthGroupModel.class.php 第 16 行.
SQL: SHOW COLUMNS FROM `ec_auth_group` [ RunTime:0.0020s ]
SQL: SELECT * FROM `ec_auth_group` WHERE ( status=1 )  [ RunTime:0.0003s ]
NOTIC: [8] Undefined variable: data E:\Program\tptest.com\Application\Admin\Controller\MenuController.class.php 第 11 行.
NOTIC: [8] Undefined variable: data E:\Program\tptest.com\Application\Admin\Controller\MenuController.class.php 第 11 行.
NOTIC: [8] Undefined variable: data E:\Program\tptest.com\Application\Admin\Controller\MenuController.class.php 第 11 行.
NOTIC: [8] Undefined variable: data E:\Program\tptest.com\Application\Admin\Controller\MenuController.class.php 第 11 行.
INFO: [ view_parse ] --START--
INFO: [ template_filter ] --START--
INFO: Run Behavior\ContentReplaceBehavior [ RunTime:0.000081s ]
INFO: [ template_filter ] --END-- [ RunTime:0.000125s ]
INFO: Run Behavior\ParseTemplateBehavior [ RunTime:0.007912s ]
INFO: [ view_parse ] --END-- [ RunTime:0.007950s ]
INFO: [ view_filter ] --START--
INFO: Run Behavior\WriteHtmlCacheBehavior [ RunTime:0.000167s ]
INFO: [ view_filter ] --END-- [ RunTime:0.000206s ]
INFO: [ app_end ] --START--
INFO: Run Behavior\ShowPageTraceBehavior [ RunTime:0.000414s ]
INFO: [ app_end ] --END-- [ RunTime:0.000453s ]

[ 2016-09-16T23:03:55+08:00 ] 127.0.0.1 /Admin/menu/index.html
INFO: [ app_init ] --START--
INFO: Run Behavior\BuildLiteBehavior [ RunTime:0.000010s ]
INFO: [ app_init ] --END-- [ RunTime:0.000313s ]
INFO: [ app_begin ] --START--
INFO: Run Behavior\ReadHtmlCacheBehavior [ RunTime:0.000536s ]
INFO: [ app_begin ] --END-- [ RunTime:0.000571s ]
SQL: SHOW COLUMNS FROM `ec_auth_group` [ RunTime:0.0024s ]
NOTIC: [2048] Declaration of Admin\Model\AuthGroupModel::add() should be compatible with Think\Model::add($data = '', $options = Array, $replace = false) E:\Program\tptest.com\Application\Admin\Model\AuthGroupModel.class.php 第 16 行.
SQL: SHOW COLUMNS FROM `ec_auth_group` [ RunTime:0.0022s ]
SQL: SELECT * FROM `ec_auth_group` WHERE ( status=1 )  [ RunTime:0.0003s ]
NOTIC: [8] Undefined variable: data E:\Program\tptest.com\Application\Admin\Controller\MenuController.class.php 第 11 行.
NOTIC: [8] Undefined variable: data E:\Program\tptest.com\Application\Admin\Controller\MenuController.class.php 第 11 行.
NOTIC: [8] Undefined variable: data E:\Program\tptest.com\Application\Admin\Controller\MenuController.class.php 第 11 行.
NOTIC: [8] Undefined variable: data E:\Program\tptest.com\Application\Admin\Controller\MenuController.class.php 第 11 行.
INFO: [ view_parse ] --START--
INFO: [ template_filter ] --START--
INFO: Run Behavior\ContentReplaceBehavior [ RunTime:0.000056s ]
INFO: [ template_filter ] --END-- [ RunTime:0.000084s ]
INFO: Run Behavior\ParseTemplateBehavior [ RunTime:0.008380s ]
INFO: [ view_parse ] --END-- [ RunTime:0.008424s ]
INFO: [ view_filter ] --START--
INFO: Run Behavior\WriteHtmlCacheBehavior [ RunTime:0.000276s ]
INFO: [ view_filter ] --END-- [ RunTime:0.000317s ]
INFO: [ app_end ] --START--
INFO: Run Behavior\ShowPageTraceBehavior [ RunTime:0.000535s ]
INFO: [ app_end ] --END-- [ RunTime:0.000567s ]

[ 2016-09-16T23:03:56+08:00 ] 127.0.0.1 /Admin/menu/index.html
INFO: [ app_init ] --START--
INFO: Run Behavior\BuildLiteBehavior [ RunTime:0.000016s ]
INFO: [ app_init ] --END-- [ RunTime:0.000439s ]
INFO: [ app_begin ] --START--
INFO: Run Behavior\ReadHtmlCacheBehavior [ RunTime:0.000631s ]
INFO: [ app_begin ] --END-- [ RunTime:0.000691s ]
SQL: SHOW COLUMNS FROM `ec_auth_group` [ RunTime:0.0032s ]
NOTIC: [2048] Declaration of Admin\Model\AuthGroupModel::add() should be compatible with Think\Model::add($data = '', $options = Array, $replace = false) E:\Program\tptest.com\Application\Admin\Model\AuthGroupModel.class.php 第 16 行.
SQL: SHOW COLUMNS FROM `ec_auth_group` [ RunTime:0.0020s ]
SQL: SELECT * FROM `ec_auth_group` WHERE ( status=1 )  [ RunTime:0.0002s ]
NOTIC: [8] Undefined variable: data E:\Program\tptest.com\Application\Admin\Controller\MenuController.class.php 第 11 行.
NOTIC: [8] Undefined variable: data E:\Program\tptest.com\Application\Admin\Controller\MenuController.class.php 第 11 行.
NOTIC: [8] Undefined variable: data E:\Program\tptest.com\Application\Admin\Controller\MenuController.class.php 第 11 行.
NOTIC: [8] Undefined variable: data E:\Program\tptest.com\Application\Admin\Controller\MenuController.class.php 第 11 行.
INFO: [ view_parse ] --START--
INFO: [ template_filter ] --START--
INFO: Run Behavior\ContentReplaceBehavior [ RunTime:0.000058s ]
INFO: [ template_filter ] --END-- [ RunTime:0.000089s ]
INFO: Run Behavior\ParseTemplateBehavior [ RunTime:0.007671s ]
INFO: [ view_parse ] --END-- [ RunTime:0.007709s ]
INFO: [ view_filter ] --START--
INFO: Run Behavior\WriteHtmlCacheBehavior [ RunTime:0.000168s ]
INFO: [ view_filter ] --END-- [ RunTime:0.000192s ]
INFO: [ app_end ] --START--
INFO: Run Behavior\ShowPageTraceBehavior [ RunTime:0.000389s ]
INFO: [ app_end ] --END-- [ RunTime:0.000418s ]

[ 2016-09-16T23:03:57+08:00 ] 127.0.0.1 /Admin/menu/index.html
INFO: [ app_init ] --START--
INFO: Run Behavior\BuildLiteBehavior [ RunTime:0.000017s ]
INFO: [ app_init ] --END-- [ RunTime:0.000485s ]
INFO: [ app_begin ] --START--
INFO: Run Behavior\ReadHtmlCacheBehavior [ RunTime:0.000704s ]
INFO: [ app_begin ] --END-- [ RunTime:0.000765s ]
SQL: SHOW COLUMNS FROM `ec_auth_group` [ RunTime:0.0037s ]
NOTIC: [2048] Declaration of Admin\Model\AuthGroupModel::add() should be compatible with Think\Model::add($data = '', $options = Array, $replace = false) E:\Program\tptest.com\Application\Admin\Model\AuthGroupModel.class.php 第 16 行.
SQL: SHOW COLUMNS FROM `ec_auth_group` [ RunTime:0.0035s ]
SQL: SELECT * FROM `ec_auth_group` WHERE ( status=1 )  [ RunTime:0.0006s ]
NOTIC: [8] Undefined variable: data E:\Program\tptest.com\Application\Admin\Controller\MenuController.class.php 第 11 行.
NOTIC: [8] Undefined variable: data E:\Program\tptest.com\Application\Admin\Controller\MenuController.class.php 第 11 行.
NOTIC: [8] Undefined variable: data E:\Program\tptest.com\Application\Admin\Controller\MenuController.class.php 第 11 行.
NOTIC: [8] Undefined variable: data E:\Program\tptest.com\Application\Admin\Controller\MenuController.class.php 第 11 行.
INFO: [ view_parse ] --START--
INFO: [ template_filter ] --START--
INFO: Run Behavior\ContentReplaceBehavior [ RunTime:0.000107s ]
INFO: [ template_filter ] --END-- [ RunTime:0.000169s ]
INFO: Run Behavior\ParseTemplateBehavior [ RunTime:0.014171s ]
INFO: [ view_parse ] --END-- [ RunTime:0.014244s ]
INFO: [ view_filter ] --START--
INFO: Run Behavior\WriteHtmlCacheBehavior [ RunTime:0.000320s ]
INFO: [ view_filter ] --END-- [ RunTime:0.000367s ]
INFO: [ app_end ] --START--
INFO: Run Behavior\ShowPageTraceBehavior [ RunTime:0.000741s ]
INFO: [ app_end ] --END-- [ RunTime:0.000797s ]

[ 2016-09-16T23:03:57+08:00 ] 127.0.0.1 /Admin/menu/index.html
INFO: [ app_init ] --START--
INFO: Run Behavior\BuildLiteBehavior [ RunTime:0.000009s ]
INFO: [ app_init ] --END-- [ RunTime:0.000252s ]
INFO: [ app_begin ] --START--
INFO: Run Behavior\ReadHtmlCacheBehavior [ RunTime:0.000361s ]
INFO: [ app_begin ] --END-- [ RunTime:0.000392s ]
SQL: SHOW COLUMNS FROM `ec_auth_group` [ RunTime:0.0024s ]
NOTIC: [2048] Declaration of Admin\Model\AuthGroupModel::add() should be compatible with Think\Model::add($data = '', $options = Array, $replace = false) E:\Program\tptest.com\Application\Admin\Model\AuthGroupModel.class.php 第 16 行.
SQL: SHOW COLUMNS FROM `ec_auth_group` [ RunTime:0.0020s ]
SQL: SELECT * FROM `ec_auth_group` WHERE ( status=1 )  [ RunTime:0.0004s ]
NOTIC: [8] Undefined variable: data E:\Program\tptest.com\Application\Admin\Controller\MenuController.class.php 第 11 行.
NOTIC: [8] Undefined variable: data E:\Program\tptest.com\Application\Admin\Controller\MenuController.class.php 第 11 行.
NOTIC: [8] Undefined variable: data E:\Program\tptest.com\Application\Admin\Controller\MenuController.class.php 第 11 行.
NOTIC: [8] Undefined variable: data E:\Program\tptest.com\Application\Admin\Controller\MenuController.class.php 第 11 行.
INFO: [ view_parse ] --START--
INFO: [ template_filter ] --START--
INFO: Run Behavior\ContentReplaceBehavior [ RunTime:0.000081s ]
INFO: [ template_filter ] --END-- [ RunTime:0.000117s ]
INFO: Run Behavior\ParseTemplateBehavior [ RunTime:0.008214s ]
INFO: [ view_parse ] --END-- [ RunTime:0.008262s ]
INFO: [ view_filter ] --START--
INFO: Run Behavior\WriteHtmlCacheBehavior [ RunTime:0.000208s ]
INFO: [ view_filter ] --END-- [ RunTime:0.000234s ]
INFO: [ app_end ] --START--
INFO: Run Behavior\ShowPageTraceBehavior [ RunTime:0.000392s ]
INFO: [ app_end ] --END-- [ RunTime:0.000423s ]

[ 2016-09-16T23:04:27+08:00 ] 127.0.0.1 /Admin/menu/index.html
INFO: [ app_init ] --START--
INFO: Run Behavior\BuildLiteBehavior [ RunTime:0.000018s ]
INFO: [ app_init ] --END-- [ RunTime:0.000537s ]
INFO: [ app_begin ] --START--
INFO: Run Behavior\ReadHtmlCacheBehavior [ RunTime:0.000710s ]
INFO: [ app_begin ] --END-- [ RunTime:0.000763s ]
SQL: SHOW COLUMNS FROM `ec_auth_group` [ RunTime:0.0024s ]
NOTIC: [2048] Declaration of Admin\Model\AuthGroupModel::add() should be compatible with Think\Model::add($data = '', $options = Array, $replace = false) E:\Program\tptest.com\Application\Admin\Model\AuthGroupModel.class.php 第 16 行.
SQL: SHOW COLUMNS FROM `ec_auth_group` [ RunTime:0.0026s ]
SQL: SELECT * FROM `ec_auth_group` WHERE ( status=1 )  [ RunTime:0.0005s ]
NOTIC: [8] Undefined variable: data E:\Program\tptest.com\Application\Admin\Controller\MenuController.class.php 第 11 行.
NOTIC: [8] Undefined variable: data E:\Program\tptest.com\Application\Admin\Controller\MenuController.class.php 第 11 行.
NOTIC: [8] Undefined variable: data E:\Program\tptest.com\Application\Admin\Controller\MenuController.class.php 第 11 行.
NOTIC: [8] Undefined variable: data E:\Program\tptest.com\Application\Admin\Controller\MenuController.class.php 第 11 行.
INFO: [ view_parse ] --START--
INFO: [ template_filter ] --START--
INFO: Run Behavior\ContentReplaceBehavior [ RunTime:0.000065s ]
INFO: [ template_filter ] --END-- [ RunTime:0.000109s ]
INFO: Run Behavior\ParseTemplateBehavior [ RunTime:0.008548s ]
INFO: [ view_parse ] --END-- [ RunTime:0.008604s ]
INFO: [ view_filter ] --START--
INFO: Run Behavior\WriteHtmlCacheBehavior [ RunTime:0.000320s ]
INFO: [ view_filter ] --END-- [ RunTime:0.000354s ]
INFO: [ app_end ] --START--
INFO: Run Behavior\ShowPageTraceBehavior [ RunTime:0.000803s ]
INFO: [ app_end ] --END-- [ RunTime:0.000871s ]

[ 2016-09-16T23:04:46+08:00 ] 127.0.0.1 /Admin/menu/index.html
INFO: [ app_init ] --START--
INFO: Run Behavior\BuildLiteBehavior [ RunTime:0.000010s ]
INFO: [ app_init ] --END-- [ RunTime:0.000269s ]
INFO: [ app_begin ] --START--
INFO: Run Behavior\ReadHtmlCacheBehavior [ RunTime:0.000385s ]
INFO: [ app_begin ] --END-- [ RunTime:0.000418s ]
SQL: SHOW COLUMNS FROM `ec_auth_group` [ RunTime:0.0024s ]
NOTIC: [2048] Declaration of Admin\Model\AuthGroupModel::add() should be compatible with Think\Model::add($data = '', $options = Array, $replace = false) E:\Program\tptest.com\Application\Admin\Model\AuthGroupModel.class.php 第 16 行.
SQL: SHOW COLUMNS FROM `ec_auth_group` [ RunTime:0.0024s ]
SQL: SELECT * FROM `ec_auth_group` WHERE ( status=1 )  [ RunTime:0.0003s ]
NOTIC: [8] Undefined variable: data E:\Program\tptest.com\Application\Admin\Controller\MenuController.class.php 第 11 行.
NOTIC: [8] Undefined variable: data E:\Program\tptest.com\Application\Admin\Controller\MenuController.class.php 第 11 行.
NOTIC: [8] Undefined variable: data E:\Program\tptest.com\Application\Admin\Controller\MenuController.class.php 第 11 行.
NOTIC: [8] Undefined variable: data E:\Program\tptest.com\Application\Admin\Controller\MenuController.class.php 第 11 行.
INFO: [ view_parse ] --START--
INFO: [ template_filter ] --START--
INFO: Run Behavior\ContentReplaceBehavior [ RunTime:0.000065s ]
INFO: [ template_filter ] --END-- [ RunTime:0.000109s ]
INFO: Run Behavior\ParseTemplateBehavior [ RunTime:0.009284s ]
INFO: [ view_parse ] --END-- [ RunTime:0.009329s ]
INFO: [ view_filter ] --START--
INFO: Run Behavior\WriteHtmlCacheBehavior [ RunTime:0.000198s ]
INFO: [ view_filter ] --END-- [ RunTime:0.000227s ]
INFO: [ app_end ] --START--
INFO: Run Behavior\ShowPageTraceBehavior [ RunTime:0.000541s ]
INFO: [ app_end ] --END-- [ RunTime:0.000584s ]

[ 2016-09-16T23:04:47+08:00 ] 127.0.0.1 /Admin/menu/index.html
INFO: [ app_init ] --START--
INFO: Run Behavior\BuildLiteBehavior [ RunTime:0.000014s ]
INFO: [ app_init ] --END-- [ RunTime:0.000374s ]
INFO: [ app_begin ] --START--
INFO: Run Behavior\ReadHtmlCacheBehavior [ RunTime:0.000571s ]
INFO: [ app_begin ] --END-- [ RunTime:0.000620s ]
SQL: SHOW COLUMNS FROM `ec_auth_group` [ RunTime:0.0022s ]
NOTIC: [2048] Declaration of Admin\Model\AuthGroupModel::add() should be compatible with Think\Model::add($data = '', $options = Array, $replace = false) E:\Program\tptest.com\Application\Admin\Model\AuthGroupModel.class.php 第 16 行.
SQL: SHOW COLUMNS FROM `ec_auth_group` [ RunTime:0.0021s ]
SQL: SELECT * FROM `ec_auth_group` WHERE ( status=1 )  [ RunTime:0.0006s ]
NOTIC: [8] Undefined variable: data E:\Program\tptest.com\Application\Admin\Controller\MenuController.class.php 第 11 行.
NOTIC: [8] Undefined variable: data E:\Program\tptest.com\Application\Admin\Controller\MenuController.class.php 第 11 行.
NOTIC: [8] Undefined variable: data E:\Program\tptest.com\Application\Admin\Controller\MenuController.class.php 第 11 行.
NOTIC: [8] Undefined variable: data E:\Program\tptest.com\Application\Admin\Controller\MenuController.class.php 第 11 行.
INFO: [ view_parse ] --START--
INFO: [ template_filter ] --START--
INFO: Run Behavior\ContentReplaceBehavior [ RunTime:0.000062s ]
INFO: [ template_filter ] --END-- [ RunTime:0.000103s ]
INFO: Run Behavior\ParseTemplateBehavior [ RunTime:0.008358s ]
INFO: [ view_parse ] --END-- [ RunTime:0.008401s ]
INFO: [ view_filter ] --START--
INFO: Run Behavior\WriteHtmlCacheBehavior [ RunTime:0.000191s ]
INFO: [ view_filter ] --END-- [ RunTime:0.000217s ]
INFO: [ app_end ] --START--
INFO: Run Behavior\ShowPageTraceBehavior [ RunTime:0.000582s ]
INFO: [ app_end ] --END-- [ RunTime:0.000627s ]

[ 2016-09-16T23:05:03+08:00 ] 127.0.0.1 /Admin/menu/index.html
INFO: [ app_init ] --START--
INFO: Run Behavior\BuildLiteBehavior [ RunTime:0.000016s ]
INFO: [ app_init ] --END-- [ RunTime:0.000444s ]
INFO: [ app_begin ] --START--
INFO: Run Behavior\ReadHtmlCacheBehavior [ RunTime:0.000647s ]
INFO: [ app_begin ] --END-- [ RunTime:0.000704s ]
SQL: SHOW COLUMNS FROM `ec_auth_group` [ RunTime:0.0030s ]
NOTIC: [2048] Declaration of Admin\Model\AuthGroupModel::add() should be compatible with Think\Model::add($data = '', $options = Array, $replace = false) E:\Program\tptest.com\Application\Admin\Model\AuthGroupModel.class.php 第 16 行.
SQL: SHOW COLUMNS FROM `ec_auth_group` [ RunTime:0.0021s ]
SQL: SELECT * FROM `ec_auth_group` WHERE ( status=1 )  [ RunTime:0.0002s ]
NOTIC: [8] Undefined variable: data E:\Program\tptest.com\Application\Admin\Controller\MenuController.class.php 第 12 行.
NOTIC: [8] Undefined variable: data E:\Program\tptest.com\Application\Admin\Controller\MenuController.class.php 第 12 行.
NOTIC: [8] Undefined variable: data E:\Program\tptest.com\Application\Admin\Controller\MenuController.class.php 第 12 行.
NOTIC: [8] Undefined variable: data E:\Program\tptest.com\Application\Admin\Controller\MenuController.class.php 第 12 行.
INFO: [ view_parse ] --START--
INFO: [ template_filter ] --START--
INFO: Run Behavior\ContentReplaceBehavior [ RunTime:0.000059s ]
INFO: [ template_filter ] --END-- [ RunTime:0.000091s ]
INFO: Run Behavior\ParseTemplateBehavior [ RunTime:0.007585s ]
INFO: [ view_parse ] --END-- [ RunTime:0.007623s ]
INFO: [ view_filter ] --START--
INFO: Run Behavior\WriteHtmlCacheBehavior [ RunTime:0.000174s ]
INFO: [ view_filter ] --END-- [ RunTime:0.000198s ]
INFO: [ app_end ] --START--
INFO: Run Behavior\ShowPageTraceBehavior [ RunTime:0.000383s ]
INFO: [ app_end ] --END-- [ RunTime:0.000411s ]

[ 2016-09-16T23:05:16+08:00 ] 127.0.0.1 /Admin/menu/index.html
INFO: [ app_init ] --START--
INFO: Run Behavior\BuildLiteBehavior [ RunTime:0.000010s ]
INFO: [ app_init ] --END-- [ RunTime:0.000340s ]
INFO: [ app_begin ] --START--
INFO: Run Behavior\ReadHtmlCacheBehavior [ RunTime:0.000383s ]
INFO: [ app_begin ] --END-- [ RunTime:0.000415s ]
SQL: SHOW COLUMNS FROM `ec_auth_group` [ RunTime:0.0024s ]
NOTIC: [2048] Declaration of Admin\Model\AuthGroupModel::add() should be compatible with Think\Model::add($data = '', $options = Array, $replace = false) E:\Program\tptest.com\Application\Admin\Model\AuthGroupModel.class.php 第 16 行.
SQL: SHOW COLUMNS FROM `ec_auth_group` [ RunTime:0.0021s ]
SQL: SELECT * FROM `ec_auth_group` WHERE ( status=1 )  [ RunTime:0.0003s ]
INFO: [ view_parse ] --START--
INFO: [ template_filter ] --START--
INFO: Run Behavior\ContentReplaceBehavior [ RunTime:0.000062s ]
INFO: [ template_filter ] --END-- [ RunTime:0.000103s ]
INFO: Run Behavior\ParseTemplateBehavior [ RunTime:0.008369s ]
INFO: [ view_parse ] --END-- [ RunTime:0.008411s ]
INFO: [ view_filter ] --START--
INFO: Run Behavior\WriteHtmlCacheBehavior [ RunTime:0.000192s ]
INFO: [ view_filter ] --END-- [ RunTime:0.000219s ]
INFO: [ app_end ] --START--
INFO: Run Behavior\ShowPageTraceBehavior [ RunTime:0.000416s ]
INFO: [ app_end ] --END-- [ RunTime:0.000448s ]

