[ 2016-09-28T15:29:29+08:00 ] 127.0.0.1 /Admin/Public/login.html
INFO: [ app_init ] --START--
INFO: Run Behavior\BuildLiteBehavior [ RunTime:0.000000s ]
INFO: [ app_init ] --END-- [ RunTime:0.000000s ]
INFO: [ app_begin ] --START--
INFO: Run Behavior\ReadHtmlCacheBehavior [ RunTime:0.000000s ]
INFO: [ app_begin ] --END-- [ RunTime:0.000000s ]
INFO: [ view_parse ] --START--
INFO: [ template_filter ] --START--
INFO: Run Behavior\ContentReplaceBehavior [ RunTime:0.000000s ]
INFO: [ template_filter ] --END-- [ RunTime:0.000000s ]
INFO: Run Behavior\ParseTemplateBehavior [ RunTime:0.012001s ]
INFO: [ view_parse ] --END-- [ RunTime:0.012001s ]
INFO: [ view_filter ] --START--
INFO: Run Behavior\WriteHtmlCacheBehavior [ RunTime:0.000000s ]
INFO: [ view_filter ] --END-- [ RunTime:0.000000s ]
INFO: [ app_end ] --START--
INFO: Run Behavior\ShowPageTraceBehavior [ RunTime:0.000000s ]
INFO: [ app_end ] --END-- [ RunTime:0.000000s ]

[ 2016-09-28T15:29:37+08:00 ] 127.0.0.1 /Admin/menu/index.html
INFO: [ app_init ] --START--
INFO: Run Behavior\BuildLiteBehavior [ RunTime:0.000000s ]
INFO: [ app_init ] --END-- [ RunTime:0.001000s ]
INFO: [ app_begin ] --START--
INFO: Run Behavior\ReadHtmlCacheBehavior [ RunTime:0.000000s ]
INFO: [ app_begin ] --END-- [ RunTime:0.001000s ]
SQL: SHOW COLUMNS FROM `ec_menu` [ RunTime:0.0370s ]
NOTIC: [8] Undefined index: pid E:\Program\tptest.com\Application\Admin\Logic\MenuLogic.class.php 第 17 行.
SQL: SHOW COLUMNS FROM `ec_menu` [ RunTime:0.0030s ]
SQL: SELECT * FROM `ec_menu` WHERE `pid` = 0 AND `is_delete` = 0  [ RunTime:0.0000s ]
INFO: [ view_parse ] --START--
INFO: [ template_filter ] --START--
INFO: Run Behavior\ContentReplaceBehavior [ RunTime:0.000000s ]
INFO: [ template_filter ] --END-- [ RunTime:0.001000s ]
INFO: Run Behavior\ParseTemplateBehavior [ RunTime:0.009001s ]
INFO: [ view_parse ] --END-- [ RunTime:0.009001s ]
INFO: [ view_filter ] --START--
INFO: Run Behavior\WriteHtmlCacheBehavior [ RunTime:0.001000s ]
INFO: [ view_filter ] --END-- [ RunTime:0.001000s ]
INFO: [ app_end ] --START--
INFO: Run Behavior\ShowPageTraceBehavior [ RunTime:0.001000s ]
INFO: [ app_end ] --END-- [ RunTime:0.001000s ]

[ 2016-09-28T15:29:41+08:00 ] 127.0.0.1 /Admin/Menu/getInfoById.html
INFO: [ app_init ] --START--
INFO: Run Behavior\BuildLiteBehavior [ RunTime:0.000000s ]
INFO: [ app_init ] --END-- [ RunTime:0.001000s ]
INFO: [ app_begin ] --START--
INFO: Run Behavior\ReadHtmlCacheBehavior [ RunTime:0.001000s ]
INFO: [ app_begin ] --END-- [ RunTime:0.001000s ]
SQL: SHOW COLUMNS FROM `ec_menu` [ RunTime:0.0020s ]
SQL: SHOW COLUMNS FROM `ec_menu` [ RunTime:0.0030s ]
SQL: SELECT * FROM `ec_menu` WHERE `id` = '1'  [ RunTime:0.0010s ]
SQL: SELECT `name` FROM `ec_menu` WHERE `id` = '0'  [ RunTime:0.0000s ]
NOTIC: [8] Undefined offset: 0 E:\Program\tptest.com\Application\Admin\Logic\MenuLogic.class.php 第 28 行.

[ 2016-09-28T15:29:46+08:00 ] 127.0.0.1 /Admin/Menu/updateInfoById.html
INFO: [ app_init ] --START--
INFO: Run Behavior\BuildLiteBehavior [ RunTime:0.000000s ]
INFO: [ app_init ] --END-- [ RunTime:0.000000s ]
INFO: [ app_begin ] --START--
INFO: Run Behavior\ReadHtmlCacheBehavior [ RunTime:0.001000s ]
INFO: [ app_begin ] --END-- [ RunTime:0.001000s ]
SQL: SHOW COLUMNS FROM `ec_menu` [ RunTime:0.0050s ]
SQL: SHOW COLUMNS FROM `ec_menu` [ RunTime:0.0050s ]
SQL: SELECT `version` FROM `ec_menu` WHERE `id` = '1'  [ RunTime:0.0010s ]
SQL: UPDATE `ec_menu` SET `name`='角色1菜单1',`url`='',`description`='',`sort`='1',`is_hide`='0',`status`='1',`version`='2',`update_time`='1475047786',`updater`='-1' WHERE `id` = '1' [ RunTime:0.0950s ]

[ 2016-09-28T15:29:47+08:00 ] 127.0.0.1 /Admin/menu/index.html
INFO: [ app_init ] --START--
INFO: Run Behavior\BuildLiteBehavior [ RunTime:0.000000s ]
INFO: [ app_init ] --END-- [ RunTime:0.000000s ]
INFO: [ app_begin ] --START--
INFO: Run Behavior\ReadHtmlCacheBehavior [ RunTime:0.000000s ]
INFO: [ app_begin ] --END-- [ RunTime:0.000000s ]
SQL: SHOW COLUMNS FROM `ec_menu` [ RunTime:0.0050s ]
NOTIC: [8] Undefined index: pid E:\Program\tptest.com\Application\Admin\Logic\MenuLogic.class.php 第 17 行.
SQL: SHOW COLUMNS FROM `ec_menu` [ RunTime:0.0050s ]
SQL: SELECT * FROM `ec_menu` WHERE `pid` = 0 AND `is_delete` = 0  [ RunTime:0.0000s ]
INFO: [ view_parse ] --START--
INFO: [ template_filter ] --START--
INFO: Run Behavior\ContentReplaceBehavior [ RunTime:0.001000s ]
INFO: [ template_filter ] --END-- [ RunTime:0.001000s ]
INFO: Run Behavior\ParseTemplateBehavior [ RunTime:0.010001s ]
INFO: [ view_parse ] --END-- [ RunTime:0.011002s ]
INFO: [ view_filter ] --START--
INFO: Run Behavior\WriteHtmlCacheBehavior [ RunTime:0.000000s ]
INFO: [ view_filter ] --END-- [ RunTime:0.000000s ]
INFO: [ app_end ] --START--
INFO: Run Behavior\ShowPageTraceBehavior [ RunTime:0.001000s ]
INFO: [ app_end ] --END-- [ RunTime:0.001000s ]

[ 2016-09-28T15:33:43+08:00 ] 127.0.0.1 /Admin/Menu/index/pid/1.html
INFO: [ app_init ] --START--
INFO: Run Behavior\BuildLiteBehavior [ RunTime:0.000000s ]
INFO: [ app_init ] --END-- [ RunTime:0.000000s ]
INFO: [ app_begin ] --START--
INFO: Run Behavior\ReadHtmlCacheBehavior [ RunTime:0.000000s ]
INFO: [ app_begin ] --END-- [ RunTime:0.000000s ]
SQL: SHOW COLUMNS FROM `ec_menu` [ RunTime:0.0030s ]
SQL: SHOW COLUMNS FROM `ec_menu` [ RunTime:0.0020s ]
SQL: SELECT * FROM `ec_menu` WHERE `pid` = 1 AND `is_delete` = 0  [ RunTime:0.0000s ]
INFO: [ view_parse ] --START--
INFO: [ template_filter ] --START--
INFO: Run Behavior\ContentReplaceBehavior [ RunTime:0.000000s ]
INFO: [ template_filter ] --END-- [ RunTime:0.000000s ]
INFO: Run Behavior\ParseTemplateBehavior [ RunTime:0.009000s ]
INFO: [ view_parse ] --END-- [ RunTime:0.009000s ]
INFO: [ view_filter ] --START--
INFO: Run Behavior\WriteHtmlCacheBehavior [ RunTime:0.001001s ]
INFO: [ view_filter ] --END-- [ RunTime:0.001001s ]
INFO: [ app_end ] --START--
INFO: Run Behavior\ShowPageTraceBehavior [ RunTime:0.001000s ]
INFO: [ app_end ] --END-- [ RunTime:0.001000s ]

[ 2016-09-28T16:14:56+08:00 ] 127.0.0.1 /Admin/Public/login.html
INFO: [ app_init ] --START--
INFO: Run Behavior\BuildLiteBehavior [ RunTime:0.000000s ]
INFO: [ app_init ] --END-- [ RunTime:0.000000s ]
INFO: [ app_begin ] --START--
INFO: Run Behavior\ReadHtmlCacheBehavior [ RunTime:0.001000s ]
INFO: [ app_begin ] --END-- [ RunTime:0.001000s ]
INFO: [ view_parse ] --START--
INFO: [ template_filter ] --START--
INFO: Run Behavior\ContentReplaceBehavior [ RunTime:0.000000s ]
INFO: [ template_filter ] --END-- [ RunTime:0.000000s ]
INFO: Run Behavior\ParseTemplateBehavior [ RunTime:0.005001s ]
INFO: [ view_parse ] --END-- [ RunTime:0.005001s ]
INFO: [ view_filter ] --START--
INFO: Run Behavior\WriteHtmlCacheBehavior [ RunTime:0.000000s ]
INFO: [ view_filter ] --END-- [ RunTime:0.000000s ]
INFO: [ app_end ] --START--
INFO: Run Behavior\ShowPageTraceBehavior [ RunTime:0.001000s ]
INFO: [ app_end ] --END-- [ RunTime:0.001000s ]

[ 2016-09-28T16:15:04+08:00 ] 127.0.0.1 /Admin/menu/index.html
INFO: [ app_init ] --START--
INFO: Run Behavior\BuildLiteBehavior [ RunTime:0.000000s ]
INFO: [ app_init ] --END-- [ RunTime:0.000000s ]
INFO: [ app_begin ] --START--
INFO: Run Behavior\ReadHtmlCacheBehavior [ RunTime:0.000000s ]
INFO: [ app_begin ] --END-- [ RunTime:0.000000s ]
SQL: SHOW COLUMNS FROM `ec_menu` [ RunTime:0.0030s ]
NOTIC: [8] Undefined index: pid E:\Program\tptest.com\Application\Admin\Logic\MenuLogic.class.php 第 17 行.
SQL: SHOW COLUMNS FROM `ec_menu` [ RunTime:0.0020s ]
SQL: SELECT * FROM `ec_menu` WHERE `pid` = 0 AND `is_delete` = 0  [ RunTime:0.0000s ]
INFO: [ view_parse ] --START--
INFO: [ template_filter ] --START--
INFO: Run Behavior\ContentReplaceBehavior [ RunTime:0.000000s ]
INFO: [ template_filter ] --END-- [ RunTime:0.000000s ]
INFO: Run Behavior\ParseTemplateBehavior [ RunTime:0.009001s ]
INFO: [ view_parse ] --END-- [ RunTime:0.009001s ]
INFO: [ view_filter ] --START--
INFO: Run Behavior\WriteHtmlCacheBehavior [ RunTime:0.001000s ]
INFO: [ view_filter ] --END-- [ RunTime:0.001000s ]
INFO: [ app_end ] --START--
INFO: Run Behavior\ShowPageTraceBehavior [ RunTime:0.001000s ]
INFO: [ app_end ] --END-- [ RunTime:0.001000s ]

[ 2016-09-28T16:19:20+08:00 ] 127.0.0.1 /Admin/menu/index.html
INFO: [ app_init ] --START--
INFO: Run Behavior\BuildLiteBehavior [ RunTime:0.000000s ]
INFO: [ app_init ] --END-- [ RunTime:0.001000s ]
INFO: [ app_begin ] --START--
INFO: Run Behavior\ReadHtmlCacheBehavior [ RunTime:0.001000s ]
INFO: [ app_begin ] --END-- [ RunTime:0.001000s ]
NOTIC: [8] Undefined index: pid E:\Program\tptest.com\Application\Admin\Controller\MenuController.class.php 第 18 行.
SQL: SHOW COLUMNS FROM `ec_menu` [ RunTime:0.0030s ]
SQL: SHOW COLUMNS FROM `ec_menu` [ RunTime:0.0030s ]
SQL: SELECT * FROM `ec_menu` WHERE `pid` = 0 AND `is_delete` = 0  [ RunTime:0.0010s ]
INFO: [ view_parse ] --START--
INFO: [ template_filter ] --START--
INFO: Run Behavior\ContentReplaceBehavior [ RunTime:0.000000s ]
INFO: [ template_filter ] --END-- [ RunTime:0.000000s ]
INFO: Run Behavior\ParseTemplateBehavior [ RunTime:0.011001s ]
INFO: [ view_parse ] --END-- [ RunTime:0.011001s ]
INFO: [ view_filter ] --START--
INFO: Run Behavior\WriteHtmlCacheBehavior [ RunTime:0.001000s ]
INFO: [ view_filter ] --END-- [ RunTime:0.001000s ]
INFO: [ app_end ] --START--
INFO: Run Behavior\ShowPageTraceBehavior [ RunTime:0.001000s ]
INFO: [ app_end ] --END-- [ RunTime:0.001000s ]

[ 2016-09-28T16:19:24+08:00 ] 127.0.0.1 /Admin/Menu/index/pid/1.html
INFO: [ app_init ] --START--
INFO: Run Behavior\BuildLiteBehavior [ RunTime:0.000000s ]
INFO: [ app_init ] --END-- [ RunTime:0.000000s ]
INFO: [ app_begin ] --START--
INFO: Run Behavior\ReadHtmlCacheBehavior [ RunTime:0.000000s ]
INFO: [ app_begin ] --END-- [ RunTime:0.000000s ]
SQL: SHOW COLUMNS FROM `ec_menu` [ RunTime:0.0030s ]
SQL: SHOW COLUMNS FROM `ec_menu` [ RunTime:0.0020s ]
SQL: SELECT * FROM `ec_menu` WHERE `pid` = 1 AND `is_delete` = 0  [ RunTime:0.0000s ]
INFO: [ view_parse ] --START--
INFO: [ template_filter ] --START--
INFO: Run Behavior\ContentReplaceBehavior [ RunTime:0.000000s ]
INFO: [ template_filter ] --END-- [ RunTime:0.000000s ]
INFO: Run Behavior\ParseTemplateBehavior [ RunTime:0.010001s ]
INFO: [ view_parse ] --END-- [ RunTime:0.010001s ]
INFO: [ view_filter ] --START--
INFO: Run Behavior\WriteHtmlCacheBehavior [ RunTime:0.000000s ]
INFO: [ view_filter ] --END-- [ RunTime:0.000000s ]
INFO: [ app_end ] --START--
INFO: Run Behavior\ShowPageTraceBehavior [ RunTime:0.001001s ]
INFO: [ app_end ] --END-- [ RunTime:0.001001s ]

[ 2016-09-28T16:22:20+08:00 ] 127.0.0.1 /Admin/Menu/index/pid/1.html
INFO: [ app_init ] --START--
INFO: Run Behavior\BuildLiteBehavior [ RunTime:0.000000s ]
INFO: [ app_init ] --END-- [ RunTime:0.000000s ]
INFO: [ app_begin ] --START--
INFO: Run Behavior\ReadHtmlCacheBehavior [ RunTime:0.000000s ]
INFO: [ app_begin ] --END-- [ RunTime:0.000000s ]
SQL: SHOW COLUMNS FROM `ec_menu` [ RunTime:0.0020s ]
SQL: SELECT `name` FROM `ec_menu` WHERE `id` = 1  [ RunTime:0.0000s ]
SQL: SHOW COLUMNS FROM `ec_menu` [ RunTime:0.0020s ]
SQL: SELECT * FROM `ec_menu` WHERE `pid` = 1 AND `is_delete` = 0  [ RunTime:0.0010s ]
INFO: [ view_parse ] --START--
INFO: [ template_filter ] --START--
INFO: Run Behavior\ContentReplaceBehavior [ RunTime:0.000000s ]
INFO: [ template_filter ] --END-- [ RunTime:0.000000s ]
INFO: Run Behavior\ParseTemplateBehavior [ RunTime:0.010001s ]
INFO: [ view_parse ] --END-- [ RunTime:0.010001s ]
INFO: [ view_filter ] --START--
INFO: Run Behavior\WriteHtmlCacheBehavior [ RunTime:0.000000s ]
INFO: [ view_filter ] --END-- [ RunTime:0.000000s ]
INFO: [ app_end ] --START--
INFO: Run Behavior\ShowPageTraceBehavior [ RunTime:0.002000s ]
INFO: [ app_end ] --END-- [ RunTime:0.002000s ]

[ 2016-09-28T16:22:28+08:00 ] 127.0.0.1 /Admin/Menu/index/pid/12.html
INFO: [ app_init ] --START--
INFO: Run Behavior\BuildLiteBehavior [ RunTime:0.000000s ]
INFO: [ app_init ] --END-- [ RunTime:0.000000s ]
INFO: [ app_begin ] --START--
INFO: Run Behavior\ReadHtmlCacheBehavior [ RunTime:0.000000s ]
INFO: [ app_begin ] --END-- [ RunTime:0.000000s ]
SQL: SHOW COLUMNS FROM `ec_menu` [ RunTime:0.0030s ]
SQL: SELECT `name` FROM `ec_menu` WHERE `id` = 12  [ RunTime:0.0010s ]
SQL: SHOW COLUMNS FROM `ec_menu` [ RunTime:0.0020s ]
SQL: SELECT * FROM `ec_menu` WHERE `pid` = 12 AND `is_delete` = 0  [ RunTime:0.0000s ]
INFO: [ view_parse ] --START--
INFO: [ template_filter ] --START--
INFO: Run Behavior\ContentReplaceBehavior [ RunTime:0.000000s ]
INFO: [ template_filter ] --END-- [ RunTime:0.000000s ]
INFO: Run Behavior\ParseTemplateBehavior [ RunTime:0.009001s ]
INFO: [ view_parse ] --END-- [ RunTime:0.009001s ]
INFO: [ view_filter ] --START--
INFO: Run Behavior\WriteHtmlCacheBehavior [ RunTime:0.000000s ]
INFO: [ view_filter ] --END-- [ RunTime:0.000000s ]
INFO: [ app_end ] --START--
INFO: Run Behavior\ShowPageTraceBehavior [ RunTime:0.000000s ]
INFO: [ app_end ] --END-- [ RunTime:0.000000s ]

[ 2016-09-28T16:33:06+08:00 ] 127.0.0.1 /Admin/Menu/index/pid/1.html
INFO: [ app_init ] --START--
INFO: Run Behavior\BuildLiteBehavior [ RunTime:0.000000s ]
INFO: [ app_init ] --END-- [ RunTime:0.001000s ]
INFO: [ app_begin ] --START--
INFO: Run Behavior\ReadHtmlCacheBehavior [ RunTime:0.001000s ]
INFO: [ app_begin ] --END-- [ RunTime:0.001000s ]
SQL: SHOW COLUMNS FROM `ec_menu` [ RunTime:0.0020s ]
SQL: SHOW COLUMNS FROM `ec_menu` [ RunTime:0.0030s ]
SQL: SELECT `name` FROM `ec_menu` WHERE `id` = 1  [ RunTime:0.0000s ]
SQL: SELECT * FROM `ec_menu` WHERE `pid` = 1 AND `is_delete` = 0  [ RunTime:0.0010s ]
INFO: [ view_parse ] --START--
INFO: [ template_filter ] --START--
INFO: Run Behavior\ContentReplaceBehavior [ RunTime:0.000000s ]
INFO: [ template_filter ] --END-- [ RunTime:0.000000s ]
INFO: Run Behavior\ParseTemplateBehavior [ RunTime:0.011001s ]
INFO: [ view_parse ] --END-- [ RunTime:0.011001s ]
INFO: [ view_filter ] --START--
INFO: Run Behavior\WriteHtmlCacheBehavior [ RunTime:0.001000s ]
INFO: [ view_filter ] --END-- [ RunTime:0.001000s ]
INFO: [ app_end ] --START--
INFO: Run Behavior\ShowPageTraceBehavior [ RunTime:0.001000s ]
INFO: [ app_end ] --END-- [ RunTime:0.001000s ]

[ 2016-09-28T16:38:30+08:00 ] 127.0.0.1 /Admin/menu/index.html
INFO: [ app_init ] --START--
INFO: Run Behavior\BuildLiteBehavior [ RunTime:0.000000s ]
INFO: [ app_init ] --END-- [ RunTime:0.001000s ]
INFO: [ app_begin ] --START--
INFO: Run Behavior\ReadHtmlCacheBehavior [ RunTime:0.001000s ]
INFO: [ app_begin ] --END-- [ RunTime:0.001000s ]
NOTIC: [8] Undefined index: pid E:\Program\tptest.com\Application\Admin\Controller\MenuController.class.php 第 18 行.
SQL: SHOW COLUMNS FROM `ec_menu` [ RunTime:0.0040s ]
SQL: SHOW COLUMNS FROM `ec_menu` [ RunTime:0.0030s ]
SQL: SELECT * FROM `ec_menu` WHERE `pid` = 0 AND `is_delete` = 0  [ RunTime:0.0010s ]
INFO: [ view_parse ] --START--
INFO: [ template_filter ] --START--
INFO: Run Behavior\ContentReplaceBehavior [ RunTime:0.001000s ]
INFO: [ template_filter ] --END-- [ RunTime:0.001000s ]
INFO: Run Behavior\ParseTemplateBehavior [ RunTime:0.011001s ]
INFO: [ view_parse ] --END-- [ RunTime:0.011001s ]
INFO: [ view_filter ] --START--
INFO: Run Behavior\WriteHtmlCacheBehavior [ RunTime:0.001000s ]
INFO: [ view_filter ] --END-- [ RunTime:0.001000s ]
INFO: [ app_end ] --START--
INFO: Run Behavior\ShowPageTraceBehavior [ RunTime:0.002001s ]
INFO: [ app_end ] --END-- [ RunTime:0.002001s ]

[ 2016-09-28T16:38:33+08:00 ] 127.0.0.1 /Admin/Menu/edit/id/1.html
INFO: [ app_init ] --START--
INFO: Run Behavior\BuildLiteBehavior [ RunTime:0.000000s ]
INFO: [ app_init ] --END-- [ RunTime:0.000000s ]
INFO: [ app_begin ] --START--
INFO: Run Behavior\ReadHtmlCacheBehavior [ RunTime:0.001000s ]
INFO: [ app_begin ] --END-- [ RunTime:0.001000s ]
SQL: SHOW COLUMNS FROM `ec_menu` [ RunTime:0.0040s ]
SQL: SHOW COLUMNS FROM `ec_menu` [ RunTime:0.0040s ]
SQL: SELECT * FROM `ec_menu` WHERE `id` = null  [ RunTime:0.0000s ]
NOTIC: [8] Undefined offset: 0 E:\Program\tptest.com\Application\Admin\Logic\MenuLogic.class.php 第 26 行.
SQL: SELECT `name` FROM `ec_menu` WHERE `id` = null  [ RunTime:0.0000s ]
NOTIC: [8] Undefined offset: 0 E:\Program\tptest.com\Application\Admin\Logic\MenuLogic.class.php 第 28 行.
NOTIC: [8] Undefined index: name E:\Program\tptest.com\Application\Admin\Controller\MenuController.class.php 第 37 行.
INFO: [ view_parse ] --START--
INFO: [ template_filter ] --START--
INFO: Run Behavior\ContentReplaceBehavior [ RunTime:0.000000s ]
INFO: [ template_filter ] --END-- [ RunTime:0.001000s ]
NOTIC: [8] Undefined index: name E:\Program\tptest.com\Application\Runtime\Cache\Admin\a77aa83c121d51b6cd699ea2b65451f6.php 第 393 行.
INFO: Run Behavior\ParseTemplateBehavior [ RunTime:0.014002s ]
INFO: [ view_parse ] --END-- [ RunTime:0.014002s ]
INFO: [ view_filter ] --START--
INFO: Run Behavior\WriteHtmlCacheBehavior [ RunTime:0.001000s ]
INFO: [ view_filter ] --END-- [ RunTime:0.001000s ]
INFO: [ app_end ] --START--
INFO: Run Behavior\ShowPageTraceBehavior [ RunTime:0.001000s ]
INFO: [ app_end ] --END-- [ RunTime:0.001000s ]

[ 2016-09-28T16:39:04+08:00 ] 127.0.0.1 /Admin/Menu/edit/id/1.html
INFO: [ app_init ] --START--
INFO: Run Behavior\BuildLiteBehavior [ RunTime:0.000000s ]
INFO: [ app_init ] --END-- [ RunTime:0.001000s ]
INFO: [ app_begin ] --START--
INFO: Run Behavior\ReadHtmlCacheBehavior [ RunTime:0.001000s ]
INFO: [ app_begin ] --END-- [ RunTime:0.001000s ]
SQL: SHOW COLUMNS FROM `ec_menu` [ RunTime:0.0040s ]
SQL: SHOW COLUMNS FROM `ec_menu` [ RunTime:0.0050s ]
SQL: SELECT * FROM `ec_menu` WHERE `id` = null  [ RunTime:0.0010s ]
NOTIC: [8] Undefined offset: 0 E:\Program\tptest.com\Application\Admin\Logic\MenuLogic.class.php 第 26 行.
SQL: SELECT `name` FROM `ec_menu` WHERE `id` = null  [ RunTime:0.0010s ]
NOTIC: [8] Undefined offset: 0 E:\Program\tptest.com\Application\Admin\Logic\MenuLogic.class.php 第 28 行.
NOTIC: [8] Undefined index: name E:\Program\tptest.com\Application\Admin\Controller\MenuController.class.php 第 37 行.
INFO: [ view_parse ] --START--
INFO: [ template_filter ] --START--
INFO: Run Behavior\ContentReplaceBehavior [ RunTime:0.000000s ]
INFO: [ template_filter ] --END-- [ RunTime:0.000000s ]
NOTIC: [8] Undefined index: name E:\Program\tptest.com\Application\Runtime\Cache\Admin\a77aa83c121d51b6cd699ea2b65451f6.php 第 393 行.
INFO: Run Behavior\ParseTemplateBehavior [ RunTime:0.010001s ]
INFO: [ view_parse ] --END-- [ RunTime:0.010001s ]
INFO: [ view_filter ] --START--
INFO: Run Behavior\WriteHtmlCacheBehavior [ RunTime:0.001000s ]
INFO: [ view_filter ] --END-- [ RunTime:0.001000s ]
INFO: [ app_end ] --START--
INFO: Run Behavior\ShowPageTraceBehavior [ RunTime:0.000000s ]
INFO: [ app_end ] --END-- [ RunTime:0.000000s ]

[ 2016-09-28T16:39:35+08:00 ] 127.0.0.1 /Admin/Menu/edit/id/1.html
INFO: [ app_init ] --START--
INFO: Run Behavior\BuildLiteBehavior [ RunTime:0.000000s ]
INFO: [ app_init ] --END-- [ RunTime:0.001001s ]
INFO: [ app_begin ] --START--
INFO: Run Behavior\ReadHtmlCacheBehavior [ RunTime:0.001000s ]
INFO: [ app_begin ] --END-- [ RunTime:0.001000s ]
SQL: SHOW COLUMNS FROM `ec_menu` [ RunTime:0.0030s ]
SQL: SHOW COLUMNS FROM `ec_menu` [ RunTime:0.0040s ]
SQL: SELECT * FROM `ec_menu` WHERE `id` = 1  [ RunTime:0.0010s ]
SQL: SELECT `name` FROM `ec_menu` WHERE `id` = '0'  [ RunTime:0.0000s ]
NOTIC: [8] Undefined offset: 0 E:\Program\tptest.com\Application\Admin\Logic\MenuLogic.class.php 第 28 行.
INFO: [ view_parse ] --START--
INFO: [ template_filter ] --START--
INFO: Run Behavior\ContentReplaceBehavior [ RunTime:0.000000s ]
INFO: [ template_filter ] --END-- [ RunTime:0.000000s ]
NOTIC: [8] Undefined index: name E:\Program\tptest.com\Application\Runtime\Cache\Admin\a77aa83c121d51b6cd699ea2b65451f6.php 第 393 行.
INFO: Run Behavior\ParseTemplateBehavior [ RunTime:0.014001s ]
INFO: [ view_parse ] --END-- [ RunTime:0.014001s ]
INFO: [ view_filter ] --START--
INFO: Run Behavior\WriteHtmlCacheBehavior [ RunTime:0.001000s ]
INFO: [ view_filter ] --END-- [ RunTime:0.001000s ]
INFO: [ app_end ] --START--
INFO: Run Behavior\ShowPageTraceBehavior [ RunTime:0.001000s ]
INFO: [ app_end ] --END-- [ RunTime:0.001000s ]

[ 2016-09-28T16:39:55+08:00 ] 127.0.0.1 /Admin/Menu/edit/id/1.html
INFO: [ app_init ] --START--
INFO: Run Behavior\BuildLiteBehavior [ RunTime:0.000000s ]
INFO: [ app_init ] --END-- [ RunTime:0.000000s ]
INFO: [ app_begin ] --START--
INFO: Run Behavior\ReadHtmlCacheBehavior [ RunTime:0.000000s ]
INFO: [ app_begin ] --END-- [ RunTime:0.000000s ]
SQL: SHOW COLUMNS FROM `ec_menu` [ RunTime:0.0020s ]
SQL: SHOW COLUMNS FROM `ec_menu` [ RunTime:0.0030s ]
SQL: SELECT * FROM `ec_menu` WHERE `id` = 1  [ RunTime:0.0000s ]
SQL: SELECT `name` FROM `ec_menu` WHERE `id` = '0'  [ RunTime:0.0000s ]
NOTIC: [8] Undefined offset: 0 E:\Program\tptest.com\Application\Admin\Logic\MenuLogic.class.php 第 28 行.
INFO: [ view_parse ] --START--
INFO: [ template_filter ] --START--
INFO: Run Behavior\ContentReplaceBehavior [ RunTime:0.000000s ]
INFO: [ template_filter ] --END-- [ RunTime:0.000000s ]
INFO: Run Behavior\ParseTemplateBehavior [ RunTime:0.010001s ]
INFO: [ view_parse ] --END-- [ RunTime:0.010001s ]
INFO: [ view_filter ] --START--
INFO: Run Behavior\WriteHtmlCacheBehavior [ RunTime:0.000000s ]
INFO: [ view_filter ] --END-- [ RunTime:0.000000s ]
INFO: [ app_end ] --START--
INFO: Run Behavior\ShowPageTraceBehavior [ RunTime:0.001000s ]
INFO: [ app_end ] --END-- [ RunTime:0.001000s ]

[ 2016-09-28T16:39:57+08:00 ] 127.0.0.1 /Admin/Menu/edit/id/1.html
INFO: [ app_init ] --START--
INFO: Run Behavior\BuildLiteBehavior [ RunTime:0.000000s ]
INFO: [ app_init ] --END-- [ RunTime:0.000000s ]
INFO: [ app_begin ] --START--
INFO: Run Behavior\ReadHtmlCacheBehavior [ RunTime:0.001000s ]
INFO: [ app_begin ] --END-- [ RunTime:0.001000s ]
SQL: SHOW COLUMNS FROM `ec_menu` [ RunTime:0.0030s ]
SQL: SHOW COLUMNS FROM `ec_menu` [ RunTime:0.0040s ]
SQL: SELECT * FROM `ec_menu` WHERE `id` = 1  [ RunTime:0.0010s ]
SQL: SELECT `name` FROM `ec_menu` WHERE `id` = '0'  [ RunTime:0.0000s ]
NOTIC: [8] Undefined offset: 0 E:\Program\tptest.com\Application\Admin\Logic\MenuLogic.class.php 第 28 行.
INFO: [ view_parse ] --START--
INFO: [ template_filter ] --START--
INFO: Run Behavior\ContentReplaceBehavior [ RunTime:0.000000s ]
INFO: [ template_filter ] --END-- [ RunTime:0.000000s ]
INFO: Run Behavior\ParseTemplateBehavior [ RunTime:0.012002s ]
INFO: [ view_parse ] --END-- [ RunTime:0.012002s ]
INFO: [ view_filter ] --START--
INFO: Run Behavior\WriteHtmlCacheBehavior [ RunTime:0.001000s ]
INFO: [ view_filter ] --END-- [ RunTime:0.001000s ]
INFO: [ app_end ] --START--
INFO: Run Behavior\ShowPageTraceBehavior [ RunTime:0.001000s ]
INFO: [ app_end ] --END-- [ RunTime:0.001000s ]

[ 2016-09-28T16:41:47+08:00 ] 127.0.0.1 /Admin/Menu/edit/id/1.html
INFO: [ app_init ] --START--
INFO: Run Behavior\BuildLiteBehavior [ RunTime:0.000000s ]
INFO: [ app_init ] --END-- [ RunTime:0.001000s ]
INFO: [ app_begin ] --START--
INFO: Run Behavior\ReadHtmlCacheBehavior [ RunTime:0.001000s ]
INFO: [ app_begin ] --END-- [ RunTime:0.001000s ]
SQL: SHOW COLUMNS FROM `ec_menu` [ RunTime:0.0030s ]
SQL: SHOW COLUMNS FROM `ec_menu` [ RunTime:0.0020s ]
SQL: SELECT * FROM `ec_menu` WHERE `id` = 1  [ RunTime:0.0010s ]
SQL: SELECT `name` FROM `ec_menu` WHERE `id` = '0'  [ RunTime:0.0000s ]
NOTIC: [8] Undefined offset: 0 E:\Program\tptest.com\Application\Admin\Logic\MenuLogic.class.php 第 28 行.
INFO: [ view_parse ] --START--
INFO: [ template_filter ] --START--
INFO: Run Behavior\ContentReplaceBehavior [ RunTime:0.000000s ]
INFO: [ template_filter ] --END-- [ RunTime:0.000000s ]
INFO: Run Behavior\ParseTemplateBehavior [ RunTime:0.010001s ]
INFO: [ view_parse ] --END-- [ RunTime:0.010001s ]
INFO: [ view_filter ] --START--
INFO: Run Behavior\WriteHtmlCacheBehavior [ RunTime:0.000000s ]
INFO: [ view_filter ] --END-- [ RunTime:0.000000s ]
INFO: [ app_end ] --START--
INFO: Run Behavior\ShowPageTraceBehavior [ RunTime:0.001000s ]
INFO: [ app_end ] --END-- [ RunTime:0.001000s ]

[ 2016-09-28T16:42:14+08:00 ] 127.0.0.1 /Admin/Menu/edit/id/1.html
INFO: [ app_init ] --START--
INFO: Run Behavior\BuildLiteBehavior [ RunTime:0.000000s ]
INFO: [ app_init ] --END-- [ RunTime:0.001000s ]
INFO: [ app_begin ] --START--
INFO: Run Behavior\ReadHtmlCacheBehavior [ RunTime:0.002000s ]
INFO: [ app_begin ] --END-- [ RunTime:0.002000s ]
SQL: SHOW COLUMNS FROM `ec_menu` [ RunTime:0.0030s ]
SQL: SHOW COLUMNS FROM `ec_menu` [ RunTime:0.0040s ]
SQL: SELECT * FROM `ec_menu` WHERE `id` = 1  [ RunTime:0.0000s ]
SQL: SELECT `name` FROM `ec_menu` WHERE `id` = '0'  [ RunTime:0.0010s ]
NOTIC: [8] Undefined offset: 0 E:\Program\tptest.com\Application\Admin\Logic\MenuLogic.class.php 第 28 行.
INFO: [ view_parse ] --START--
INFO: [ template_filter ] --START--
INFO: Run Behavior\ContentReplaceBehavior [ RunTime:0.001000s ]
INFO: [ template_filter ] --END-- [ RunTime:0.001000s ]
INFO: Run Behavior\ParseTemplateBehavior [ RunTime:0.014001s ]
INFO: [ view_parse ] --END-- [ RunTime:0.015001s ]
INFO: [ view_filter ] --START--
INFO: Run Behavior\WriteHtmlCacheBehavior [ RunTime:0.001000s ]
INFO: [ view_filter ] --END-- [ RunTime:0.001000s ]
INFO: [ app_end ] --START--
INFO: Run Behavior\ShowPageTraceBehavior [ RunTime:0.001001s ]
INFO: [ app_end ] --END-- [ RunTime:0.001001s ]

[ 2016-09-28T16:52:36+08:00 ] 127.0.0.1 /Admin/Menu/edit/id/1.html
INFO: [ app_init ] --START--
INFO: Run Behavior\BuildLiteBehavior [ RunTime:0.000000s ]
INFO: [ app_init ] --END-- [ RunTime:0.001000s ]
INFO: [ app_begin ] --START--
INFO: Run Behavior\ReadHtmlCacheBehavior [ RunTime:0.001000s ]
INFO: [ app_begin ] --END-- [ RunTime:0.001000s ]
SQL: SHOW COLUMNS FROM `ec_menu` [ RunTime:0.0030s ]
SQL: SHOW COLUMNS FROM `ec_menu` [ RunTime:0.0030s ]
SQL: SELECT * FROM `ec_menu` WHERE `id` = 1  [ RunTime:0.0010s ]
SQL: SELECT `name` FROM `ec_menu` WHERE `id` = '0'  [ RunTime:0.0000s ]
NOTIC: [8] Undefined offset: 0 E:\Program\tptest.com\Application\Admin\Logic\MenuLogic.class.php 第 28 行.
INFO: [ view_parse ] --START--
INFO: [ template_filter ] --START--
INFO: Run Behavior\ContentReplaceBehavior [ RunTime:0.000000s ]
INFO: [ template_filter ] --END-- [ RunTime:0.000000s ]

[ 2016-09-28T16:53:13+08:00 ] 127.0.0.1 /Admin/Menu/edit/id/1.html
INFO: [ app_init ] --START--
INFO: Run Behavior\BuildLiteBehavior [ RunTime:0.000000s ]
INFO: [ app_init ] --END-- [ RunTime:0.001000s ]
INFO: [ app_begin ] --START--
INFO: Run Behavior\ReadHtmlCacheBehavior [ RunTime:0.001000s ]
INFO: [ app_begin ] --END-- [ RunTime:0.001000s ]
SQL: SHOW COLUMNS FROM `ec_menu` [ RunTime:0.0030s ]
SQL: SHOW COLUMNS FROM `ec_menu` [ RunTime:0.0030s ]
SQL: SELECT * FROM `ec_menu` WHERE `id` = 1  [ RunTime:0.0010s ]
SQL: SELECT `name` FROM `ec_menu` WHERE `id` = '0'  [ RunTime:0.0000s ]
NOTIC: [8] Undefined offset: 0 E:\Program\tptest.com\Application\Admin\Logic\MenuLogic.class.php 第 28 行.
INFO: [ view_parse ] --START--
INFO: [ template_filter ] --START--
INFO: Run Behavior\ContentReplaceBehavior [ RunTime:0.000000s ]
INFO: [ template_filter ] --END-- [ RunTime:0.000000s ]
INFO: Run Behavior\ParseTemplateBehavior [ RunTime:0.013001s ]
INFO: [ view_parse ] --END-- [ RunTime:0.013001s ]
INFO: [ view_filter ] --START--
INFO: Run Behavior\WriteHtmlCacheBehavior [ RunTime:0.001000s ]
INFO: [ view_filter ] --END-- [ RunTime:0.001000s ]
INFO: [ app_end ] --START--
INFO: Run Behavior\ShowPageTraceBehavior [ RunTime:0.002000s ]
INFO: [ app_end ] --END-- [ RunTime:0.002000s ]

[ 2016-09-28T16:53:15+08:00 ] 127.0.0.1 /Admin/Menu/edit/id/1.html
INFO: [ app_init ] --START--
INFO: Run Behavior\BuildLiteBehavior [ RunTime:0.000000s ]
INFO: [ app_init ] --END-- [ RunTime:0.001000s ]
INFO: [ app_begin ] --START--
INFO: Run Behavior\ReadHtmlCacheBehavior [ RunTime:0.001000s ]
INFO: [ app_begin ] --END-- [ RunTime:0.001000s ]
SQL: SHOW COLUMNS FROM `ec_menu` [ RunTime:0.0030s ]
SQL: SHOW COLUMNS FROM `ec_menu` [ RunTime:0.0030s ]
SQL: SELECT * FROM `ec_menu` WHERE `id` = 1  [ RunTime:0.0010s ]
SQL: SELECT `name` FROM `ec_menu` WHERE `id` = '0'  [ RunTime:0.0000s ]
NOTIC: [8] Undefined offset: 0 E:\Program\tptest.com\Application\Admin\Logic\MenuLogic.class.php 第 28 行.
INFO: [ view_parse ] --START--
INFO: [ template_filter ] --START--
INFO: Run Behavior\ContentReplaceBehavior [ RunTime:0.000000s ]
INFO: [ template_filter ] --END-- [ RunTime:0.000000s ]
INFO: Run Behavior\ParseTemplateBehavior [ RunTime:0.013001s ]
INFO: [ view_parse ] --END-- [ RunTime:0.013001s ]
INFO: [ view_filter ] --START--
INFO: Run Behavior\WriteHtmlCacheBehavior [ RunTime:0.000000s ]
INFO: [ view_filter ] --END-- [ RunTime:0.000000s ]
INFO: [ app_end ] --START--
INFO: Run Behavior\ShowPageTraceBehavior [ RunTime:0.001001s ]
INFO: [ app_end ] --END-- [ RunTime:0.001001s ]

[ 2016-09-28T16:54:17+08:00 ] 127.0.0.1 /Admin/Menu/edit/id/1.html
INFO: [ app_init ] --START--
INFO: Run Behavior\BuildLiteBehavior [ RunTime:0.000000s ]
INFO: [ app_init ] --END-- [ RunTime:0.000000s ]
INFO: [ app_begin ] --START--
INFO: Run Behavior\ReadHtmlCacheBehavior [ RunTime:0.000000s ]
INFO: [ app_begin ] --END-- [ RunTime:0.001000s ]
SQL: SHOW COLUMNS FROM `ec_menu` [ RunTime:0.0030s ]
SQL: SHOW COLUMNS FROM `ec_menu` [ RunTime:0.0040s ]
SQL: SELECT * FROM `ec_menu` WHERE `id` = 1  [ RunTime:0.0000s ]
SQL: SELECT `name` FROM `ec_menu` WHERE `id` = '0'  [ RunTime:0.0000s ]
NOTIC: [8] Undefined offset: 0 E:\Program\tptest.com\Application\Admin\Logic\MenuLogic.class.php 第 28 行.
INFO: [ view_parse ] --START--
INFO: [ template_filter ] --START--
INFO: Run Behavior\ContentReplaceBehavior [ RunTime:0.000000s ]
INFO: [ template_filter ] --END-- [ RunTime:0.000000s ]
INFO: Run Behavior\ParseTemplateBehavior [ RunTime:0.010001s ]
INFO: [ view_parse ] --END-- [ RunTime:0.010001s ]
INFO: [ view_filter ] --START--
INFO: Run Behavior\WriteHtmlCacheBehavior [ RunTime:0.000000s ]
INFO: [ view_filter ] --END-- [ RunTime:0.000000s ]
INFO: [ app_end ] --START--
INFO: Run Behavior\ShowPageTraceBehavior [ RunTime:0.001000s ]
INFO: [ app_end ] --END-- [ RunTime:0.001000s ]

[ 2016-09-28T16:55:46+08:00 ] 127.0.0.1 /Admin/Menu/edit/id/1.html
INFO: [ app_init ] --START--
INFO: Run Behavior\BuildLiteBehavior [ RunTime:0.000000s ]
INFO: [ app_init ] --END-- [ RunTime:0.000000s ]
INFO: [ app_begin ] --START--
INFO: Run Behavior\ReadHtmlCacheBehavior [ RunTime:0.000000s ]
INFO: [ app_begin ] --END-- [ RunTime:0.000000s ]
SQL: SHOW COLUMNS FROM `ec_menu` [ RunTime:0.0030s ]
SQL: SHOW COLUMNS FROM `ec_menu` [ RunTime:0.0020s ]
SQL: SELECT * FROM `ec_menu` WHERE `id` = 1  [ RunTime:0.0000s ]
SQL: SELECT `name` FROM `ec_menu` WHERE `id` = '0'  [ RunTime:0.0000s ]
NOTIC: [8] Undefined offset: 0 E:\Program\tptest.com\Application\Admin\Logic\MenuLogic.class.php 第 28 行.
INFO: [ view_parse ] --START--
INFO: [ template_filter ] --START--
INFO: Run Behavior\ContentReplaceBehavior [ RunTime:0.000000s ]
INFO: [ template_filter ] --END-- [ RunTime:0.000000s ]
INFO: Run Behavior\ParseTemplateBehavior [ RunTime:0.010001s ]
INFO: [ view_parse ] --END-- [ RunTime:0.010001s ]
INFO: [ view_filter ] --START--
INFO: Run Behavior\WriteHtmlCacheBehavior [ RunTime:0.000000s ]
INFO: [ view_filter ] --END-- [ RunTime:0.000000s ]
INFO: [ app_end ] --START--
INFO: Run Behavior\ShowPageTraceBehavior [ RunTime:0.001000s ]
INFO: [ app_end ] --END-- [ RunTime:0.001000s ]

[ 2016-09-28T16:56:18+08:00 ] 127.0.0.1 /Admin/Menu/edit/id/1.html
INFO: [ app_init ] --START--
INFO: Run Behavior\BuildLiteBehavior [ RunTime:0.000000s ]
INFO: [ app_init ] --END-- [ RunTime:0.000000s ]
INFO: [ app_begin ] --START--
INFO: Run Behavior\ReadHtmlCacheBehavior [ RunTime:0.001000s ]
INFO: [ app_begin ] --END-- [ RunTime:0.001000s ]
SQL: SHOW COLUMNS FROM `ec_menu` [ RunTime:0.0030s ]
SQL: SHOW COLUMNS FROM `ec_menu` [ RunTime:0.0030s ]
SQL: SELECT * FROM `ec_menu` WHERE `id` = 1  [ RunTime:0.0000s ]
SQL: SELECT `name` FROM `ec_menu` WHERE `id` = '0'  [ RunTime:0.0010s ]
NOTIC: [8] Undefined offset: 0 E:\Program\tptest.com\Application\Admin\Logic\MenuLogic.class.php 第 28 行.
INFO: [ view_parse ] --START--
INFO: [ template_filter ] --START--
INFO: Run Behavior\ContentReplaceBehavior [ RunTime:0.000000s ]
INFO: [ template_filter ] --END-- [ RunTime:0.000000s ]
INFO: Run Behavior\ParseTemplateBehavior [ RunTime:0.012001s ]
INFO: [ view_parse ] --END-- [ RunTime:0.012001s ]
INFO: [ view_filter ] --START--
INFO: Run Behavior\WriteHtmlCacheBehavior [ RunTime:0.000000s ]
INFO: [ view_filter ] --END-- [ RunTime:0.000000s ]
INFO: [ app_end ] --START--
INFO: Run Behavior\ShowPageTraceBehavior [ RunTime:0.001000s ]
INFO: [ app_end ] --END-- [ RunTime:0.001000s ]

[ 2016-09-28T16:56:30+08:00 ] 127.0.0.1 /Admin/Menu/index/pid/1.html
INFO: [ app_init ] --START--
INFO: Run Behavior\BuildLiteBehavior [ RunTime:0.000000s ]
INFO: [ app_init ] --END-- [ RunTime:0.000000s ]
INFO: [ app_begin ] --START--
INFO: Run Behavior\ReadHtmlCacheBehavior [ RunTime:0.001000s ]
INFO: [ app_begin ] --END-- [ RunTime:0.001000s ]
SQL: SHOW COLUMNS FROM `ec_menu` [ RunTime:0.0030s ]
SQL: SHOW COLUMNS FROM `ec_menu` [ RunTime:0.0030s ]
SQL: SELECT `name` FROM `ec_menu` WHERE `id` = 1  [ RunTime:0.0000s ]
SQL: SELECT * FROM `ec_menu` WHERE `pid` = 1 AND `is_delete` = 0  [ RunTime:0.0010s ]
INFO: [ view_parse ] --START--
INFO: [ template_filter ] --START--
INFO: Run Behavior\ContentReplaceBehavior [ RunTime:0.000000s ]
INFO: [ template_filter ] --END-- [ RunTime:0.000000s ]
INFO: Run Behavior\ParseTemplateBehavior [ RunTime:0.009000s ]
INFO: [ view_parse ] --END-- [ RunTime:0.009000s ]
INFO: [ view_filter ] --START--
INFO: Run Behavior\WriteHtmlCacheBehavior [ RunTime:0.000000s ]
INFO: [ view_filter ] --END-- [ RunTime:0.000000s ]
INFO: [ app_end ] --START--
INFO: Run Behavior\ShowPageTraceBehavior [ RunTime:0.001001s ]
INFO: [ app_end ] --END-- [ RunTime:0.001001s ]

[ 2016-09-28T16:56:33+08:00 ] 127.0.0.1 /Admin/Menu/edit/id/12.html
INFO: [ app_init ] --START--
INFO: Run Behavior\BuildLiteBehavior [ RunTime:0.000000s ]
INFO: [ app_init ] --END-- [ RunTime:0.001000s ]
INFO: [ app_begin ] --START--
INFO: Run Behavior\ReadHtmlCacheBehavior [ RunTime:0.000000s ]
INFO: [ app_begin ] --END-- [ RunTime:0.001000s ]
SQL: SHOW COLUMNS FROM `ec_menu` [ RunTime:0.0020s ]
SQL: SHOW COLUMNS FROM `ec_menu` [ RunTime:0.0020s ]
SQL: SELECT * FROM `ec_menu` WHERE `id` = 12  [ RunTime:0.0010s ]
SQL: SELECT `name` FROM `ec_menu` WHERE `id` = '1'  [ RunTime:0.0000s ]
INFO: [ view_parse ] --START--
INFO: [ template_filter ] --START--
INFO: Run Behavior\ContentReplaceBehavior [ RunTime:0.000000s ]
INFO: [ template_filter ] --END-- [ RunTime:0.000000s ]
INFO: Run Behavior\ParseTemplateBehavior [ RunTime:0.008001s ]
INFO: [ view_parse ] --END-- [ RunTime:0.008001s ]
INFO: [ view_filter ] --START--
INFO: Run Behavior\WriteHtmlCacheBehavior [ RunTime:0.000000s ]
INFO: [ view_filter ] --END-- [ RunTime:0.000000s ]
INFO: [ app_end ] --START--
INFO: Run Behavior\ShowPageTraceBehavior [ RunTime:0.001000s ]
INFO: [ app_end ] --END-- [ RunTime:0.001000s ]

[ 2016-09-28T16:58:25+08:00 ] 127.0.0.1 /Admin/Menu/edit/id/12.html
INFO: [ app_init ] --START--
INFO: Run Behavior\BuildLiteBehavior [ RunTime:0.000000s ]
INFO: [ app_init ] --END-- [ RunTime:0.000000s ]
INFO: [ app_begin ] --START--
INFO: Run Behavior\ReadHtmlCacheBehavior [ RunTime:0.001000s ]
INFO: [ app_begin ] --END-- [ RunTime:0.001000s ]
SQL: SHOW COLUMNS FROM `ec_menu` [ RunTime:0.0040s ]
SQL: SHOW COLUMNS FROM `ec_menu` [ RunTime:0.0030s ]
SQL: SELECT * FROM `ec_menu` WHERE `id` = 12  [ RunTime:0.0000s ]
SQL: SELECT `name` FROM `ec_menu` WHERE `id` = '1'  [ RunTime:0.0000s ]
INFO: [ view_parse ] --START--
INFO: [ template_filter ] --START--
INFO: Run Behavior\ContentReplaceBehavior [ RunTime:0.000000s ]
INFO: [ template_filter ] --END-- [ RunTime:0.000000s ]
INFO: Run Behavior\ParseTemplateBehavior [ RunTime:0.009001s ]
INFO: [ view_parse ] --END-- [ RunTime:0.009001s ]
INFO: [ view_filter ] --START--
INFO: Run Behavior\WriteHtmlCacheBehavior [ RunTime:0.000000s ]
INFO: [ view_filter ] --END-- [ RunTime:0.000000s ]
INFO: [ app_end ] --START--
INFO: Run Behavior\ShowPageTraceBehavior [ RunTime:0.001000s ]
INFO: [ app_end ] --END-- [ RunTime:0.001000s ]

[ 2016-09-28T16:59:00+08:00 ] 127.0.0.1 /Admin/Menu/edit/id/12.html
INFO: [ app_init ] --START--
INFO: Run Behavior\BuildLiteBehavior [ RunTime:0.000000s ]
INFO: [ app_init ] --END-- [ RunTime:0.001000s ]
INFO: [ app_begin ] --START--
INFO: Run Behavior\ReadHtmlCacheBehavior [ RunTime:0.002000s ]
INFO: [ app_begin ] --END-- [ RunTime:0.002000s ]
SQL: SHOW COLUMNS FROM `ec_menu` [ RunTime:0.0030s ]
SQL: SHOW COLUMNS FROM `ec_menu` [ RunTime:0.0030s ]
SQL: SELECT * FROM `ec_menu` WHERE `id` = 12  [ RunTime:0.0000s ]
SQL: SELECT `name` FROM `ec_menu` WHERE `id` = '1'  [ RunTime:0.0010s ]
INFO: [ view_parse ] --START--
INFO: [ template_filter ] --START--
INFO: Run Behavior\ContentReplaceBehavior [ RunTime:0.000000s ]
INFO: [ template_filter ] --END-- [ RunTime:0.000000s ]
INFO: Run Behavior\ParseTemplateBehavior [ RunTime:0.014002s ]
INFO: [ view_parse ] --END-- [ RunTime:0.014002s ]
INFO: [ view_filter ] --START--
INFO: Run Behavior\WriteHtmlCacheBehavior [ RunTime:0.001000s ]
INFO: [ view_filter ] --END-- [ RunTime:0.001000s ]
INFO: [ app_end ] --START--
INFO: Run Behavior\ShowPageTraceBehavior [ RunTime:0.001000s ]
INFO: [ app_end ] --END-- [ RunTime:0.001000s ]

[ 2016-09-28T17:00:17+08:00 ] 127.0.0.1 /Admin/Menu/index/pid/1.html
INFO: [ app_init ] --START--
INFO: Run Behavior\BuildLiteBehavior [ RunTime:0.000000s ]
INFO: [ app_init ] --END-- [ RunTime:0.001000s ]
INFO: [ app_begin ] --START--
INFO: Run Behavior\ReadHtmlCacheBehavior [ RunTime:0.001001s ]
INFO: [ app_begin ] --END-- [ RunTime:0.001001s ]
SQL: SHOW COLUMNS FROM `ec_menu` [ RunTime:0.0030s ]
SQL: SHOW COLUMNS FROM `ec_menu` [ RunTime:0.0020s ]
SQL: SELECT `name` FROM `ec_menu` WHERE `id` = 1  [ RunTime:0.0000s ]
SQL: SELECT * FROM `ec_menu` WHERE `pid` = 1 AND `is_delete` = 0  [ RunTime:0.0010s ]
INFO: [ view_parse ] --START--
INFO: [ template_filter ] --START--
INFO: Run Behavior\ContentReplaceBehavior [ RunTime:0.000000s ]
INFO: [ template_filter ] --END-- [ RunTime:0.000000s ]
INFO: Run Behavior\ParseTemplateBehavior [ RunTime:0.010001s ]
INFO: [ view_parse ] --END-- [ RunTime:0.010001s ]
INFO: [ view_filter ] --START--
INFO: Run Behavior\WriteHtmlCacheBehavior [ RunTime:0.000000s ]
INFO: [ view_filter ] --END-- [ RunTime:0.000000s ]
INFO: [ app_end ] --START--
INFO: Run Behavior\ShowPageTraceBehavior [ RunTime:0.001000s ]
INFO: [ app_end ] --END-- [ RunTime:0.001000s ]

[ 2016-09-28T17:00:19+08:00 ] 127.0.0.1 /Admin/Menu/index/pid/1.html
INFO: [ app_init ] --START--
INFO: Run Behavior\BuildLiteBehavior [ RunTime:0.000000s ]
INFO: [ app_init ] --END-- [ RunTime:0.001000s ]
INFO: [ app_begin ] --START--
INFO: Run Behavior\ReadHtmlCacheBehavior [ RunTime:0.001000s ]
INFO: [ app_begin ] --END-- [ RunTime:0.001000s ]
SQL: SHOW COLUMNS FROM `ec_menu` [ RunTime:0.0020s ]
SQL: SHOW COLUMNS FROM `ec_menu` [ RunTime:0.0030s ]
SQL: SELECT `name` FROM `ec_menu` WHERE `id` = 1  [ RunTime:0.0000s ]
SQL: SELECT * FROM `ec_menu` WHERE `pid` = 1 AND `is_delete` = 0  [ RunTime:0.0000s ]
INFO: [ view_parse ] --START--
INFO: [ template_filter ] --START--
INFO: Run Behavior\ContentReplaceBehavior [ RunTime:0.001000s ]
INFO: [ template_filter ] --END-- [ RunTime:0.001000s ]
INFO: Run Behavior\ParseTemplateBehavior [ RunTime:0.010001s ]
INFO: [ view_parse ] --END-- [ RunTime:0.010001s ]
INFO: [ view_filter ] --START--
INFO: Run Behavior\WriteHtmlCacheBehavior [ RunTime:0.000000s ]
INFO: [ view_filter ] --END-- [ RunTime:0.000000s ]
INFO: [ app_end ] --START--
INFO: Run Behavior\ShowPageTraceBehavior [ RunTime:0.000000s ]
INFO: [ app_end ] --END-- [ RunTime:0.000000s ]

[ 2016-09-28T17:01:11+08:00 ] 127.0.0.1 /Admin/Menu/index/pid/1.html
INFO: [ app_init ] --START--
INFO: Run Behavior\BuildLiteBehavior [ RunTime:0.000000s ]
INFO: [ app_init ] --END-- [ RunTime:0.000000s ]
INFO: [ app_begin ] --START--
INFO: Run Behavior\ReadHtmlCacheBehavior [ RunTime:0.000000s ]
INFO: [ app_begin ] --END-- [ RunTime:0.000000s ]
SQL: SHOW COLUMNS FROM `ec_menu` [ RunTime:0.0030s ]
SQL: SHOW COLUMNS FROM `ec_menu` [ RunTime:0.0030s ]
SQL: SELECT `name` FROM `ec_menu` WHERE `id` = 1  [ RunTime:0.0010s ]
SQL: SELECT * FROM `ec_menu` WHERE `pid` = 1 AND `is_delete` = 0  [ RunTime:0.0010s ]
INFO: [ view_parse ] --START--
INFO: [ template_filter ] --START--
INFO: Run Behavior\ContentReplaceBehavior [ RunTime:0.000000s ]
INFO: [ template_filter ] --END-- [ RunTime:0.000000s ]
INFO: Run Behavior\ParseTemplateBehavior [ RunTime:0.011001s ]
INFO: [ view_parse ] --END-- [ RunTime:0.011001s ]
INFO: [ view_filter ] --START--
INFO: Run Behavior\WriteHtmlCacheBehavior [ RunTime:0.000000s ]
INFO: [ view_filter ] --END-- [ RunTime:0.000000s ]
INFO: [ app_end ] --START--
INFO: Run Behavior\ShowPageTraceBehavior [ RunTime:0.000000s ]
INFO: [ app_end ] --END-- [ RunTime:0.000000s ]

[ 2016-09-28T17:01:13+08:00 ] 127.0.0.1 /Admin/Menu/edit/id/12.html
INFO: [ app_init ] --START--
INFO: Run Behavior\BuildLiteBehavior [ RunTime:0.000000s ]
INFO: [ app_init ] --END-- [ RunTime:0.001000s ]
INFO: [ app_begin ] --START--
INFO: Run Behavior\ReadHtmlCacheBehavior [ RunTime:0.001000s ]
INFO: [ app_begin ] --END-- [ RunTime:0.001000s ]
SQL: SHOW COLUMNS FROM `ec_menu` [ RunTime:0.0020s ]
SQL: SHOW COLUMNS FROM `ec_menu` [ RunTime:0.0020s ]
SQL: SELECT * FROM `ec_menu` WHERE `id` = 12  [ RunTime:0.0000s ]
SQL: SELECT `name` FROM `ec_menu` WHERE `id` = '1'  [ RunTime:0.0000s ]
INFO: [ view_parse ] --START--
INFO: [ template_filter ] --START--
INFO: Run Behavior\ContentReplaceBehavior [ RunTime:0.000000s ]
INFO: [ template_filter ] --END-- [ RunTime:0.000000s ]
INFO: Run Behavior\ParseTemplateBehavior [ RunTime:0.008001s ]
INFO: [ view_parse ] --END-- [ RunTime:0.008001s ]
INFO: [ view_filter ] --START--
INFO: Run Behavior\WriteHtmlCacheBehavior [ RunTime:0.000000s ]
INFO: [ view_filter ] --END-- [ RunTime:0.000000s ]
INFO: [ app_end ] --START--
INFO: Run Behavior\ShowPageTraceBehavior [ RunTime:0.001000s ]
INFO: [ app_end ] --END-- [ RunTime:0.001000s ]

[ 2016-09-28T17:02:11+08:00 ] 127.0.0.1 /Admin/menu/index.html
INFO: [ app_init ] --START--
INFO: Run Behavior\BuildLiteBehavior [ RunTime:0.000000s ]
INFO: [ app_init ] --END-- [ RunTime:0.001000s ]
INFO: [ app_begin ] --START--
INFO: Run Behavior\ReadHtmlCacheBehavior [ RunTime:0.001000s ]
INFO: [ app_begin ] --END-- [ RunTime:0.001000s ]
NOTIC: [8] Undefined index: pid E:\Program\tptest.com\Application\Admin\Controller\MenuController.class.php 第 18 行.
SQL: SHOW COLUMNS FROM `ec_menu` [ RunTime:0.0030s ]
SQL: SHOW COLUMNS FROM `ec_menu` [ RunTime:0.0030s ]
SQL: SELECT * FROM `ec_menu` WHERE `pid` = 0 AND `is_delete` = 0  [ RunTime:0.0010s ]
INFO: [ view_parse ] --START--
INFO: [ template_filter ] --START--
INFO: Run Behavior\ContentReplaceBehavior [ RunTime:0.000000s ]
INFO: [ template_filter ] --END-- [ RunTime:0.000000s ]
INFO: Run Behavior\ParseTemplateBehavior [ RunTime:0.010001s ]
INFO: [ view_parse ] --END-- [ RunTime:0.010001s ]
INFO: [ view_filter ] --START--
INFO: Run Behavior\WriteHtmlCacheBehavior [ RunTime:0.000000s ]
INFO: [ view_filter ] --END-- [ RunTime:0.000000s ]
INFO: [ app_end ] --START--
INFO: Run Behavior\ShowPageTraceBehavior [ RunTime:0.000000s ]
INFO: [ app_end ] --END-- [ RunTime:0.000000s ]

[ 2016-09-28T17:02:15+08:00 ] 127.0.0.1 /Admin/Menu/edit/id/1.html
INFO: [ app_init ] --START--
INFO: Run Behavior\BuildLiteBehavior [ RunTime:0.000000s ]
INFO: [ app_init ] --END-- [ RunTime:0.001000s ]
INFO: [ app_begin ] --START--
INFO: Run Behavior\ReadHtmlCacheBehavior [ RunTime:0.001000s ]
INFO: [ app_begin ] --END-- [ RunTime:0.001000s ]
SQL: SHOW COLUMNS FROM `ec_menu` [ RunTime:0.0040s ]
SQL: SHOW COLUMNS FROM `ec_menu` [ RunTime:0.0030s ]
SQL: SELECT * FROM `ec_menu` WHERE `id` = 1  [ RunTime:0.0010s ]
SQL: SELECT `name` FROM `ec_menu` WHERE `id` = '0'  [ RunTime:0.0000s ]
NOTIC: [8] Undefined offset: 0 E:\Program\tptest.com\Application\Admin\Logic\MenuLogic.class.php 第 28 行.
INFO: [ view_parse ] --START--
INFO: [ template_filter ] --START--
INFO: Run Behavior\ContentReplaceBehavior [ RunTime:0.000000s ]
INFO: [ template_filter ] --END-- [ RunTime:0.000000s ]
INFO: Run Behavior\ParseTemplateBehavior [ RunTime:0.010001s ]
INFO: [ view_parse ] --END-- [ RunTime:0.010001s ]
INFO: [ view_filter ] --START--
INFO: Run Behavior\WriteHtmlCacheBehavior [ RunTime:0.001000s ]
INFO: [ view_filter ] --END-- [ RunTime:0.001000s ]
INFO: [ app_end ] --START--
INFO: Run Behavior\ShowPageTraceBehavior [ RunTime:0.001000s ]
INFO: [ app_end ] --END-- [ RunTime:0.001000s ]

[ 2016-09-28T17:19:09+08:00 ] 127.0.0.1 /Admin/Menu/edit/id/1.html
INFO: [ app_init ] --START--
INFO: Run Behavior\BuildLiteBehavior [ RunTime:0.000000s ]
INFO: [ app_init ] --END-- [ RunTime:0.000999s ]
INFO: [ app_begin ] --START--
INFO: Run Behavior\ReadHtmlCacheBehavior [ RunTime:0.001000s ]
INFO: [ app_begin ] --END-- [ RunTime:0.001000s ]
SQL: SHOW COLUMNS FROM `ec_menu` [ RunTime:0.0050s ]
SQL: SHOW COLUMNS FROM `ec_menu` [ RunTime:0.0050s ]
SQL: SELECT * FROM `ec_menu` WHERE `id` = 1  [ RunTime:0.0010s ]
SQL: SELECT `name` FROM `ec_menu` WHERE `id` = '0'  [ RunTime:0.0010s ]
NOTIC: [8] Undefined offset: 0 E:\Program\tptest.com\Application\Admin\Logic\MenuLogic.class.php 第 28 行.
INFO: [ view_parse ] --START--
INFO: [ template_filter ] --START--
INFO: Run Behavior\ContentReplaceBehavior [ RunTime:0.000000s ]
INFO: [ template_filter ] --END-- [ RunTime:0.000000s ]
INFO: Run Behavior\ParseTemplateBehavior [ RunTime:0.011992s ]
INFO: [ view_parse ] --END-- [ RunTime:0.011992s ]
INFO: [ view_filter ] --START--
INFO: Run Behavior\WriteHtmlCacheBehavior [ RunTime:0.000000s ]
INFO: [ view_filter ] --END-- [ RunTime:0.001000s ]
INFO: [ app_end ] --START--
INFO: Run Behavior\ShowPageTraceBehavior [ RunTime:0.000999s ]
INFO: [ app_end ] --END-- [ RunTime:0.000999s ]

[ 2016-09-28T17:19:11+08:00 ] 127.0.0.1 /Admin/Menu/edit.html
INFO: [ app_init ] --START--
INFO: Run Behavior\BuildLiteBehavior [ RunTime:0.000000s ]
INFO: [ app_init ] --END-- [ RunTime:0.000999s ]
INFO: [ app_begin ] --START--
INFO: Run Behavior\ReadHtmlCacheBehavior [ RunTime:0.001000s ]
INFO: [ app_begin ] --END-- [ RunTime:0.001000s ]
SQL: SHOW COLUMNS FROM `ec_menu` [ RunTime:0.0030s ]
NOTIC: [8] Undefined index: id E:\Program\tptest.com\Application\Admin\Logic\MenuLogic.class.php 第 66 行.
SQL: SHOW COLUMNS FROM `ec_menu` [ RunTime:0.0040s ]
SQL: SELECT `version` FROM `ec_menu` WHERE `id` = null  [ RunTime:0.0010s ]
NOTIC: [8] Undefined offset: 0 E:\Program\tptest.com\Application\Admin\Logic\MenuLogic.class.php 第 68 行.
NOTIC: [8] Undefined index: version E:\Program\tptest.com\Application\Admin\Logic\MenuLogic.class.php 第 68 行.
NOTIC: [8] Undefined index: name E:\Program\tptest.com\Application\Admin\Logic\MenuLogic.class.php 第 69 行.
NOTIC: [8] Undefined index: url E:\Program\tptest.com\Application\Admin\Logic\MenuLogic.class.php 第 70 行.
NOTIC: [8] Undefined index: description E:\Program\tptest.com\Application\Admin\Logic\MenuLogic.class.php 第 71 行.
NOTIC: [8] Undefined index: sort E:\Program\tptest.com\Application\Admin\Logic\MenuLogic.class.php 第 72 行.
NOTIC: [8] Undefined index: hide E:\Program\tptest.com\Application\Admin\Logic\MenuLogic.class.php 第 73 行.
NOTIC: [8] Undefined index: status E:\Program\tptest.com\Application\Admin\Logic\MenuLogic.class.php 第 74 行.
NOTIC: [8] Undefined index: version E:\Program\tptest.com\Application\Admin\Logic\MenuLogic.class.php 第 75 行.

[ 2016-09-28T17:19:17+08:00 ] 127.0.0.1 /Admin/Menu/edit/id/1.html
INFO: [ app_init ] --START--
INFO: Run Behavior\BuildLiteBehavior [ RunTime:0.000000s ]
INFO: [ app_init ] --END-- [ RunTime:0.000000s ]
INFO: [ app_begin ] --START--
INFO: Run Behavior\ReadHtmlCacheBehavior [ RunTime:0.000999s ]
INFO: [ app_begin ] --END-- [ RunTime:0.000999s ]
SQL: SHOW COLUMNS FROM `ec_menu` [ RunTime:0.0030s ]
SQL: SHOW COLUMNS FROM `ec_menu` [ RunTime:0.0030s ]
SQL: SELECT * FROM `ec_menu` WHERE `id` = 1  [ RunTime:0.0000s ]
SQL: SELECT `name` FROM `ec_menu` WHERE `id` = '0'  [ RunTime:0.0000s ]
NOTIC: [8] Undefined offset: 0 E:\Program\tptest.com\Application\Admin\Logic\MenuLogic.class.php 第 28 行.
INFO: [ view_parse ] --START--
INFO: [ template_filter ] --START--
INFO: Run Behavior\ContentReplaceBehavior [ RunTime:0.000000s ]
INFO: [ template_filter ] --END-- [ RunTime:0.000000s ]
INFO: Run Behavior\ParseTemplateBehavior [ RunTime:0.009994s ]
INFO: [ view_parse ] --END-- [ RunTime:0.009994s ]
INFO: [ view_filter ] --START--
INFO: Run Behavior\WriteHtmlCacheBehavior [ RunTime:0.000000s ]
INFO: [ view_filter ] --END-- [ RunTime:0.000000s ]
INFO: [ app_end ] --START--
INFO: Run Behavior\ShowPageTraceBehavior [ RunTime:0.000000s ]
INFO: [ app_end ] --END-- [ RunTime:0.000000s ]

[ 2016-09-28T17:19:22+08:00 ] 127.0.0.1 /Admin/Menu/edit.html
INFO: [ app_init ] --START--
INFO: Run Behavior\BuildLiteBehavior [ RunTime:0.000000s ]
INFO: [ app_init ] --END-- [ RunTime:0.000000s ]
INFO: [ app_begin ] --START--
INFO: Run Behavior\ReadHtmlCacheBehavior [ RunTime:0.000000s ]
INFO: [ app_begin ] --END-- [ RunTime:0.001000s ]
SQL: SHOW COLUMNS FROM `ec_menu` [ RunTime:0.0030s ]
NOTIC: [8] Undefined index: id E:\Program\tptest.com\Application\Admin\Logic\MenuLogic.class.php 第 66 行.
SQL: SHOW COLUMNS FROM `ec_menu` [ RunTime:0.0040s ]
SQL: SELECT `version` FROM `ec_menu` WHERE `id` = null  [ RunTime:0.0000s ]
NOTIC: [8] Undefined offset: 0 E:\Program\tptest.com\Application\Admin\Logic\MenuLogic.class.php 第 68 行.
NOTIC: [8] Undefined index: version E:\Program\tptest.com\Application\Admin\Logic\MenuLogic.class.php 第 68 行.
NOTIC: [8] Undefined index: name E:\Program\tptest.com\Application\Admin\Logic\MenuLogic.class.php 第 69 行.
NOTIC: [8] Undefined index: url E:\Program\tptest.com\Application\Admin\Logic\MenuLogic.class.php 第 70 行.
NOTIC: [8] Undefined index: description E:\Program\tptest.com\Application\Admin\Logic\MenuLogic.class.php 第 71 行.
NOTIC: [8] Undefined index: sort E:\Program\tptest.com\Application\Admin\Logic\MenuLogic.class.php 第 72 行.
NOTIC: [8] Undefined index: hide E:\Program\tptest.com\Application\Admin\Logic\MenuLogic.class.php 第 73 行.
NOTIC: [8] Undefined index: status E:\Program\tptest.com\Application\Admin\Logic\MenuLogic.class.php 第 74 行.
NOTIC: [8] Undefined index: version E:\Program\tptest.com\Application\Admin\Logic\MenuLogic.class.php 第 75 行.

[ 2016-09-28T17:19:25+08:00 ] 127.0.0.1 /Admin/menu/index.html
INFO: [ app_init ] --START--
INFO: Run Behavior\BuildLiteBehavior [ RunTime:0.000000s ]
INFO: [ app_init ] --END-- [ RunTime:0.000000s ]
INFO: [ app_begin ] --START--
INFO: Run Behavior\ReadHtmlCacheBehavior [ RunTime:0.000999s ]
INFO: [ app_begin ] --END-- [ RunTime:0.000999s ]
NOTIC: [8] Undefined index: pid E:\Program\tptest.com\Application\Admin\Controller\MenuController.class.php 第 18 行.
SQL: SHOW COLUMNS FROM `ec_menu` [ RunTime:0.0030s ]
SQL: SHOW COLUMNS FROM `ec_menu` [ RunTime:0.0030s ]
SQL: SELECT * FROM `ec_menu` WHERE `pid` = 0 AND `is_delete` = 0  [ RunTime:0.0010s ]
INFO: [ view_parse ] --START--
INFO: [ template_filter ] --START--
INFO: Run Behavior\ContentReplaceBehavior [ RunTime:0.000000s ]
INFO: [ template_filter ] --END-- [ RunTime:0.001000s ]
INFO: Run Behavior\ParseTemplateBehavior [ RunTime:0.009994s ]
INFO: [ view_parse ] --END-- [ RunTime:0.009994s ]
INFO: [ view_filter ] --START--
INFO: Run Behavior\WriteHtmlCacheBehavior [ RunTime:0.000000s ]
INFO: [ view_filter ] --END-- [ RunTime:0.000000s ]
INFO: [ app_end ] --START--
INFO: Run Behavior\ShowPageTraceBehavior [ RunTime:0.000000s ]
INFO: [ app_end ] --END-- [ RunTime:0.000999s ]

[ 2016-09-28T17:20:47+08:00 ] 127.0.0.1 /Admin/menu/index.html
INFO: [ app_init ] --START--
INFO: Run Behavior\BuildLiteBehavior [ RunTime:0.000000s ]
INFO: [ app_init ] --END-- [ RunTime:0.000999s ]
INFO: [ app_begin ] --START--
INFO: Run Behavior\ReadHtmlCacheBehavior [ RunTime:0.000999s ]
INFO: [ app_begin ] --END-- [ RunTime:0.000999s ]
NOTIC: [8] Undefined index: pid E:\Program\tptest.com\Application\Admin\Controller\MenuController.class.php 第 18 行.
SQL: SHOW COLUMNS FROM `ec_menu` [ RunTime:0.0030s ]
SQL: SHOW COLUMNS FROM `ec_menu` [ RunTime:0.0050s ]
SQL: SELECT * FROM `ec_menu` WHERE `pid` = 0 AND `is_delete` = 0  [ RunTime:0.0000s ]
INFO: [ view_parse ] --START--
INFO: [ template_filter ] --START--
INFO: Run Behavior\ContentReplaceBehavior [ RunTime:0.001000s ]
INFO: [ template_filter ] --END-- [ RunTime:0.001000s ]
INFO: Run Behavior\ParseTemplateBehavior [ RunTime:0.014991s ]
INFO: [ view_parse ] --END-- [ RunTime:0.014991s ]
INFO: [ view_filter ] --START--
INFO: Run Behavior\WriteHtmlCacheBehavior [ RunTime:0.001000s ]
INFO: [ view_filter ] --END-- [ RunTime:0.001000s ]
INFO: [ app_end ] --START--
INFO: Run Behavior\ShowPageTraceBehavior [ RunTime:0.000000s ]
INFO: [ app_end ] --END-- [ RunTime:0.000000s ]

[ 2016-09-28T17:20:50+08:00 ] 127.0.0.1 /Admin/Menu/edit/id/1.html
INFO: [ app_init ] --START--
INFO: Run Behavior\BuildLiteBehavior [ RunTime:0.000000s ]
INFO: [ app_init ] --END-- [ RunTime:0.000999s ]
INFO: [ app_begin ] --START--
INFO: Run Behavior\ReadHtmlCacheBehavior [ RunTime:0.000999s ]
INFO: [ app_begin ] --END-- [ RunTime:0.000999s ]
SQL: SHOW COLUMNS FROM `ec_menu` [ RunTime:0.0030s ]
SQL: SHOW COLUMNS FROM `ec_menu` [ RunTime:0.0040s ]
SQL: SELECT * FROM `ec_menu` WHERE `id` = 1  [ RunTime:0.0010s ]
SQL: SELECT `name` FROM `ec_menu` WHERE `id` = '0'  [ RunTime:0.0000s ]
NOTIC: [8] Undefined offset: 0 E:\Program\tptest.com\Application\Admin\Logic\MenuLogic.class.php 第 28 行.
INFO: [ view_parse ] --START--
INFO: [ template_filter ] --START--
INFO: Run Behavior\ContentReplaceBehavior [ RunTime:0.000000s ]
INFO: [ template_filter ] --END-- [ RunTime:0.001000s ]
INFO: Run Behavior\ParseTemplateBehavior [ RunTime:0.010993s ]
INFO: [ view_parse ] --END-- [ RunTime:0.010993s ]
INFO: [ view_filter ] --START--
INFO: Run Behavior\WriteHtmlCacheBehavior [ RunTime:0.001000s ]
INFO: [ view_filter ] --END-- [ RunTime:0.001000s ]
INFO: [ app_end ] --START--
INFO: Run Behavior\ShowPageTraceBehavior [ RunTime:0.000999s ]
INFO: [ app_end ] --END-- [ RunTime:0.000999s ]

[ 2016-09-28T17:22:04+08:00 ] 127.0.0.1 /Admin/Menu/edit/id/1.html
INFO: [ app_init ] --START--
INFO: Run Behavior\BuildLiteBehavior [ RunTime:0.000000s ]
INFO: [ app_init ] --END-- [ RunTime:0.001000s ]
INFO: [ app_begin ] --START--
INFO: Run Behavior\ReadHtmlCacheBehavior [ RunTime:0.000999s ]
INFO: [ app_begin ] --END-- [ RunTime:0.000999s ]
SQL: SHOW COLUMNS FROM `ec_menu` [ RunTime:0.0030s ]
SQL: SHOW COLUMNS FROM `ec_menu` [ RunTime:0.0020s ]
SQL: SELECT * FROM `ec_menu` WHERE `id` = 1  [ RunTime:0.0010s ]
SQL: SELECT `name` FROM `ec_menu` WHERE `id` = '0'  [ RunTime:0.0000s ]
NOTIC: [8] Undefined offset: 0 E:\Program\tptest.com\Application\Admin\Logic\MenuLogic.class.php 第 28 行.
INFO: [ view_parse ] --START--
INFO: [ template_filter ] --START--
INFO: Run Behavior\ContentReplaceBehavior [ RunTime:0.000000s ]
INFO: [ template_filter ] --END-- [ RunTime:0.000000s ]
INFO: Run Behavior\ParseTemplateBehavior [ RunTime:0.008995s ]
INFO: [ view_parse ] --END-- [ RunTime:0.008995s ]
INFO: [ view_filter ] --START--
INFO: Run Behavior\WriteHtmlCacheBehavior [ RunTime:0.000000s ]
INFO: [ view_filter ] --END-- [ RunTime:0.000000s ]
INFO: [ app_end ] --START--
INFO: Run Behavior\ShowPageTraceBehavior [ RunTime:0.000999s ]
INFO: [ app_end ] --END-- [ RunTime:0.000999s ]

[ 2016-09-28T17:22:09+08:00 ] 127.0.0.1 /Admin/Menu/edit.html
INFO: [ app_init ] --START--
INFO: Run Behavior\BuildLiteBehavior [ RunTime:0.000000s ]
INFO: [ app_init ] --END-- [ RunTime:0.000000s ]
INFO: [ app_begin ] --START--
INFO: Run Behavior\ReadHtmlCacheBehavior [ RunTime:0.000000s ]
INFO: [ app_begin ] --END-- [ RunTime:0.000000s ]
SQL: SHOW COLUMNS FROM `ec_menu` [ RunTime:0.0030s ]
SQL: SHOW COLUMNS FROM `ec_menu` [ RunTime:0.0020s ]
SQL: SELECT `version` FROM `ec_menu` WHERE `id` = '1'  [ RunTime:0.0000s ]
SQL: UPDATE `ec_menu` SET `name`='角色1菜单1',`url`='gfdsgfdsg',`description`='',`sort`='1',`is_hide`='0',`status`='1',`version`='3',`update_time`='1475054529',`updater`='-1' WHERE `id` = '1' [ RunTime:0.0770s ]

[ 2016-09-28T17:22:12+08:00 ] 127.0.0.1 /Admin/menu/index.html
INFO: [ app_init ] --START--
INFO: Run Behavior\BuildLiteBehavior [ RunTime:0.000000s ]
INFO: [ app_init ] --END-- [ RunTime:0.000000s ]
INFO: [ app_begin ] --START--
INFO: Run Behavior\ReadHtmlCacheBehavior [ RunTime:0.000000s ]
INFO: [ app_begin ] --END-- [ RunTime:0.000000s ]
NOTIC: [8] Undefined index: pid E:\Program\tptest.com\Application\Admin\Controller\MenuController.class.php 第 18 行.
SQL: SHOW COLUMNS FROM `ec_menu` [ RunTime:0.0040s ]
SQL: SHOW COLUMNS FROM `ec_menu` [ RunTime:0.0030s ]
SQL: SELECT * FROM `ec_menu` WHERE `pid` = 0 AND `is_delete` = 0  [ RunTime:0.0000s ]
INFO: [ view_parse ] --START--
INFO: [ template_filter ] --START--
INFO: Run Behavior\ContentReplaceBehavior [ RunTime:0.000000s ]
INFO: [ template_filter ] --END-- [ RunTime:0.000000s ]
INFO: Run Behavior\ParseTemplateBehavior [ RunTime:0.009994s ]
INFO: [ view_parse ] --END-- [ RunTime:0.009994s ]
INFO: [ view_filter ] --START--
INFO: Run Behavior\WriteHtmlCacheBehavior [ RunTime:0.000000s ]
INFO: [ view_filter ] --END-- [ RunTime:0.000000s ]
INFO: [ app_end ] --START--
INFO: Run Behavior\ShowPageTraceBehavior [ RunTime:0.000000s ]
INFO: [ app_end ] --END-- [ RunTime:0.000000s ]

[ 2016-09-28T17:23:31+08:00 ] 127.0.0.1 /Admin/menu/index.html
INFO: [ app_init ] --START--
INFO: Run Behavior\BuildLiteBehavior [ RunTime:0.000000s ]
INFO: [ app_init ] --END-- [ RunTime:0.001000s ]
INFO: [ app_begin ] --START--
INFO: Run Behavior\ReadHtmlCacheBehavior [ RunTime:0.000000s ]
INFO: [ app_begin ] --END-- [ RunTime:0.001000s ]
NOTIC: [8] Undefined index: pid E:\Program\tptest.com\Application\Admin\Controller\MenuController.class.php 第 18 行.
SQL: SHOW COLUMNS FROM `ec_menu` [ RunTime:0.0040s ]
SQL: SHOW COLUMNS FROM `ec_menu` [ RunTime:0.0030s ]
SQL: SELECT * FROM `ec_menu` WHERE `pid` = 0 AND `is_delete` = 0  [ RunTime:0.0010s ]
INFO: [ view_parse ] --START--
INFO: [ template_filter ] --START--
INFO: Run Behavior\ContentReplaceBehavior [ RunTime:0.000000s ]
INFO: [ template_filter ] --END-- [ RunTime:0.000000s ]
INFO: Run Behavior\ParseTemplateBehavior [ RunTime:0.010998s ]
INFO: [ view_parse ] --END-- [ RunTime:0.010998s ]
INFO: [ view_filter ] --START--
INFO: Run Behavior\WriteHtmlCacheBehavior [ RunTime:0.001000s ]
INFO: [ view_filter ] --END-- [ RunTime:0.001000s ]
INFO: [ app_end ] --START--
INFO: Run Behavior\ShowPageTraceBehavior [ RunTime:0.001000s ]
INFO: [ app_end ] --END-- [ RunTime:0.001000s ]

[ 2016-09-28T17:23:34+08:00 ] 127.0.0.1 /Admin/Menu/edit/id/2.html
INFO: [ app_init ] --START--
INFO: Run Behavior\BuildLiteBehavior [ RunTime:0.000000s ]
INFO: [ app_init ] --END-- [ RunTime:0.000000s ]
INFO: [ app_begin ] --START--
INFO: Run Behavior\ReadHtmlCacheBehavior [ RunTime:0.000000s ]
INFO: [ app_begin ] --END-- [ RunTime:0.000000s ]
SQL: SHOW COLUMNS FROM `ec_menu` [ RunTime:0.0030s ]
SQL: SHOW COLUMNS FROM `ec_menu` [ RunTime:0.0020s ]
SQL: SELECT * FROM `ec_menu` WHERE `id` = 2  [ RunTime:0.0000s ]
SQL: SELECT `name` FROM `ec_menu` WHERE `id` = '0'  [ RunTime:0.0000s ]
NOTIC: [8] Undefined offset: 0 E:\Program\tptest.com\Application\Admin\Logic\MenuLogic.class.php 第 28 行.
INFO: [ view_parse ] --START--
INFO: [ template_filter ] --START--
INFO: Run Behavior\ContentReplaceBehavior [ RunTime:0.000000s ]
INFO: [ template_filter ] --END-- [ RunTime:0.000000s ]
INFO: Run Behavior\ParseTemplateBehavior [ RunTime:0.009998s ]
INFO: [ view_parse ] --END-- [ RunTime:0.009998s ]
INFO: [ view_filter ] --START--
INFO: Run Behavior\WriteHtmlCacheBehavior [ RunTime:0.001000s ]
INFO: [ view_filter ] --END-- [ RunTime:0.001000s ]
INFO: [ app_end ] --START--
INFO: Run Behavior\ShowPageTraceBehavior [ RunTime:0.001000s ]
INFO: [ app_end ] --END-- [ RunTime:0.001000s ]

[ 2016-09-28T17:23:37+08:00 ] 127.0.0.1 /Admin/Menu/edit.html
INFO: [ app_init ] --START--
INFO: Run Behavior\BuildLiteBehavior [ RunTime:0.000000s ]
INFO: [ app_init ] --END-- [ RunTime:0.000000s ]
INFO: [ app_begin ] --START--
INFO: Run Behavior\ReadHtmlCacheBehavior [ RunTime:0.001000s ]
INFO: [ app_begin ] --END-- [ RunTime:0.001000s ]
SQL: SHOW COLUMNS FROM `ec_menu` [ RunTime:0.0020s ]
SQL: SHOW COLUMNS FROM `ec_menu` [ RunTime:0.0020s ]
SQL: SELECT `version` FROM `ec_menu` WHERE `id` = '2'  [ RunTime:0.0000s ]
SQL: UPDATE `ec_menu` SET `name`='角色2菜单',`url`='gfsdgdfsgdfsgsdfg',`description`='',`sort`='1',`is_hide`='0',`status`='1',`version`='2',`update_time`='1475054617',`updater`='-1' WHERE `id` = '2' [ RunTime:0.0890s ]

[ 2016-09-28T17:23:42+08:00 ] 127.0.0.1 /Admin/menu/index.html
INFO: [ app_init ] --START--
INFO: Run Behavior\BuildLiteBehavior [ RunTime:0.000000s ]
INFO: [ app_init ] --END-- [ RunTime:0.000000s ]
INFO: [ app_begin ] --START--
INFO: Run Behavior\ReadHtmlCacheBehavior [ RunTime:0.000999s ]
INFO: [ app_begin ] --END-- [ RunTime:0.000999s ]
NOTIC: [8] Undefined index: pid E:\Program\tptest.com\Application\Admin\Controller\MenuController.class.php 第 18 行.
SQL: SHOW COLUMNS FROM `ec_menu` [ RunTime:0.0030s ]
SQL: SHOW COLUMNS FROM `ec_menu` [ RunTime:0.0020s ]
SQL: SELECT * FROM `ec_menu` WHERE `pid` = 0 AND `is_delete` = 0  [ RunTime:0.0000s ]
INFO: [ view_parse ] --START--
INFO: [ template_filter ] --START--
INFO: Run Behavior\ContentReplaceBehavior [ RunTime:0.000999s ]
INFO: [ template_filter ] --END-- [ RunTime:0.000999s ]
INFO: Run Behavior\ParseTemplateBehavior [ RunTime:0.010998s ]
INFO: [ view_parse ] --END-- [ RunTime:0.010998s ]
INFO: [ view_filter ] --START--
INFO: Run Behavior\WriteHtmlCacheBehavior [ RunTime:0.000000s ]
INFO: [ view_filter ] --END-- [ RunTime:0.000000s ]
INFO: [ app_end ] --START--
INFO: Run Behavior\ShowPageTraceBehavior [ RunTime:0.001000s ]
INFO: [ app_end ] --END-- [ RunTime:0.001000s ]

[ 2016-09-28T17:24:41+08:00 ] 127.0.0.1 /Admin/Menu/edit/id/3.html
INFO: [ app_init ] --START--
INFO: Run Behavior\BuildLiteBehavior [ RunTime:0.000000s ]
INFO: [ app_init ] --END-- [ RunTime:0.000999s ]
INFO: [ app_begin ] --START--
INFO: Run Behavior\ReadHtmlCacheBehavior [ RunTime:0.001000s ]
INFO: [ app_begin ] --END-- [ RunTime:0.001000s ]
SQL: SHOW COLUMNS FROM `ec_menu` [ RunTime:0.0020s ]
SQL: SHOW COLUMNS FROM `ec_menu` [ RunTime:0.0030s ]
SQL: SELECT * FROM `ec_menu` WHERE `id` = 3  [ RunTime:0.0010s ]
SQL: SELECT `name` FROM `ec_menu` WHERE `id` = '0'  [ RunTime:0.0000s ]
NOTIC: [8] Undefined offset: 0 E:\Program\tptest.com\Application\Admin\Logic\MenuLogic.class.php 第 28 行.
INFO: [ view_parse ] --START--
INFO: [ template_filter ] --START--
INFO: Run Behavior\ContentReplaceBehavior [ RunTime:0.000000s ]
INFO: [ template_filter ] --END-- [ RunTime:0.000000s ]
INFO: Run Behavior\ParseTemplateBehavior [ RunTime:0.007999s ]
INFO: [ view_parse ] --END-- [ RunTime:0.007999s ]
INFO: [ view_filter ] --START--
INFO: Run Behavior\WriteHtmlCacheBehavior [ RunTime:0.000000s ]
INFO: [ view_filter ] --END-- [ RunTime:0.000000s ]
INFO: [ app_end ] --START--
INFO: Run Behavior\ShowPageTraceBehavior [ RunTime:0.000000s ]
INFO: [ app_end ] --END-- [ RunTime:0.000000s ]

[ 2016-09-28T17:24:44+08:00 ] 127.0.0.1 /Admin/Menu/edit.html
INFO: [ app_init ] --START--
INFO: Run Behavior\BuildLiteBehavior [ RunTime:0.000000s ]
INFO: [ app_init ] --END-- [ RunTime:0.001000s ]
INFO: [ app_begin ] --START--
INFO: Run Behavior\ReadHtmlCacheBehavior [ RunTime:0.000000s ]
INFO: [ app_begin ] --END-- [ RunTime:0.000000s ]
SQL: SHOW COLUMNS FROM `ec_menu` [ RunTime:0.0040s ]
SQL: SHOW COLUMNS FROM `ec_menu` [ RunTime:0.0040s ]
SQL: SELECT `version` FROM `ec_menu` WHERE `id` = '3'  [ RunTime:0.0000s ]
SQL: UPDATE `ec_menu` SET `name`='角色3菜单',`url`='dfsvfdsvdsv',`description`='',`sort`='1',`is_hide`='0',`status`='1',`version`='2',`update_time`='1475054684',`updater`='-1' WHERE `id` = '3' [ RunTime:0.1120s ]

[ 2016-09-28T17:24:45+08:00 ] 127.0.0.1 /Admin/menu/index.html
INFO: [ app_init ] --START--
INFO: Run Behavior\BuildLiteBehavior [ RunTime:0.001000s ]
INFO: [ app_init ] --END-- [ RunTime:0.001000s ]
INFO: [ app_begin ] --START--
INFO: Run Behavior\ReadHtmlCacheBehavior [ RunTime:0.000000s ]
INFO: [ app_begin ] --END-- [ RunTime:0.000000s ]
NOTIC: [8] Undefined index: pid E:\Program\tptest.com\Application\Admin\Controller\MenuController.class.php 第 18 行.
SQL: SHOW COLUMNS FROM `ec_menu` [ RunTime:0.0050s ]
SQL: SHOW COLUMNS FROM `ec_menu` [ RunTime:0.0050s ]
SQL: SELECT * FROM `ec_menu` WHERE `pid` = 0 AND `is_delete` = 0  [ RunTime:0.0010s ]
INFO: [ view_parse ] --START--
INFO: [ template_filter ] --START--
INFO: Run Behavior\ContentReplaceBehavior [ RunTime:0.000000s ]
INFO: [ template_filter ] --END-- [ RunTime:0.000000s ]
INFO: Run Behavior\ParseTemplateBehavior [ RunTime:0.014997s ]
INFO: [ view_parse ] --END-- [ RunTime:0.014997s ]
INFO: [ view_filter ] --START--
INFO: Run Behavior\WriteHtmlCacheBehavior [ RunTime:0.000000s ]
INFO: [ view_filter ] --END-- [ RunTime:0.000000s ]
INFO: [ app_end ] --START--
INFO: Run Behavior\ShowPageTraceBehavior [ RunTime:0.000000s ]
INFO: [ app_end ] --END-- [ RunTime:0.001000s ]

[ 2016-09-28T17:29:14+08:00 ] 127.0.0.1 /Admin/menu/index.html
INFO: [ app_init ] --START--
INFO: Run Behavior\BuildLiteBehavior [ RunTime:0.000000s ]
INFO: [ app_init ] --END-- [ RunTime:0.001000s ]
INFO: [ app_begin ] --START--
INFO: Run Behavior\ReadHtmlCacheBehavior [ RunTime:0.002000s ]
INFO: [ app_begin ] --END-- [ RunTime:0.002000s ]
NOTIC: [8] Undefined index: pid E:\Program\tptest.com\Application\Admin\Controller\MenuController.class.php 第 18 行.
SQL: SHOW COLUMNS FROM `ec_menu` [ RunTime:0.0030s ]
SQL: SHOW COLUMNS FROM `ec_menu` [ RunTime:0.0020s ]
SQL: SELECT * FROM `ec_menu` WHERE `pid` = 0 AND `is_delete` = 0  [ RunTime:0.0000s ]
INFO: [ view_parse ] --START--
INFO: [ template_filter ] --START--
INFO: Run Behavior\ContentReplaceBehavior [ RunTime:0.000000s ]
INFO: [ template_filter ] --END-- [ RunTime:0.000000s ]
INFO: Run Behavior\ParseTemplateBehavior [ RunTime:0.014000s ]
INFO: [ view_parse ] --END-- [ RunTime:0.014000s ]
INFO: [ view_filter ] --START--
INFO: Run Behavior\WriteHtmlCacheBehavior [ RunTime:0.001000s ]
INFO: [ view_filter ] --END-- [ RunTime:0.001000s ]
INFO: [ app_end ] --START--
INFO: Run Behavior\ShowPageTraceBehavior [ RunTime:0.002000s ]
INFO: [ app_end ] --END-- [ RunTime:0.003000s ]

[ 2016-09-28T17:29:45+08:00 ] 127.0.0.1 /Admin/menu/index.html
INFO: [ app_init ] --START--
INFO: Run Behavior\BuildLiteBehavior [ RunTime:0.000000s ]
INFO: [ app_init ] --END-- [ RunTime:0.000000s ]
INFO: [ app_begin ] --START--
INFO: Run Behavior\ReadHtmlCacheBehavior [ RunTime:0.001000s ]
INFO: [ app_begin ] --END-- [ RunTime:0.001000s ]
NOTIC: [8] Undefined index: pid E:\Program\tptest.com\Application\Admin\Controller\MenuController.class.php 第 18 行.
SQL: SHOW COLUMNS FROM `ec_menu` [ RunTime:0.0040s ]
SQL: SHOW COLUMNS FROM `ec_menu` [ RunTime:0.0030s ]
SQL: SELECT * FROM `ec_menu` WHERE `pid` = 0 AND `is_delete` = 0  [ RunTime:0.0010s ]
INFO: [ view_parse ] --START--
INFO: [ template_filter ] --START--
INFO: Run Behavior\ContentReplaceBehavior [ RunTime:0.000000s ]
INFO: [ template_filter ] --END-- [ RunTime:0.000000s ]
INFO: Run Behavior\ParseTemplateBehavior [ RunTime:0.011000s ]
INFO: [ view_parse ] --END-- [ RunTime:0.011000s ]
INFO: [ view_filter ] --START--
INFO: Run Behavior\WriteHtmlCacheBehavior [ RunTime:0.001000s ]
INFO: [ view_filter ] --END-- [ RunTime:0.001000s ]
INFO: [ app_end ] --START--
INFO: Run Behavior\ShowPageTraceBehavior [ RunTime:0.001000s ]
INFO: [ app_end ] --END-- [ RunTime:0.001000s ]

[ 2016-09-28T17:34:23+08:00 ] 127.0.0.1 /Admin/menu/index.html
INFO: [ app_init ] --START--
INFO: Run Behavior\BuildLiteBehavior [ RunTime:0.000000s ]
INFO: [ app_init ] --END-- [ RunTime:0.001000s ]
INFO: [ app_begin ] --START--
INFO: Run Behavior\ReadHtmlCacheBehavior [ RunTime:0.001000s ]
INFO: [ app_begin ] --END-- [ RunTime:0.001000s ]
NOTIC: [8] Undefined index: pid E:\Program\tptest.com\Application\Admin\Controller\MenuController.class.php 第 18 行.
SQL: SHOW COLUMNS FROM `ec_menu` [ RunTime:0.0030s ]
SQL: SHOW COLUMNS FROM `ec_menu` [ RunTime:0.0030s ]
SQL: SELECT * FROM `ec_menu` WHERE `pid` = 0 AND `is_delete` = 0  [ RunTime:0.0010s ]
INFO: [ view_parse ] --START--
INFO: [ template_filter ] --START--
INFO: Run Behavior\ContentReplaceBehavior [ RunTime:0.000000s ]
INFO: [ template_filter ] --END-- [ RunTime:0.000000s ]
INFO: Run Behavior\ParseTemplateBehavior [ RunTime:0.010000s ]
INFO: [ view_parse ] --END-- [ RunTime:0.010000s ]
INFO: [ view_filter ] --START--
INFO: Run Behavior\WriteHtmlCacheBehavior [ RunTime:0.000000s ]
INFO: [ view_filter ] --END-- [ RunTime:0.000000s ]
INFO: [ app_end ] --START--
INFO: Run Behavior\ShowPageTraceBehavior [ RunTime:0.001000s ]
INFO: [ app_end ] --END-- [ RunTime:0.001000s ]

[ 2016-09-28T17:35:04+08:00 ] 127.0.0.1 /Admin/menu/index.html
INFO: [ app_init ] --START--
INFO: Run Behavior\BuildLiteBehavior [ RunTime:0.000000s ]
INFO: [ app_init ] --END-- [ RunTime:0.000000s ]
INFO: [ app_begin ] --START--
INFO: Run Behavior\ReadHtmlCacheBehavior [ RunTime:0.000000s ]
INFO: [ app_begin ] --END-- [ RunTime:0.000000s ]
NOTIC: [8] Undefined index: pid E:\Program\tptest.com\Application\Admin\Controller\MenuController.class.php 第 18 行.
SQL: SHOW COLUMNS FROM `ec_menu` [ RunTime:0.0030s ]
SQL: SHOW COLUMNS FROM `ec_menu` [ RunTime:0.0020s ]
SQL: SELECT * FROM `ec_menu` WHERE `pid` = 0 AND `is_delete` = 0  [ RunTime:0.0010s ]
INFO: [ view_parse ] --START--
INFO: [ template_filter ] --START--
INFO: Run Behavior\ContentReplaceBehavior [ RunTime:0.000000s ]
INFO: [ template_filter ] --END-- [ RunTime:0.000000s ]
INFO: Run Behavior\ParseTemplateBehavior [ RunTime:0.010000s ]
INFO: [ view_parse ] --END-- [ RunTime:0.010000s ]
INFO: [ view_filter ] --START--
INFO: Run Behavior\WriteHtmlCacheBehavior [ RunTime:0.000000s ]
INFO: [ view_filter ] --END-- [ RunTime:0.000000s ]
INFO: [ app_end ] --START--
INFO: Run Behavior\ShowPageTraceBehavior [ RunTime:0.001000s ]
INFO: [ app_end ] --END-- [ RunTime:0.001000s ]

[ 2016-09-28T17:35:23+08:00 ] 127.0.0.1 /Admin/menu/index.html
INFO: [ app_init ] --START--
INFO: Run Behavior\BuildLiteBehavior [ RunTime:0.000000s ]
INFO: [ app_init ] --END-- [ RunTime:0.000000s ]
INFO: [ app_begin ] --START--
INFO: Run Behavior\ReadHtmlCacheBehavior [ RunTime:0.000000s ]
INFO: [ app_begin ] --END-- [ RunTime:0.000000s ]
NOTIC: [8] Undefined index: pid E:\Program\tptest.com\Application\Admin\Controller\MenuController.class.php 第 18 行.
SQL: SHOW COLUMNS FROM `ec_menu` [ RunTime:0.0020s ]
SQL: SHOW COLUMNS FROM `ec_menu` [ RunTime:0.0040s ]
SQL: SELECT * FROM `ec_menu` WHERE `pid` = 0 AND `is_delete` = 0  [ RunTime:0.0010s ]
INFO: [ view_parse ] --START--
INFO: [ template_filter ] --START--
INFO: Run Behavior\ContentReplaceBehavior [ RunTime:0.000000s ]
INFO: [ template_filter ] --END-- [ RunTime:0.000000s ]
INFO: Run Behavior\ParseTemplateBehavior [ RunTime:0.011000s ]
INFO: [ view_parse ] --END-- [ RunTime:0.011000s ]
INFO: [ view_filter ] --START--
INFO: Run Behavior\WriteHtmlCacheBehavior [ RunTime:0.001000s ]
INFO: [ view_filter ] --END-- [ RunTime:0.001000s ]
INFO: [ app_end ] --START--
INFO: Run Behavior\ShowPageTraceBehavior [ RunTime:0.001000s ]
INFO: [ app_end ] --END-- [ RunTime:0.001000s ]

[ 2016-09-28T17:38:44+08:00 ] 127.0.0.1 /Admin/menu/index.html
INFO: [ app_init ] --START--
INFO: Run Behavior\BuildLiteBehavior [ RunTime:0.000000s ]
INFO: [ app_init ] --END-- [ RunTime:0.001000s ]
INFO: [ app_begin ] --START--
INFO: Run Behavior\ReadHtmlCacheBehavior [ RunTime:0.001000s ]
INFO: [ app_begin ] --END-- [ RunTime:0.001000s ]
NOTIC: [8] Undefined index: pid E:\Program\tptest.com\Application\Admin\Controller\MenuController.class.php 第 18 行.
SQL: SHOW COLUMNS FROM `ec_menu` [ RunTime:0.0040s ]
SQL: SHOW COLUMNS FROM `ec_menu` [ RunTime:0.0030s ]
SQL: SELECT * FROM `ec_menu` WHERE `pid` = 0 AND `is_delete` = 0  [ RunTime:0.0010s ]
INFO: [ view_parse ] --START--
INFO: [ template_filter ] --START--
INFO: Run Behavior\ContentReplaceBehavior [ RunTime:0.000000s ]
INFO: [ template_filter ] --END-- [ RunTime:0.000000s ]
INFO: Run Behavior\ParseTemplateBehavior [ RunTime:0.010000s ]
INFO: [ view_parse ] --END-- [ RunTime:0.010000s ]
INFO: [ view_filter ] --START--
INFO: Run Behavior\WriteHtmlCacheBehavior [ RunTime:0.000000s ]
INFO: [ view_filter ] --END-- [ RunTime:0.000000s ]
INFO: [ app_end ] --START--
INFO: Run Behavior\ShowPageTraceBehavior [ RunTime:0.001000s ]
INFO: [ app_end ] --END-- [ RunTime:0.001000s ]

[ 2016-09-28T17:38:48+08:00 ] 127.0.0.1 /Admin/Menu/index/pid/1.html
INFO: [ app_init ] --START--
INFO: Run Behavior\BuildLiteBehavior [ RunTime:0.000000s ]
INFO: [ app_init ] --END-- [ RunTime:0.000000s ]
INFO: [ app_begin ] --START--
INFO: Run Behavior\ReadHtmlCacheBehavior [ RunTime:0.001000s ]
INFO: [ app_begin ] --END-- [ RunTime:0.001000s ]
SQL: SHOW COLUMNS FROM `ec_menu` [ RunTime:0.0030s ]
SQL: SHOW COLUMNS FROM `ec_menu` [ RunTime:0.0040s ]
SQL: SELECT `name` FROM `ec_menu` WHERE `id` = 1  [ RunTime:0.0000s ]
SQL: SELECT * FROM `ec_menu` WHERE `pid` = 1 AND `is_delete` = 0  [ RunTime:0.0010s ]
INFO: [ view_parse ] --START--
INFO: [ template_filter ] --START--
INFO: Run Behavior\ContentReplaceBehavior [ RunTime:0.000000s ]
INFO: [ template_filter ] --END-- [ RunTime:0.001000s ]
INFO: Run Behavior\ParseTemplateBehavior [ RunTime:0.017000s ]
INFO: [ view_parse ] --END-- [ RunTime:0.017000s ]
INFO: [ view_filter ] --START--
INFO: Run Behavior\WriteHtmlCacheBehavior [ RunTime:0.000000s ]
INFO: [ view_filter ] --END-- [ RunTime:0.000000s ]
INFO: [ app_end ] --START--
INFO: Run Behavior\ShowPageTraceBehavior [ RunTime:0.001000s ]
INFO: [ app_end ] --END-- [ RunTime:0.001000s ]

[ 2016-09-28T17:38:51+08:00 ] 127.0.0.1 /Admin/Menu/index/pid/1.html
INFO: [ app_init ] --START--
INFO: Run Behavior\BuildLiteBehavior [ RunTime:0.000000s ]
INFO: [ app_init ] --END-- [ RunTime:0.000000s ]
INFO: [ app_begin ] --START--
INFO: Run Behavior\ReadHtmlCacheBehavior [ RunTime:0.000000s ]
INFO: [ app_begin ] --END-- [ RunTime:0.000000s ]
SQL: SHOW COLUMNS FROM `ec_menu` [ RunTime:0.0030s ]
SQL: SHOW COLUMNS FROM `ec_menu` [ RunTime:0.0040s ]
SQL: SELECT `name` FROM `ec_menu` WHERE `id` = 1  [ RunTime:0.0000s ]
SQL: SELECT * FROM `ec_menu` WHERE `pid` = 1 AND `is_delete` = 0  [ RunTime:0.0010s ]
INFO: [ view_parse ] --START--
INFO: [ template_filter ] --START--
INFO: Run Behavior\ContentReplaceBehavior [ RunTime:0.000000s ]
INFO: [ template_filter ] --END-- [ RunTime:0.000000s ]
INFO: Run Behavior\ParseTemplateBehavior [ RunTime:0.010000s ]
INFO: [ view_parse ] --END-- [ RunTime:0.010000s ]
INFO: [ view_filter ] --START--
INFO: Run Behavior\WriteHtmlCacheBehavior [ RunTime:0.000000s ]
INFO: [ view_filter ] --END-- [ RunTime:0.000000s ]
INFO: [ app_end ] --START--
INFO: Run Behavior\ShowPageTraceBehavior [ RunTime:0.000000s ]
INFO: [ app_end ] --END-- [ RunTime:0.000000s ]

[ 2016-09-28T17:38:53+08:00 ] 127.0.0.1 /Admin/menu/index.html
INFO: [ app_init ] --START--
INFO: Run Behavior\BuildLiteBehavior [ RunTime:0.000000s ]
INFO: [ app_init ] --END-- [ RunTime:0.001000s ]
INFO: [ app_begin ] --START--
INFO: Run Behavior\ReadHtmlCacheBehavior [ RunTime:0.001000s ]
INFO: [ app_begin ] --END-- [ RunTime:0.001000s ]
NOTIC: [8] Undefined index: pid E:\Program\tptest.com\Application\Admin\Controller\MenuController.class.php 第 18 行.
SQL: SHOW COLUMNS FROM `ec_menu` [ RunTime:0.0030s ]
SQL: SHOW COLUMNS FROM `ec_menu` [ RunTime:0.0030s ]
SQL: SELECT * FROM `ec_menu` WHERE `pid` = 0 AND `is_delete` = 0  [ RunTime:0.0010s ]
INFO: [ view_parse ] --START--
INFO: [ template_filter ] --START--
INFO: Run Behavior\ContentReplaceBehavior [ RunTime:0.000000s ]
INFO: [ template_filter ] --END-- [ RunTime:0.000000s ]
INFO: Run Behavior\ParseTemplateBehavior [ RunTime:0.010000s ]
INFO: [ view_parse ] --END-- [ RunTime:0.010000s ]
INFO: [ view_filter ] --START--
INFO: Run Behavior\WriteHtmlCacheBehavior [ RunTime:0.000000s ]
INFO: [ view_filter ] --END-- [ RunTime:0.000000s ]
INFO: [ app_end ] --START--
INFO: Run Behavior\ShowPageTraceBehavior [ RunTime:0.001000s ]
INFO: [ app_end ] --END-- [ RunTime:0.001000s ]

[ 2016-09-28T17:38:56+08:00 ] 127.0.0.1 /Admin/Menu/index/pid/1.html
INFO: [ app_init ] --START--
INFO: Run Behavior\BuildLiteBehavior [ RunTime:0.000000s ]
INFO: [ app_init ] --END-- [ RunTime:0.000000s ]
INFO: [ app_begin ] --START--
INFO: Run Behavior\ReadHtmlCacheBehavior [ RunTime:0.000000s ]
INFO: [ app_begin ] --END-- [ RunTime:0.000000s ]
SQL: SHOW COLUMNS FROM `ec_menu` [ RunTime:0.0030s ]
SQL: SHOW COLUMNS FROM `ec_menu` [ RunTime:0.0040s ]
SQL: SELECT `name` FROM `ec_menu` WHERE `id` = 1  [ RunTime:0.0010s ]
SQL: SELECT * FROM `ec_menu` WHERE `pid` = 1 AND `is_delete` = 0  [ RunTime:0.0010s ]
INFO: [ view_parse ] --START--
INFO: [ template_filter ] --START--
INFO: Run Behavior\ContentReplaceBehavior [ RunTime:0.000000s ]
INFO: [ template_filter ] --END-- [ RunTime:0.001000s ]
INFO: Run Behavior\ParseTemplateBehavior [ RunTime:0.013000s ]
INFO: [ view_parse ] --END-- [ RunTime:0.013000s ]
INFO: [ view_filter ] --START--
INFO: Run Behavior\WriteHtmlCacheBehavior [ RunTime:0.000000s ]
INFO: [ view_filter ] --END-- [ RunTime:0.000000s ]
INFO: [ app_end ] --START--
INFO: Run Behavior\ShowPageTraceBehavior [ RunTime:0.001000s ]
INFO: [ app_end ] --END-- [ RunTime:0.001000s ]

[ 2016-09-28T17:38:59+08:00 ] 127.0.0.1 /Admin/Menu/index/pid/2.html
INFO: [ app_init ] --START--
INFO: Run Behavior\BuildLiteBehavior [ RunTime:0.000000s ]
INFO: [ app_init ] --END-- [ RunTime:0.000000s ]
INFO: [ app_begin ] --START--
INFO: Run Behavior\ReadHtmlCacheBehavior [ RunTime:0.000000s ]
INFO: [ app_begin ] --END-- [ RunTime:0.000000s ]
SQL: SHOW COLUMNS FROM `ec_menu` [ RunTime:0.0020s ]
SQL: SHOW COLUMNS FROM `ec_menu` [ RunTime:0.0030s ]
SQL: SELECT `name` FROM `ec_menu` WHERE `id` = 2  [ RunTime:0.0000s ]
SQL: SELECT * FROM `ec_menu` WHERE `pid` = 2 AND `is_delete` = 0  [ RunTime:0.0010s ]
INFO: [ view_parse ] --START--
INFO: [ template_filter ] --START--
INFO: Run Behavior\ContentReplaceBehavior [ RunTime:0.000000s ]
INFO: [ template_filter ] --END-- [ RunTime:0.000000s ]
INFO: Run Behavior\ParseTemplateBehavior [ RunTime:0.010000s ]
INFO: [ view_parse ] --END-- [ RunTime:0.010000s ]
INFO: [ view_filter ] --START--
INFO: Run Behavior\WriteHtmlCacheBehavior [ RunTime:0.000000s ]
INFO: [ view_filter ] --END-- [ RunTime:0.000000s ]
INFO: [ app_end ] --START--
INFO: Run Behavior\ShowPageTraceBehavior [ RunTime:0.000000s ]
INFO: [ app_end ] --END-- [ RunTime:0.000000s ]

[ 2016-09-28T17:39:04+08:00 ] 127.0.0.1 /Admin/Menu/index/pid/1.html
INFO: [ app_init ] --START--
INFO: Run Behavior\BuildLiteBehavior [ RunTime:0.000000s ]
INFO: [ app_init ] --END-- [ RunTime:0.000000s ]
INFO: [ app_begin ] --START--
INFO: Run Behavior\ReadHtmlCacheBehavior [ RunTime:0.000000s ]
INFO: [ app_begin ] --END-- [ RunTime:0.000000s ]
SQL: SHOW COLUMNS FROM `ec_menu` [ RunTime:0.0030s ]
SQL: SHOW COLUMNS FROM `ec_menu` [ RunTime:0.0030s ]
SQL: SELECT `name` FROM `ec_menu` WHERE `id` = 1  [ RunTime:0.0000s ]
SQL: SELECT * FROM `ec_menu` WHERE `pid` = 1 AND `is_delete` = 0  [ RunTime:0.0010s ]
INFO: [ view_parse ] --START--
INFO: [ template_filter ] --START--
INFO: Run Behavior\ContentReplaceBehavior [ RunTime:0.001000s ]
INFO: [ template_filter ] --END-- [ RunTime:0.001000s ]
INFO: Run Behavior\ParseTemplateBehavior [ RunTime:0.010000s ]
INFO: [ view_parse ] --END-- [ RunTime:0.010000s ]
INFO: [ view_filter ] --START--
INFO: Run Behavior\WriteHtmlCacheBehavior [ RunTime:0.000000s ]
INFO: [ view_filter ] --END-- [ RunTime:0.000000s ]
INFO: [ app_end ] --START--
INFO: Run Behavior\ShowPageTraceBehavior [ RunTime:0.000000s ]
INFO: [ app_end ] --END-- [ RunTime:0.000000s ]

[ 2016-09-28T17:39:05+08:00 ] 127.0.0.1 /Admin/Menu/index/pid/12.html
INFO: [ app_init ] --START--
INFO: Run Behavior\BuildLiteBehavior [ RunTime:0.000000s ]
INFO: [ app_init ] --END-- [ RunTime:0.001000s ]
INFO: [ app_begin ] --START--
INFO: Run Behavior\ReadHtmlCacheBehavior [ RunTime:0.001000s ]
INFO: [ app_begin ] --END-- [ RunTime:0.001000s ]
SQL: SHOW COLUMNS FROM `ec_menu` [ RunTime:0.0030s ]
SQL: SHOW COLUMNS FROM `ec_menu` [ RunTime:0.0030s ]
SQL: SELECT `name` FROM `ec_menu` WHERE `id` = 12  [ RunTime:0.0010s ]
SQL: SELECT * FROM `ec_menu` WHERE `pid` = 12 AND `is_delete` = 0  [ RunTime:0.0000s ]
INFO: [ view_parse ] --START--
INFO: [ template_filter ] --START--
INFO: Run Behavior\ContentReplaceBehavior [ RunTime:0.000000s ]
INFO: [ template_filter ] --END-- [ RunTime:0.000000s ]
INFO: Run Behavior\ParseTemplateBehavior [ RunTime:0.008000s ]
INFO: [ view_parse ] --END-- [ RunTime:0.009000s ]
INFO: [ view_filter ] --START--
INFO: Run Behavior\WriteHtmlCacheBehavior [ RunTime:0.001000s ]
INFO: [ view_filter ] --END-- [ RunTime:0.001000s ]
INFO: [ app_end ] --START--
INFO: Run Behavior\ShowPageTraceBehavior [ RunTime:0.000000s ]
INFO: [ app_end ] --END-- [ RunTime:0.000000s ]

[ 2016-09-28T17:39:30+08:00 ] 127.0.0.1 /Admin/Menu/index/pid/1.html
INFO: [ app_init ] --START--
INFO: Run Behavior\BuildLiteBehavior [ RunTime:0.000000s ]
INFO: [ app_init ] --END-- [ RunTime:0.000000s ]
INFO: [ app_begin ] --START--
INFO: Run Behavior\ReadHtmlCacheBehavior [ RunTime:0.001000s ]
INFO: [ app_begin ] --END-- [ RunTime:0.001000s ]
SQL: SHOW COLUMNS FROM `ec_menu` [ RunTime:0.0030s ]
SQL: SHOW COLUMNS FROM `ec_menu` [ RunTime:0.0040s ]
SQL: SELECT `name` FROM `ec_menu` WHERE `id` = 1  [ RunTime:0.0010s ]
SQL: SELECT * FROM `ec_menu` WHERE `pid` = 1 AND `is_delete` = 0  [ RunTime:0.0010s ]
INFO: [ view_parse ] --START--
INFO: [ template_filter ] --START--
INFO: Run Behavior\ContentReplaceBehavior [ RunTime:0.000000s ]
INFO: [ template_filter ] --END-- [ RunTime:0.000000s ]
INFO: Run Behavior\ParseTemplateBehavior [ RunTime:0.009000s ]
INFO: [ view_parse ] --END-- [ RunTime:0.009000s ]
INFO: [ view_filter ] --START--
INFO: Run Behavior\WriteHtmlCacheBehavior [ RunTime:0.000000s ]
INFO: [ view_filter ] --END-- [ RunTime:0.000000s ]
INFO: [ app_end ] --START--
INFO: Run Behavior\ShowPageTraceBehavior [ RunTime:0.001000s ]
INFO: [ app_end ] --END-- [ RunTime:0.001000s ]

[ 2016-09-28T17:42:27+08:00 ] 127.0.0.1 /Admin/Menu/edit/id/11.html
INFO: [ app_init ] --START--
INFO: Run Behavior\BuildLiteBehavior [ RunTime:0.000000s ]
INFO: [ app_init ] --END-- [ RunTime:0.000000s ]
INFO: [ app_begin ] --START--
INFO: Run Behavior\ReadHtmlCacheBehavior [ RunTime:0.001000s ]
INFO: [ app_begin ] --END-- [ RunTime:0.001000s ]
SQL: SHOW COLUMNS FROM `ec_menu` [ RunTime:0.0040s ]
SQL: SHOW COLUMNS FROM `ec_menu` [ RunTime:0.0030s ]
SQL: SELECT * FROM `ec_menu` WHERE `id` = 11  [ RunTime:0.0010s ]
SQL: SELECT `name` FROM `ec_menu` WHERE `id` = '1'  [ RunTime:0.0000s ]
INFO: [ view_parse ] --START--
INFO: [ template_filter ] --START--
INFO: Run Behavior\ContentReplaceBehavior [ RunTime:0.000000s ]
INFO: [ template_filter ] --END-- [ RunTime:0.000000s ]
INFO: Run Behavior\ParseTemplateBehavior [ RunTime:0.010000s ]
INFO: [ view_parse ] --END-- [ RunTime:0.010000s ]
INFO: [ view_filter ] --START--
INFO: Run Behavior\WriteHtmlCacheBehavior [ RunTime:0.000000s ]
INFO: [ view_filter ] --END-- [ RunTime:0.000000s ]
INFO: [ app_end ] --START--
INFO: Run Behavior\ShowPageTraceBehavior [ RunTime:0.001000s ]
INFO: [ app_end ] --END-- [ RunTime:0.001000s ]

[ 2016-09-28T17:43:40+08:00 ] 127.0.0.1 /Admin/Menu/edit/id/11.html
INFO: [ app_init ] --START--
INFO: Run Behavior\BuildLiteBehavior [ RunTime:0.000000s ]
INFO: [ app_init ] --END-- [ RunTime:0.000000s ]
INFO: [ app_begin ] --START--
INFO: Run Behavior\ReadHtmlCacheBehavior [ RunTime:0.000000s ]
INFO: [ app_begin ] --END-- [ RunTime:0.000000s ]
SQL: SHOW COLUMNS FROM `ec_menu` [ RunTime:0.0040s ]
SQL: SHOW COLUMNS FROM `ec_menu` [ RunTime:0.0030s ]
SQL: SELECT * FROM `ec_menu` WHERE `id` = 11  [ RunTime:0.0020s ]
SQL: SELECT `name` FROM `ec_menu` WHERE `id` = '1'  [ RunTime:0.0000s ]
INFO: [ view_parse ] --START--
INFO: [ template_filter ] --START--
INFO: Run Behavior\ContentReplaceBehavior [ RunTime:0.000000s ]
INFO: [ template_filter ] --END-- [ RunTime:0.000000s ]
INFO: Run Behavior\ParseTemplateBehavior [ RunTime:0.009000s ]
INFO: [ view_parse ] --END-- [ RunTime:0.009000s ]
INFO: [ view_filter ] --START--
INFO: Run Behavior\WriteHtmlCacheBehavior [ RunTime:0.000000s ]
INFO: [ view_filter ] --END-- [ RunTime:0.000000s ]
INFO: [ app_end ] --START--
INFO: Run Behavior\ShowPageTraceBehavior [ RunTime:0.001000s ]
INFO: [ app_end ] --END-- [ RunTime:0.001000s ]

[ 2016-09-28T17:43:49+08:00 ] 127.0.0.1 /Admin/Menu/edit/id/11.html
INFO: [ app_init ] --START--
INFO: Run Behavior\BuildLiteBehavior [ RunTime:0.000000s ]
INFO: [ app_init ] --END-- [ RunTime:0.001000s ]
INFO: [ app_begin ] --START--
INFO: Run Behavior\ReadHtmlCacheBehavior [ RunTime:0.001000s ]
INFO: [ app_begin ] --END-- [ RunTime:0.001000s ]
SQL: SHOW COLUMNS FROM `ec_menu` [ RunTime:0.0040s ]
SQL: SHOW COLUMNS FROM `ec_menu` [ RunTime:0.0040s ]
SQL: SELECT * FROM `ec_menu` WHERE `id` = 11  [ RunTime:0.0000s ]
SQL: SELECT `name` FROM `ec_menu` WHERE `id` = '1'  [ RunTime:0.0000s ]
INFO: [ view_parse ] --START--
INFO: [ template_filter ] --START--
INFO: Run Behavior\ContentReplaceBehavior [ RunTime:0.000000s ]
INFO: [ template_filter ] --END-- [ RunTime:0.000000s ]
INFO: Run Behavior\ParseTemplateBehavior [ RunTime:0.010000s ]
INFO: [ view_parse ] --END-- [ RunTime:0.010000s ]
INFO: [ view_filter ] --START--
INFO: Run Behavior\WriteHtmlCacheBehavior [ RunTime:0.000000s ]
INFO: [ view_filter ] --END-- [ RunTime:0.000000s ]
INFO: [ app_end ] --START--
INFO: Run Behavior\ShowPageTraceBehavior [ RunTime:0.001000s ]
INFO: [ app_end ] --END-- [ RunTime:0.001000s ]

[ 2016-09-28T17:43:53+08:00 ] 127.0.0.1 /Admin/Menu/edit/id/6.html
INFO: [ app_init ] --START--
INFO: Run Behavior\BuildLiteBehavior [ RunTime:0.000000s ]
INFO: [ app_init ] --END-- [ RunTime:0.001000s ]
INFO: [ app_begin ] --START--
INFO: Run Behavior\ReadHtmlCacheBehavior [ RunTime:0.000000s ]
INFO: [ app_begin ] --END-- [ RunTime:0.000000s ]
SQL: SHOW COLUMNS FROM `ec_menu` [ RunTime:0.0020s ]
SQL: SHOW COLUMNS FROM `ec_menu` [ RunTime:0.0030s ]
SQL: SELECT * FROM `ec_menu` WHERE `id` = 6  [ RunTime:0.0000s ]
SQL: SELECT `name` FROM `ec_menu` WHERE `id` = '1'  [ RunTime:0.0000s ]
INFO: [ view_parse ] --START--
INFO: [ template_filter ] --START--
INFO: Run Behavior\ContentReplaceBehavior [ RunTime:0.000000s ]
INFO: [ template_filter ] --END-- [ RunTime:0.000000s ]
INFO: Run Behavior\ParseTemplateBehavior [ RunTime:0.009000s ]
INFO: [ view_parse ] --END-- [ RunTime:0.009000s ]
INFO: [ view_filter ] --START--
INFO: Run Behavior\WriteHtmlCacheBehavior [ RunTime:0.000000s ]
INFO: [ view_filter ] --END-- [ RunTime:0.000000s ]
INFO: [ app_end ] --START--
INFO: Run Behavior\ShowPageTraceBehavior [ RunTime:0.000000s ]
INFO: [ app_end ] --END-- [ RunTime:0.000000s ]

[ 2016-09-28T17:44:13+08:00 ] 127.0.0.1 /Admin/Menu/index/pid/fontawesome.html
INFO: [ app_init ] --START--
INFO: Run Behavior\BuildLiteBehavior [ RunTime:0.000000s ]
INFO: [ app_init ] --END-- [ RunTime:0.000000s ]
INFO: [ app_begin ] --START--
INFO: Run Behavior\ReadHtmlCacheBehavior [ RunTime:0.001000s ]
INFO: [ app_begin ] --END-- [ RunTime:0.001000s ]
SQL: SHOW COLUMNS FROM `ec_menu` [ RunTime:0.0020s ]
SQL: SHOW COLUMNS FROM `ec_menu` [ RunTime:0.0030s ]
SQL: SELECT * FROM `ec_menu` WHERE `pid` = 0 AND `is_delete` = 0  [ RunTime:0.0010s ]
INFO: [ view_parse ] --START--
INFO: [ template_filter ] --START--
INFO: Run Behavior\ContentReplaceBehavior [ RunTime:0.000000s ]
INFO: [ template_filter ] --END-- [ RunTime:0.000000s ]
INFO: Run Behavior\ParseTemplateBehavior [ RunTime:0.010000s ]
INFO: [ view_parse ] --END-- [ RunTime:0.010000s ]
INFO: [ view_filter ] --START--
INFO: Run Behavior\WriteHtmlCacheBehavior [ RunTime:0.000000s ]
INFO: [ view_filter ] --END-- [ RunTime:0.000000s ]
INFO: [ app_end ] --START--
INFO: Run Behavior\ShowPageTraceBehavior [ RunTime:0.001000s ]
INFO: [ app_end ] --END-- [ RunTime:0.001000s ]

[ 2016-09-28T17:44:31+08:00 ] 127.0.0.1 /Admin/Menu/index/pid/1.html
INFO: [ app_init ] --START--
INFO: Run Behavior\BuildLiteBehavior [ RunTime:0.000000s ]
INFO: [ app_init ] --END-- [ RunTime:0.001000s ]
INFO: [ app_begin ] --START--
INFO: Run Behavior\ReadHtmlCacheBehavior [ RunTime:0.001000s ]
INFO: [ app_begin ] --END-- [ RunTime:0.001000s ]
SQL: SHOW COLUMNS FROM `ec_menu` [ RunTime:0.0040s ]
SQL: SHOW COLUMNS FROM `ec_menu` [ RunTime:0.0020s ]
SQL: SELECT `name` FROM `ec_menu` WHERE `id` = 1  [ RunTime:0.0010s ]
SQL: SELECT * FROM `ec_menu` WHERE `pid` = 1 AND `is_delete` = 0  [ RunTime:0.0000s ]
INFO: [ view_parse ] --START--
INFO: [ template_filter ] --START--
INFO: Run Behavior\ContentReplaceBehavior [ RunTime:0.000000s ]
INFO: [ template_filter ] --END-- [ RunTime:0.000000s ]
INFO: Run Behavior\ParseTemplateBehavior [ RunTime:0.009000s ]
INFO: [ view_parse ] --END-- [ RunTime:0.009000s ]
INFO: [ view_filter ] --START--
INFO: Run Behavior\WriteHtmlCacheBehavior [ RunTime:0.000000s ]
INFO: [ view_filter ] --END-- [ RunTime:0.000000s ]
INFO: [ app_end ] --START--
INFO: Run Behavior\ShowPageTraceBehavior [ RunTime:0.000000s ]
INFO: [ app_end ] --END-- [ RunTime:0.001000s ]

[ 2016-09-28T17:47:54+08:00 ] 127.0.0.1 /Admin/Menu/index/pid/31.html
INFO: [ app_init ] --START--
INFO: Run Behavior\BuildLiteBehavior [ RunTime:0.000000s ]
INFO: [ app_init ] --END-- [ RunTime:0.000000s ]
INFO: [ app_begin ] --START--
INFO: Run Behavior\ReadHtmlCacheBehavior [ RunTime:0.001000s ]
INFO: [ app_begin ] --END-- [ RunTime:0.001000s ]
SQL: SHOW COLUMNS FROM `ec_menu` [ RunTime:0.0040s ]
SQL: SHOW COLUMNS FROM `ec_menu` [ RunTime:0.0030s ]
SQL: SELECT `name` FROM `ec_menu` WHERE `id` = 31  [ RunTime:0.0000s ]
SQL: SELECT * FROM `ec_menu` WHERE `pid` = 31 AND `is_delete` = 0  [ RunTime:0.0010s ]
INFO: [ view_parse ] --START--
INFO: [ template_filter ] --START--
INFO: Run Behavior\ContentReplaceBehavior [ RunTime:0.000000s ]
INFO: [ template_filter ] --END-- [ RunTime:0.000000s ]
INFO: Run Behavior\ParseTemplateBehavior [ RunTime:0.011000s ]
INFO: [ view_parse ] --END-- [ RunTime:0.011000s ]
INFO: [ view_filter ] --START--
INFO: Run Behavior\WriteHtmlCacheBehavior [ RunTime:0.000000s ]
INFO: [ view_filter ] --END-- [ RunTime:0.000000s ]
INFO: [ app_end ] --START--
INFO: Run Behavior\ShowPageTraceBehavior [ RunTime:0.001000s ]
INFO: [ app_end ] --END-- [ RunTime:0.001000s ]

[ 2016-09-28T17:48:02+08:00 ] 127.0.0.1 /Admin/Menu/edit/id/2.html
INFO: [ app_init ] --START--
INFO: Run Behavior\BuildLiteBehavior [ RunTime:0.000000s ]
INFO: [ app_init ] --END-- [ RunTime:0.000000s ]
INFO: [ app_begin ] --START--
INFO: Run Behavior\ReadHtmlCacheBehavior [ RunTime:0.000000s ]
INFO: [ app_begin ] --END-- [ RunTime:0.001000s ]
SQL: SHOW COLUMNS FROM `ec_menu` [ RunTime:0.0030s ]
SQL: SHOW COLUMNS FROM `ec_menu` [ RunTime:0.0020s ]
SQL: SELECT * FROM `ec_menu` WHERE `id` = 2  [ RunTime:0.0000s ]
SQL: SELECT `name` FROM `ec_menu` WHERE `id` = '0'  [ RunTime:0.0010s ]
NOTIC: [8] Undefined offset: 0 E:\Program\tptest.com\Application\Admin\Logic\MenuLogic.class.php 第 28 行.
INFO: [ view_parse ] --START--
INFO: [ template_filter ] --START--
INFO: Run Behavior\ContentReplaceBehavior [ RunTime:0.000000s ]
INFO: [ template_filter ] --END-- [ RunTime:0.000000s ]
INFO: Run Behavior\ParseTemplateBehavior [ RunTime:0.008000s ]
INFO: [ view_parse ] --END-- [ RunTime:0.008000s ]
INFO: [ view_filter ] --START--
INFO: Run Behavior\WriteHtmlCacheBehavior [ RunTime:0.000000s ]
INFO: [ view_filter ] --END-- [ RunTime:0.000000s ]
INFO: [ app_end ] --START--
INFO: Run Behavior\ShowPageTraceBehavior [ RunTime:0.001000s ]
INFO: [ app_end ] --END-- [ RunTime:0.001000s ]

[ 2016-09-28T17:48:05+08:00 ] 127.0.0.1 /Admin/Menu/index/pid/3.html
INFO: [ app_init ] --START--
INFO: Run Behavior\BuildLiteBehavior [ RunTime:0.000000s ]
INFO: [ app_init ] --END-- [ RunTime:0.000000s ]
INFO: [ app_begin ] --START--
INFO: Run Behavior\ReadHtmlCacheBehavior [ RunTime:0.000000s ]
INFO: [ app_begin ] --END-- [ RunTime:0.000000s ]
SQL: SHOW COLUMNS FROM `ec_menu` [ RunTime:0.0030s ]
SQL: SHOW COLUMNS FROM `ec_menu` [ RunTime:0.0030s ]
SQL: SELECT `name` FROM `ec_menu` WHERE `id` = 3  [ RunTime:0.0010s ]
SQL: SELECT * FROM `ec_menu` WHERE `pid` = 3 AND `is_delete` = 0  [ RunTime:0.0000s ]
INFO: [ view_parse ] --START--
INFO: [ template_filter ] --START--
INFO: Run Behavior\ContentReplaceBehavior [ RunTime:0.000000s ]
INFO: [ template_filter ] --END-- [ RunTime:0.000000s ]
INFO: Run Behavior\ParseTemplateBehavior [ RunTime:0.009000s ]
INFO: [ view_parse ] --END-- [ RunTime:0.009000s ]
INFO: [ view_filter ] --START--
INFO: Run Behavior\WriteHtmlCacheBehavior [ RunTime:0.000000s ]
INFO: [ view_filter ] --END-- [ RunTime:0.000000s ]
INFO: [ app_end ] --START--
INFO: Run Behavior\ShowPageTraceBehavior [ RunTime:0.000000s ]
INFO: [ app_end ] --END-- [ RunTime:0.000000s ]

[ 2016-09-28T17:48:07+08:00 ] 127.0.0.1 /Admin/Menu/edit/id/27.html
INFO: [ app_init ] --START--
INFO: Run Behavior\BuildLiteBehavior [ RunTime:0.000000s ]
INFO: [ app_init ] --END-- [ RunTime:0.000000s ]
INFO: [ app_begin ] --START--
INFO: Run Behavior\ReadHtmlCacheBehavior [ RunTime:0.001000s ]
INFO: [ app_begin ] --END-- [ RunTime:0.001000s ]
SQL: SHOW COLUMNS FROM `ec_menu` [ RunTime:0.0030s ]
SQL: SHOW COLUMNS FROM `ec_menu` [ RunTime:0.0030s ]
SQL: SELECT * FROM `ec_menu` WHERE `id` = 27  [ RunTime:0.0000s ]
SQL: SELECT `name` FROM `ec_menu` WHERE `id` = '3'  [ RunTime:0.0010s ]
INFO: [ view_parse ] --START--
INFO: [ template_filter ] --START--
INFO: Run Behavior\ContentReplaceBehavior [ RunTime:0.000000s ]
INFO: [ template_filter ] --END-- [ RunTime:0.000000s ]
INFO: Run Behavior\ParseTemplateBehavior [ RunTime:0.008000s ]
INFO: [ view_parse ] --END-- [ RunTime:0.008000s ]
INFO: [ view_filter ] --START--
INFO: Run Behavior\WriteHtmlCacheBehavior [ RunTime:0.000000s ]
INFO: [ view_filter ] --END-- [ RunTime:0.000000s ]
INFO: [ app_end ] --START--
INFO: Run Behavior\ShowPageTraceBehavior [ RunTime:0.001000s ]
INFO: [ app_end ] --END-- [ RunTime:0.001000s ]

[ 2016-09-28T17:48:12+08:00 ] 127.0.0.1 /Admin/Menu/edit/id/22.html
INFO: [ app_init ] --START--
INFO: Run Behavior\BuildLiteBehavior [ RunTime:0.000000s ]
INFO: [ app_init ] --END-- [ RunTime:0.000000s ]
INFO: [ app_begin ] --START--
INFO: Run Behavior\ReadHtmlCacheBehavior [ RunTime:0.000000s ]
INFO: [ app_begin ] --END-- [ RunTime:0.001000s ]
SQL: SHOW COLUMNS FROM `ec_menu` [ RunTime:0.0030s ]
SQL: SHOW COLUMNS FROM `ec_menu` [ RunTime:0.0020s ]
SQL: SELECT * FROM `ec_menu` WHERE `id` = 22  [ RunTime:0.0000s ]
SQL: SELECT `name` FROM `ec_menu` WHERE `id` = '3'  [ RunTime:0.0000s ]
INFO: [ view_parse ] --START--
INFO: [ template_filter ] --START--
INFO: Run Behavior\ContentReplaceBehavior [ RunTime:0.000000s ]
INFO: [ template_filter ] --END-- [ RunTime:0.000000s ]
INFO: Run Behavior\ParseTemplateBehavior [ RunTime:0.009000s ]
INFO: [ view_parse ] --END-- [ RunTime:0.009000s ]
INFO: [ view_filter ] --START--
INFO: Run Behavior\WriteHtmlCacheBehavior [ RunTime:0.000000s ]
INFO: [ view_filter ] --END-- [ RunTime:0.000000s ]
INFO: [ app_end ] --START--
INFO: Run Behavior\ShowPageTraceBehavior [ RunTime:0.000000s ]
INFO: [ app_end ] --END-- [ RunTime:0.000000s ]

[ 2016-09-28T17:51:20+08:00 ] 127.0.0.1 /Admin/Menu/edit/id/28.html
INFO: [ app_init ] --START--
INFO: Run Behavior\BuildLiteBehavior [ RunTime:0.000000s ]
INFO: [ app_init ] --END-- [ RunTime:0.000000s ]
INFO: [ app_begin ] --START--
INFO: Run Behavior\ReadHtmlCacheBehavior [ RunTime:0.001000s ]
INFO: [ app_begin ] --END-- [ RunTime:0.001000s ]
SQL: SHOW COLUMNS FROM `ec_menu` [ RunTime:0.0030s ]
SQL: SHOW COLUMNS FROM `ec_menu` [ RunTime:0.0030s ]
SQL: SELECT * FROM `ec_menu` WHERE `id` = 28  [ RunTime:0.0000s ]
SQL: SELECT `name` FROM `ec_menu` WHERE `id` = '3'  [ RunTime:0.0010s ]
INFO: [ view_parse ] --START--
INFO: [ template_filter ] --START--
INFO: Run Behavior\ContentReplaceBehavior [ RunTime:0.000000s ]
INFO: [ template_filter ] --END-- [ RunTime:0.000000s ]
INFO: Run Behavior\ParseTemplateBehavior [ RunTime:0.009000s ]
INFO: [ view_parse ] --END-- [ RunTime:0.009000s ]
INFO: [ view_filter ] --START--
INFO: Run Behavior\WriteHtmlCacheBehavior [ RunTime:0.000000s ]
INFO: [ view_filter ] --END-- [ RunTime:0.000000s ]
INFO: [ app_end ] --START--
INFO: Run Behavior\ShowPageTraceBehavior [ RunTime:0.000000s ]
INFO: [ app_end ] --END-- [ RunTime:0.000000s ]

[ 2016-09-28T17:53:06+08:00 ] 127.0.0.1 /Admin/Menu/index/pid/3.html
INFO: [ app_init ] --START--
INFO: Run Behavior\BuildLiteBehavior [ RunTime:0.000000s ]
INFO: [ app_init ] --END-- [ RunTime:0.000000s ]
INFO: [ app_begin ] --START--
INFO: Run Behavior\ReadHtmlCacheBehavior [ RunTime:0.001000s ]
INFO: [ app_begin ] --END-- [ RunTime:0.001000s ]
SQL: SHOW COLUMNS FROM `ec_menu` [ RunTime:0.0030s ]
SQL: SHOW COLUMNS FROM `ec_menu` [ RunTime:0.0020s ]
SQL: SELECT `name` FROM `ec_menu` WHERE `id` = 3  [ RunTime:0.0010s ]
SQL: SELECT * FROM `ec_menu` WHERE `pid` = 3 AND `is_delete` = 0  [ RunTime:0.0010s ]
INFO: [ view_parse ] --START--
INFO: [ template_filter ] --START--
INFO: Run Behavior\ContentReplaceBehavior [ RunTime:0.000000s ]
INFO: [ template_filter ] --END-- [ RunTime:0.000000s ]
INFO: Run Behavior\ParseTemplateBehavior [ RunTime:0.009000s ]
INFO: [ view_parse ] --END-- [ RunTime:0.009000s ]
INFO: [ view_filter ] --START--
INFO: Run Behavior\WriteHtmlCacheBehavior [ RunTime:0.000000s ]
INFO: [ view_filter ] --END-- [ RunTime:0.000000s ]
INFO: [ app_end ] --START--
INFO: Run Behavior\ShowPageTraceBehavior [ RunTime:0.001000s ]
INFO: [ app_end ] --END-- [ RunTime:0.001000s ]

