[ 2016-09-17T11:02:34+08:00 ] 127.0.0.1 /Admin/Public/login.html
INFO: [ app_init ] --START--
INFO: Run Behavior\BuildLiteBehavior [ RunTime:0.000018s ]
INFO: [ app_init ] --END-- [ RunTime:0.000575s ]
INFO: [ app_begin ] --START--
INFO: Run Behavior\ReadHtmlCacheBehavior [ RunTime:0.000812s ]
INFO: [ app_begin ] --END-- [ RunTime:0.000880s ]
INFO: [ view_parse ] --START--
INFO: [ template_filter ] --START--
INFO: Run Behavior\ContentReplaceBehavior [ RunTime:0.017833s ]
INFO: [ template_filter ] --END-- [ RunTime:0.017947s ]
INFO: Run Behavior\ParseTemplateBehavior [ RunTime:0.038731s ]
INFO: [ view_parse ] --END-- [ RunTime:0.038809s ]
INFO: [ view_filter ] --START--
INFO: Run Behavior\WriteHtmlCacheBehavior [ RunTime:0.000857s ]
INFO: [ view_filter ] --END-- [ RunTime:0.000943s ]
INFO: [ app_end ] --START--
INFO: Run Behavior\ShowPageTraceBehavior [ RunTime:0.002567s ]
INFO: [ app_end ] --END-- [ RunTime:0.002642s ]

[ 2016-09-17T11:02:43+08:00 ] 127.0.0.1 /Admin/menu/index.html
INFO: [ app_init ] --START--
INFO: Run Behavior\BuildLiteBehavior [ RunTime:0.000009s ]
INFO: [ app_init ] --END-- [ RunTime:0.000329s ]
INFO: [ app_begin ] --START--
INFO: Run Behavior\ReadHtmlCacheBehavior [ RunTime:0.000427s ]
INFO: [ app_begin ] --END-- [ RunTime:0.000477s ]
SQL: SHOW COLUMNS FROM `ec_auth_group` [ RunTime:0.0937s ]
NOTIC: [2048] Declaration of Admin\Model\AuthGroupModel::add() should be compatible with Think\Model::add($data = '', $options = Array, $replace = false) E:\Program\tptest.com\Application\Admin\Model\AuthGroupModel.class.php 第 16 行.
SQL: SHOW COLUMNS FROM `ec_auth_group` [ RunTime:0.0073s ]
SQL: SELECT * FROM `ec_auth_group` WHERE ( status=1 )  [ RunTime:0.0017s ]
NOTIC: [8] Use of undefined constant result_num - assumed 'result_num' E:\Program\tptest.com\Application\Admin\Common\function.php 第 6 行.
INFO: [ view_parse ] --START--
INFO: [ template_filter ] --START--
INFO: Run Behavior\ContentReplaceBehavior [ RunTime:0.000261s ]
INFO: [ template_filter ] --END-- [ RunTime:0.000382s ]
INFO: Run Behavior\ParseTemplateBehavior [ RunTime:0.044382s ]
INFO: [ view_parse ] --END-- [ RunTime:0.044578s ]
INFO: [ view_filter ] --START--
INFO: Run Behavior\WriteHtmlCacheBehavior [ RunTime:0.000655s ]
INFO: [ view_filter ] --END-- [ RunTime:0.000747s ]
INFO: [ app_end ] --START--
INFO: Run Behavior\ShowPageTraceBehavior [ RunTime:0.001455s ]
INFO: [ app_end ] --END-- [ RunTime:0.001566s ]

[ 2016-09-17T11:02:48+08:00 ] 127.0.0.1 /Admin/menu/index.html
INFO: [ app_init ] --START--
INFO: Run Behavior\BuildLiteBehavior [ RunTime:0.000009s ]
INFO: [ app_init ] --END-- [ RunTime:0.000306s ]
INFO: [ app_begin ] --START--
INFO: Run Behavior\ReadHtmlCacheBehavior [ RunTime:0.000538s ]
INFO: [ app_begin ] --END-- [ RunTime:0.000571s ]
SQL: SHOW COLUMNS FROM `ec_auth_group` [ RunTime:0.0023s ]
NOTIC: [2048] Declaration of Admin\Model\AuthGroupModel::add() should be compatible with Think\Model::add($data = '', $options = Array, $replace = false) E:\Program\tptest.com\Application\Admin\Model\AuthGroupModel.class.php 第 16 行.
SQL: SHOW COLUMNS FROM `ec_auth_group` [ RunTime:0.0019s ]
SQL: SELECT * FROM `ec_auth_group` WHERE ( status=1 )  [ RunTime:0.0003s ]
NOTIC: [8] Use of undefined constant result_num - assumed 'result_num' E:\Program\tptest.com\Application\Admin\Common\function.php 第 6 行.
INFO: [ view_parse ] --START--
INFO: [ template_filter ] --START--
INFO: Run Behavior\ContentReplaceBehavior [ RunTime:0.000059s ]
INFO: [ template_filter ] --END-- [ RunTime:0.000090s ]
INFO: Run Behavior\ParseTemplateBehavior [ RunTime:0.008938s ]
INFO: [ view_parse ] --END-- [ RunTime:0.008983s ]
INFO: [ view_filter ] --START--
INFO: Run Behavior\WriteHtmlCacheBehavior [ RunTime:0.000270s ]
INFO: [ view_filter ] --END-- [ RunTime:0.000294s ]
INFO: [ app_end ] --START--
INFO: Run Behavior\ShowPageTraceBehavior [ RunTime:0.000569s ]
INFO: [ app_end ] --END-- [ RunTime:0.000604s ]

[ 2016-09-17T11:03:00+08:00 ] 127.0.0.1 /Admin/menu/index.html
INFO: [ app_init ] --START--
INFO: Run Behavior\BuildLiteBehavior [ RunTime:0.000010s ]
INFO: [ app_init ] --END-- [ RunTime:0.000318s ]
INFO: [ app_begin ] --START--
INFO: Run Behavior\ReadHtmlCacheBehavior [ RunTime:0.000552s ]
INFO: [ app_begin ] --END-- [ RunTime:0.000592s ]
SQL: SHOW COLUMNS FROM `ec_auth_group` [ RunTime:0.0024s ]
NOTIC: [2048] Declaration of Admin\Model\AuthGroupModel::add() should be compatible with Think\Model::add($data = '', $options = Array, $replace = false) E:\Program\tptest.com\Application\Admin\Model\AuthGroupModel.class.php 第 16 行.
SQL: SHOW COLUMNS FROM `ec_auth_group` [ RunTime:0.0018s ]
SQL: SELECT * FROM `ec_auth_group` WHERE ( status=1 )  [ RunTime:0.0003s ]
NOTIC: [8] Use of undefined constant result_num - assumed 'result_num' E:\Program\tptest.com\Application\Admin\Common\function.php 第 6 行.
INFO: [ view_parse ] --START--
INFO: [ template_filter ] --START--
INFO: Run Behavior\ContentReplaceBehavior [ RunTime:0.000059s ]
INFO: [ template_filter ] --END-- [ RunTime:0.000092s ]
INFO: Run Behavior\ParseTemplateBehavior [ RunTime:0.008635s ]
INFO: [ view_parse ] --END-- [ RunTime:0.008682s ]
INFO: [ view_filter ] --START--
INFO: Run Behavior\WriteHtmlCacheBehavior [ RunTime:0.000283s ]
INFO: [ view_filter ] --END-- [ RunTime:0.000309s ]
INFO: [ app_end ] --START--
INFO: Run Behavior\ShowPageTraceBehavior [ RunTime:0.000503s ]
INFO: [ app_end ] --END-- [ RunTime:0.000535s ]

[ 2016-09-17T11:03:49+08:00 ] 127.0.0.1 /Admin/menu/index.html
INFO: [ app_init ] --START--
INFO: Run Behavior\BuildLiteBehavior [ RunTime:0.000017s ]
INFO: [ app_init ] --END-- [ RunTime:0.000427s ]
INFO: [ app_begin ] --START--
INFO: Run Behavior\ReadHtmlCacheBehavior [ RunTime:0.000585s ]
INFO: [ app_begin ] --END-- [ RunTime:0.000645s ]
SQL: SHOW COLUMNS FROM `ec_auth_group` [ RunTime:0.0034s ]
NOTIC: [2048] Declaration of Admin\Model\AuthGroupModel::add() should be compatible with Think\Model::add($data = '', $options = Array, $replace = false) E:\Program\tptest.com\Application\Admin\Model\AuthGroupModel.class.php 第 16 行.
SQL: SHOW COLUMNS FROM `ec_auth_group` [ RunTime:0.0021s ]
SQL: SELECT * FROM `ec_auth_group` WHERE ( status=1 )  [ RunTime:0.0005s ]
NOTIC: [8] Use of undefined constant result_num - assumed 'result_num' E:\Program\tptest.com\Application\Admin\Common\function.php 第 6 行.
INFO: [ view_parse ] --START--
INFO: [ template_filter ] --START--
INFO: Run Behavior\ContentReplaceBehavior [ RunTime:0.000093s ]
INFO: [ template_filter ] --END-- [ RunTime:0.000172s ]
INFO: Run Behavior\ParseTemplateBehavior [ RunTime:0.008724s ]
INFO: [ view_parse ] --END-- [ RunTime:0.008772s ]
INFO: [ view_filter ] --START--
INFO: Run Behavior\WriteHtmlCacheBehavior [ RunTime:0.000197s ]
INFO: [ view_filter ] --END-- [ RunTime:0.000224s ]
INFO: [ app_end ] --START--
INFO: Run Behavior\ShowPageTraceBehavior [ RunTime:0.000512s ]
INFO: [ app_end ] --END-- [ RunTime:0.000573s ]

[ 2016-09-17T11:04:26+08:00 ] 127.0.0.1 /Admin/menu/index.html
INFO: [ app_init ] --START--
INFO: Run Behavior\BuildLiteBehavior [ RunTime:0.000010s ]
INFO: [ app_init ] --END-- [ RunTime:0.000329s ]
INFO: [ app_begin ] --START--
INFO: Run Behavior\ReadHtmlCacheBehavior [ RunTime:0.000539s ]
INFO: [ app_begin ] --END-- [ RunTime:0.000580s ]
SQL: SHOW COLUMNS FROM `ec_auth_group` [ RunTime:0.0023s ]
NOTIC: [2048] Declaration of Admin\Model\AuthGroupModel::add() should be compatible with Think\Model::add($data = '', $options = Array, $replace = false) E:\Program\tptest.com\Application\Admin\Model\AuthGroupModel.class.php 第 16 行.
SQL: SHOW COLUMNS FROM `ec_auth_group` [ RunTime:0.0021s ]
SQL: SELECT * FROM `ec_auth_group` WHERE ( status=1 )  [ RunTime:0.0003s ]
NOTIC: [8] Use of undefined constant result_num - assumed 'result_num' E:\Program\tptest.com\Application\Admin\Common\function.php 第 6 行.
INFO: [ view_parse ] --START--
INFO: [ template_filter ] --START--
INFO: Run Behavior\ContentReplaceBehavior [ RunTime:0.000060s ]
INFO: [ template_filter ] --END-- [ RunTime:0.000099s ]
INFO: Run Behavior\ParseTemplateBehavior [ RunTime:0.008659s ]
INFO: [ view_parse ] --END-- [ RunTime:0.008701s ]
INFO: [ view_filter ] --START--
INFO: Run Behavior\WriteHtmlCacheBehavior [ RunTime:0.000320s ]
INFO: [ view_filter ] --END-- [ RunTime:0.000345s ]
INFO: [ app_end ] --START--
INFO: Run Behavior\ShowPageTraceBehavior [ RunTime:0.000773s ]
INFO: [ app_end ] --END-- [ RunTime:0.000831s ]

[ 2016-09-17T11:06:03+08:00 ] 127.0.0.1 /Admin/menu/index.html
INFO: [ app_init ] --START--
INFO: Run Behavior\BuildLiteBehavior [ RunTime:0.000015s ]
INFO: [ app_init ] --END-- [ RunTime:0.000390s ]
INFO: [ app_begin ] --START--
INFO: Run Behavior\ReadHtmlCacheBehavior [ RunTime:0.000579s ]
INFO: [ app_begin ] --END-- [ RunTime:0.000626s ]
SQL: SHOW COLUMNS FROM `ec_auth_group` [ RunTime:0.0021s ]
NOTIC: [2048] Declaration of Admin\Model\AuthGroupModel::add() should be compatible with Think\Model::add($data = '', $options = Array, $replace = false) E:\Program\tptest.com\Application\Admin\Model\AuthGroupModel.class.php 第 16 行.
SQL: SHOW COLUMNS FROM `ec_auth_group` [ RunTime:0.0020s ]
SQL: SELECT * FROM `ec_auth_group` WHERE ( status=1 )  [ RunTime:0.0004s ]
NOTIC: [8] Use of undefined constant result_num - assumed 'result_num' E:\Program\tptest.com\Application\Admin\Common\function.php 第 7 行.
INFO: [ view_parse ] --START--
INFO: [ template_filter ] --START--
INFO: Run Behavior\ContentReplaceBehavior [ RunTime:0.000062s ]
INFO: [ template_filter ] --END-- [ RunTime:0.000098s ]
INFO: Run Behavior\ParseTemplateBehavior [ RunTime:0.007775s ]
INFO: [ view_parse ] --END-- [ RunTime:0.007815s ]
INFO: [ view_filter ] --START--
INFO: Run Behavior\WriteHtmlCacheBehavior [ RunTime:0.000183s ]
INFO: [ view_filter ] --END-- [ RunTime:0.000208s ]
INFO: [ app_end ] --START--
INFO: Run Behavior\ShowPageTraceBehavior [ RunTime:0.000419s ]
INFO: [ app_end ] --END-- [ RunTime:0.000454s ]

[ 2016-09-17T11:06:05+08:00 ] 127.0.0.1 /Admin/menu/index.html
INFO: [ app_init ] --START--
INFO: Run Behavior\BuildLiteBehavior [ RunTime:0.000016s ]
INFO: [ app_init ] --END-- [ RunTime:0.000483s ]
INFO: [ app_begin ] --START--
INFO: Run Behavior\ReadHtmlCacheBehavior [ RunTime:0.000700s ]
INFO: [ app_begin ] --END-- [ RunTime:0.000761s ]
SQL: SHOW COLUMNS FROM `ec_auth_group` [ RunTime:0.0023s ]
NOTIC: [2048] Declaration of Admin\Model\AuthGroupModel::add() should be compatible with Think\Model::add($data = '', $options = Array, $replace = false) E:\Program\tptest.com\Application\Admin\Model\AuthGroupModel.class.php 第 16 行.
SQL: SHOW COLUMNS FROM `ec_auth_group` [ RunTime:0.0021s ]
SQL: SELECT * FROM `ec_auth_group` WHERE ( status=1 )  [ RunTime:0.0003s ]
NOTIC: [8] Use of undefined constant result_num - assumed 'result_num' E:\Program\tptest.com\Application\Admin\Common\function.php 第 7 行.
INFO: [ view_parse ] --START--
INFO: [ template_filter ] --START--
INFO: Run Behavior\ContentReplaceBehavior [ RunTime:0.000061s ]
INFO: [ template_filter ] --END-- [ RunTime:0.000092s ]
INFO: Run Behavior\ParseTemplateBehavior [ RunTime:0.007625s ]
INFO: [ view_parse ] --END-- [ RunTime:0.007668s ]
INFO: [ view_filter ] --START--
INFO: Run Behavior\WriteHtmlCacheBehavior [ RunTime:0.000171s ]
INFO: [ view_filter ] --END-- [ RunTime:0.000195s ]
INFO: [ app_end ] --START--
INFO: Run Behavior\ShowPageTraceBehavior [ RunTime:0.000397s ]
INFO: [ app_end ] --END-- [ RunTime:0.000426s ]

[ 2016-09-17T11:07:18+08:00 ] 127.0.0.1 /Admin/menu/index.html
INFO: [ app_init ] --START--
INFO: Run Behavior\BuildLiteBehavior [ RunTime:0.000023s ]
INFO: [ app_init ] --END-- [ RunTime:0.000557s ]
INFO: [ app_begin ] --START--
INFO: Run Behavior\ReadHtmlCacheBehavior [ RunTime:0.000851s ]
INFO: [ app_begin ] --END-- [ RunTime:0.000911s ]
SQL: SHOW COLUMNS FROM `ec_auth_group` [ RunTime:0.0022s ]
NOTIC: [2048] Declaration of Admin\Model\AuthGroupModel::add() should be compatible with Think\Model::add($data = '', $options = Array, $replace = false) E:\Program\tptest.com\Application\Admin\Model\AuthGroupModel.class.php 第 16 行.
SQL: SHOW COLUMNS FROM `ec_auth_group` [ RunTime:0.0021s ]
SQL: SELECT * FROM `ec_auth_group` WHERE ( status=1 )  [ RunTime:0.0004s ]
NOTIC: [8] Use of undefined constant result_num - assumed 'result_num' E:\Program\tptest.com\Application\Admin\Common\function.php 第 7 行.
INFO: [ view_parse ] --START--
INFO: [ template_filter ] --START--
INFO: Run Behavior\ContentReplaceBehavior [ RunTime:0.000104s ]
INFO: [ template_filter ] --END-- [ RunTime:0.000161s ]
INFO: Run Behavior\ParseTemplateBehavior [ RunTime:0.010588s ]
INFO: [ view_parse ] --END-- [ RunTime:0.010642s ]
INFO: [ view_filter ] --START--
INFO: Run Behavior\WriteHtmlCacheBehavior [ RunTime:0.000394s ]
INFO: [ view_filter ] --END-- [ RunTime:0.000433s ]
INFO: [ app_end ] --START--
INFO: Run Behavior\ShowPageTraceBehavior [ RunTime:0.000831s ]
INFO: [ app_end ] --END-- [ RunTime:0.000884s ]

[ 2016-09-17T11:07:39+08:00 ] 127.0.0.1 /Admin/menu/index.html
INFO: [ app_init ] --START--
INFO: Run Behavior\BuildLiteBehavior [ RunTime:0.000021s ]
INFO: [ app_init ] --END-- [ RunTime:0.000460s ]
INFO: [ app_begin ] --START--
INFO: Run Behavior\ReadHtmlCacheBehavior [ RunTime:0.000589s ]
INFO: [ app_begin ] --END-- [ RunTime:0.000657s ]
SQL: SHOW COLUMNS FROM `ec_auth_group` [ RunTime:0.0026s ]
NOTIC: [2048] Declaration of Admin\Model\AuthGroupModel::add() should be compatible with Think\Model::add($data = '', $options = Array, $replace = false) E:\Program\tptest.com\Application\Admin\Model\AuthGroupModel.class.php 第 16 行.
SQL: SHOW COLUMNS FROM `ec_auth_group` [ RunTime:0.0026s ]
SQL: SELECT * FROM `ec_auth_group` WHERE ( status=1 )  [ RunTime:0.0006s ]
INFO: [ view_parse ] --START--
INFO: [ template_filter ] --START--
INFO: Run Behavior\ContentReplaceBehavior [ RunTime:0.000068s ]
INFO: [ template_filter ] --END-- [ RunTime:0.000110s ]
INFO: Run Behavior\ParseTemplateBehavior [ RunTime:0.009496s ]
INFO: [ view_parse ] --END-- [ RunTime:0.009561s ]
INFO: [ view_filter ] --START--
INFO: Run Behavior\WriteHtmlCacheBehavior [ RunTime:0.000245s ]
INFO: [ view_filter ] --END-- [ RunTime:0.000282s ]
INFO: [ app_end ] --START--
INFO: Run Behavior\ShowPageTraceBehavior [ RunTime:0.000595s ]
INFO: [ app_end ] --END-- [ RunTime:0.000650s ]

[ 2016-09-17T11:08:04+08:00 ] 127.0.0.1 /Admin/menu/index.html
INFO: [ app_init ] --START--
INFO: Run Behavior\BuildLiteBehavior [ RunTime:0.000016s ]
INFO: [ app_init ] --END-- [ RunTime:0.000529s ]
INFO: [ app_begin ] --START--
INFO: Run Behavior\ReadHtmlCacheBehavior [ RunTime:0.000657s ]
INFO: [ app_begin ] --END-- [ RunTime:0.000719s ]
SQL: SHOW COLUMNS FROM `ec_auth_group` [ RunTime:0.0021s ]
NOTIC: [2048] Declaration of Admin\Model\AuthGroupModel::add() should be compatible with Think\Model::add($data = '', $options = Array, $replace = false) E:\Program\tptest.com\Application\Admin\Model\AuthGroupModel.class.php 第 16 行.
SQL: SHOW COLUMNS FROM `ec_auth_group` [ RunTime:0.0018s ]
SQL: SELECT * FROM `ec_auth_group` WHERE ( status=1 )  [ RunTime:0.0003s ]
INFO: [ view_parse ] --START--
INFO: [ template_filter ] --START--
INFO: Run Behavior\ContentReplaceBehavior [ RunTime:0.000057s ]
INFO: [ template_filter ] --END-- [ RunTime:0.000089s ]
INFO: Run Behavior\ParseTemplateBehavior [ RunTime:0.007797s ]
INFO: [ view_parse ] --END-- [ RunTime:0.007863s ]
INFO: [ view_filter ] --START--
INFO: Run Behavior\WriteHtmlCacheBehavior [ RunTime:0.000166s ]
INFO: [ view_filter ] --END-- [ RunTime:0.000190s ]
INFO: [ app_end ] --START--
INFO: Run Behavior\ShowPageTraceBehavior [ RunTime:0.000411s ]
INFO: [ app_end ] --END-- [ RunTime:0.000442s ]

[ 2016-09-17T11:13:14+08:00 ] 127.0.0.1 /Admin/menu/index.html
INFO: [ app_init ] --START--
INFO: Run Behavior\BuildLiteBehavior [ RunTime:0.000016s ]
INFO: [ app_init ] --END-- [ RunTime:0.000626s ]
INFO: [ app_begin ] --START--
INFO: Run Behavior\ReadHtmlCacheBehavior [ RunTime:0.000985s ]
INFO: [ app_begin ] --END-- [ RunTime:0.001078s ]
SQL: SHOW COLUMNS FROM `ec_auth_group` [ RunTime:0.0022s ]
NOTIC: [2048] Declaration of Admin\Model\AuthGroupModel::add() should be compatible with Think\Model::add($data = '', $options = Array, $replace = false) E:\Program\tptest.com\Application\Admin\Model\AuthGroupModel.class.php 第 16 行.
SQL: SHOW COLUMNS FROM `ec_auth_group` [ RunTime:0.0018s ]
SQL: SELECT * FROM `ec_auth_group` WHERE ( status=1 )  [ RunTime:0.0003s ]
INFO: [ view_parse ] --START--
INFO: [ template_filter ] --START--
INFO: Run Behavior\ContentReplaceBehavior [ RunTime:0.000075s ]
INFO: [ template_filter ] --END-- [ RunTime:0.000115s ]
INFO: Run Behavior\ParseTemplateBehavior [ RunTime:0.008549s ]
INFO: [ view_parse ] --END-- [ RunTime:0.008608s ]
INFO: [ view_filter ] --START--
INFO: Run Behavior\WriteHtmlCacheBehavior [ RunTime:0.000264s ]
INFO: [ view_filter ] --END-- [ RunTime:0.000299s ]
INFO: [ app_end ] --START--
INFO: Run Behavior\ShowPageTraceBehavior [ RunTime:0.000482s ]
INFO: [ app_end ] --END-- [ RunTime:0.000511s ]

[ 2016-09-17T12:45:23+08:00 ] 127.0.0.1 /Admin/menu/fontawesome.html
INFO: [ app_init ] --START--
INFO: Run Behavior\BuildLiteBehavior [ RunTime:0.000008s ]
INFO: [ app_init ] --END-- [ RunTime:0.000295s ]
INFO: [ app_begin ] --START--
INFO: Run Behavior\ReadHtmlCacheBehavior [ RunTime:0.000489s ]
INFO: [ app_begin ] --END-- [ RunTime:0.000521s ]
ERR: 非法操作:fontawesome

[ 2016-09-17T12:46:45+08:00 ] 127.0.0.1 /Admin/menu/index.html
INFO: [ app_init ] --START--
INFO: Run Behavior\BuildLiteBehavior [ RunTime:0.000015s ]
INFO: [ app_init ] --END-- [ RunTime:0.000487s ]
INFO: [ app_begin ] --START--
INFO: Run Behavior\ReadHtmlCacheBehavior [ RunTime:0.000649s ]
INFO: [ app_begin ] --END-- [ RunTime:0.000709s ]
SQL: SHOW COLUMNS FROM `ec_auth_group` [ RunTime:0.0025s ]
NOTIC: [2048] Declaration of Admin\Model\AuthGroupModel::add() should be compatible with Think\Model::add($data = '', $options = Array, $replace = false) E:\Program\tptest.com\Application\Admin\Model\AuthGroupModel.class.php 第 16 行.
SQL: SHOW COLUMNS FROM `ec_auth_group` [ RunTime:0.0018s ]
SQL: SELECT * FROM `ec_auth_group` WHERE ( status=1 )  [ RunTime:0.0003s ]
INFO: [ view_parse ] --START--
INFO: [ template_filter ] --START--
INFO: Run Behavior\ContentReplaceBehavior [ RunTime:0.000057s ]
INFO: [ template_filter ] --END-- [ RunTime:0.000087s ]
INFO: Run Behavior\ParseTemplateBehavior [ RunTime:0.008314s ]
INFO: [ view_parse ] --END-- [ RunTime:0.008357s ]
INFO: [ view_filter ] --START--
INFO: Run Behavior\WriteHtmlCacheBehavior [ RunTime:0.000292s ]
INFO: [ view_filter ] --END-- [ RunTime:0.000330s ]
INFO: [ app_end ] --START--
INFO: Run Behavior\ShowPageTraceBehavior [ RunTime:0.000568s ]
INFO: [ app_end ] --END-- [ RunTime:0.000603s ]

[ 2016-09-17T12:46:46+08:00 ] 127.0.0.1 /Admin/menu/index.html
INFO: [ app_init ] --START--
INFO: Run Behavior\BuildLiteBehavior [ RunTime:0.000016s ]
INFO: [ app_init ] --END-- [ RunTime:0.000392s ]
INFO: [ app_begin ] --START--
INFO: Run Behavior\ReadHtmlCacheBehavior [ RunTime:0.000685s ]
INFO: [ app_begin ] --END-- [ RunTime:0.000762s ]
SQL: SHOW COLUMNS FROM `ec_auth_group` [ RunTime:0.0024s ]
NOTIC: [2048] Declaration of Admin\Model\AuthGroupModel::add() should be compatible with Think\Model::add($data = '', $options = Array, $replace = false) E:\Program\tptest.com\Application\Admin\Model\AuthGroupModel.class.php 第 16 行.
SQL: SHOW COLUMNS FROM `ec_auth_group` [ RunTime:0.0023s ]
SQL: SELECT * FROM `ec_auth_group` WHERE ( status=1 )  [ RunTime:0.0004s ]
INFO: [ view_parse ] --START--
INFO: [ template_filter ] --START--
INFO: Run Behavior\ContentReplaceBehavior [ RunTime:0.000078s ]
INFO: [ template_filter ] --END-- [ RunTime:0.000138s ]
INFO: Run Behavior\ParseTemplateBehavior [ RunTime:0.008995s ]
INFO: [ view_parse ] --END-- [ RunTime:0.009062s ]
INFO: [ view_filter ] --START--
INFO: Run Behavior\WriteHtmlCacheBehavior [ RunTime:0.000334s ]
INFO: [ view_filter ] --END-- [ RunTime:0.000362s ]
INFO: [ app_end ] --START--
INFO: Run Behavior\ShowPageTraceBehavior [ RunTime:0.000524s ]
INFO: [ app_end ] --END-- [ RunTime:0.000558s ]

[ 2016-09-17T12:46:47+08:00 ] 127.0.0.1 /Admin/menu/index.html
INFO: [ app_init ] --START--
INFO: Run Behavior\BuildLiteBehavior [ RunTime:0.000015s ]
INFO: [ app_init ] --END-- [ RunTime:0.000433s ]
INFO: [ app_begin ] --START--
INFO: Run Behavior\ReadHtmlCacheBehavior [ RunTime:0.000619s ]
INFO: [ app_begin ] --END-- [ RunTime:0.000672s ]
SQL: SHOW COLUMNS FROM `ec_auth_group` [ RunTime:0.0022s ]
NOTIC: [2048] Declaration of Admin\Model\AuthGroupModel::add() should be compatible with Think\Model::add($data = '', $options = Array, $replace = false) E:\Program\tptest.com\Application\Admin\Model\AuthGroupModel.class.php 第 16 行.
SQL: SHOW COLUMNS FROM `ec_auth_group` [ RunTime:0.0020s ]
SQL: SELECT * FROM `ec_auth_group` WHERE ( status=1 )  [ RunTime:0.0003s ]
INFO: [ view_parse ] --START--
INFO: [ template_filter ] --START--
INFO: Run Behavior\ContentReplaceBehavior [ RunTime:0.000056s ]
INFO: [ template_filter ] --END-- [ RunTime:0.000084s ]
INFO: Run Behavior\ParseTemplateBehavior [ RunTime:0.007374s ]
INFO: [ view_parse ] --END-- [ RunTime:0.007414s ]
INFO: [ view_filter ] --START--
INFO: Run Behavior\WriteHtmlCacheBehavior [ RunTime:0.000163s ]
INFO: [ view_filter ] --END-- [ RunTime:0.000187s ]
INFO: [ app_end ] --START--
INFO: Run Behavior\ShowPageTraceBehavior [ RunTime:0.000386s ]
INFO: [ app_end ] --END-- [ RunTime:0.000415s ]

[ 2016-09-17T12:46:48+08:00 ] 127.0.0.1 /Admin/menu/index.html
INFO: [ app_init ] --START--
INFO: Run Behavior\BuildLiteBehavior [ RunTime:0.000012s ]
INFO: [ app_init ] --END-- [ RunTime:0.000341s ]
INFO: [ app_begin ] --START--
INFO: Run Behavior\ReadHtmlCacheBehavior [ RunTime:0.000542s ]
INFO: [ app_begin ] --END-- [ RunTime:0.000585s ]
SQL: SHOW COLUMNS FROM `ec_auth_group` [ RunTime:0.0025s ]
NOTIC: [2048] Declaration of Admin\Model\AuthGroupModel::add() should be compatible with Think\Model::add($data = '', $options = Array, $replace = false) E:\Program\tptest.com\Application\Admin\Model\AuthGroupModel.class.php 第 16 行.
SQL: SHOW COLUMNS FROM `ec_auth_group` [ RunTime:0.0017s ]
SQL: SELECT * FROM `ec_auth_group` WHERE ( status=1 )  [ RunTime:0.0002s ]
INFO: [ view_parse ] --START--
INFO: [ template_filter ] --START--
INFO: Run Behavior\ContentReplaceBehavior [ RunTime:0.000056s ]
INFO: [ template_filter ] --END-- [ RunTime:0.000084s ]
INFO: Run Behavior\ParseTemplateBehavior [ RunTime:0.008116s ]
INFO: [ view_parse ] --END-- [ RunTime:0.008157s ]
INFO: [ view_filter ] --START--
INFO: Run Behavior\WriteHtmlCacheBehavior [ RunTime:0.000284s ]
INFO: [ view_filter ] --END-- [ RunTime:0.000318s ]
INFO: [ app_end ] --START--
INFO: Run Behavior\ShowPageTraceBehavior [ RunTime:0.000536s ]
INFO: [ app_end ] --END-- [ RunTime:0.000567s ]

[ 2016-09-17T12:46:49+08:00 ] 127.0.0.1 /Admin/menu/index.html
INFO: [ app_init ] --START--
INFO: Run Behavior\BuildLiteBehavior [ RunTime:0.000015s ]
INFO: [ app_init ] --END-- [ RunTime:0.000504s ]
INFO: [ app_begin ] --START--
INFO: Run Behavior\ReadHtmlCacheBehavior [ RunTime:0.000853s ]
INFO: [ app_begin ] --END-- [ RunTime:0.000909s ]
SQL: SHOW COLUMNS FROM `ec_auth_group` [ RunTime:0.0026s ]
NOTIC: [2048] Declaration of Admin\Model\AuthGroupModel::add() should be compatible with Think\Model::add($data = '', $options = Array, $replace = false) E:\Program\tptest.com\Application\Admin\Model\AuthGroupModel.class.php 第 16 行.
SQL: SHOW COLUMNS FROM `ec_auth_group` [ RunTime:0.0022s ]
SQL: SELECT * FROM `ec_auth_group` WHERE ( status=1 )  [ RunTime:0.0004s ]
INFO: [ view_parse ] --START--
INFO: [ template_filter ] --START--
INFO: Run Behavior\ContentReplaceBehavior [ RunTime:0.000060s ]
INFO: [ template_filter ] --END-- [ RunTime:0.000091s ]
INFO: Run Behavior\ParseTemplateBehavior [ RunTime:0.008292s ]
INFO: [ view_parse ] --END-- [ RunTime:0.008336s ]
INFO: [ view_filter ] --START--
INFO: Run Behavior\WriteHtmlCacheBehavior [ RunTime:0.000264s ]
INFO: [ view_filter ] --END-- [ RunTime:0.000299s ]
INFO: [ app_end ] --START--
INFO: Run Behavior\ShowPageTraceBehavior [ RunTime:0.000478s ]
INFO: [ app_end ] --END-- [ RunTime:0.000507s ]

[ 2016-09-17T12:47:27+08:00 ] 127.0.0.1 /Admin/menu/tree_view.html
INFO: [ app_init ] --START--
INFO: Run Behavior\BuildLiteBehavior [ RunTime:0.000016s ]
INFO: [ app_init ] --END-- [ RunTime:0.000476s ]
INFO: [ app_begin ] --START--
INFO: Run Behavior\ReadHtmlCacheBehavior [ RunTime:0.000693s ]
INFO: [ app_begin ] --END-- [ RunTime:0.000752s ]
ERR: 非法操作:tree_view

